<?xml version="1.0" encoding="UTF-8"?>
<coverage generated="1788714150048" clover="3.2.0">
  <project timestamp="1788714150048" name="All files">
    <metrics statements="3735" coveredstatements="3580" conditionals="827" coveredconditionals="647" methods="126" coveredmethods="102" elements="4688" coveredelements="4329" complexity="0" loc="3735" ncloc="3735" packages="3" files="19" classes="19"/>
    <package name="app">
      <metrics statements="1107" coveredstatements="1080" conditionals="407" coveredconditionals="349" methods="50" coveredmethods="50"/>
      <file name="App.tsx" path="D:\Windows\Documents\ACoding\iGEMerDB\OIerDb\src\app\App.tsx">
        <metrics statements="55" coveredstatements="55" conditionals="1" coveredconditionals="1" methods="1" coveredmethods="1"/>
        <line num="1" count="1" type="stmt"/>
        <line num="2" count="1" type="stmt"/>
        <line num="3" count="1" type="stmt"/>
        <line num="9" count="1" type="stmt"/>
        <line num="10" count="1" type="stmt"/>
        <line num="11" count="1" type="stmt"/>
        <line num="12" count="1" type="stmt"/>
        <line num="13" count="1" type="stmt"/>
        <line num="14" count="1" type="stmt"/>
        <line num="15" count="1" type="stmt"/>
        <line num="16" count="1" type="stmt"/>
        <line num="17" count="1" type="stmt"/>
        <line num="18" count="1" type="stmt"/>
        <line num="19" count="1" type="stmt"/>
        <line num="21" count="1" type="cond" truecount="1" falsecount="0"/>
        <line num="22" count="4" type="stmt"/>
        <line num="23" count="4" type="stmt"/>
        <line num="24" count="4" type="stmt"/>
        <line num="25" count="4" type="stmt"/>
        <line num="26" count="4" type="stmt"/>
        <line num="27" count="4" type="stmt"/>
        <line num="28" count="4" type="stmt"/>
        <line num="29" count="4" type="stmt"/>
        <line num="30" count="4" type="stmt"/>
        <line num="31" count="4" type="stmt"/>
        <line num="32" count="4" type="stmt"/>
        <line num="33" count="4" type="stmt"/>
        <line num="35" count="4" type="stmt"/>
        <line num="36" count="4" type="stmt"/>
        <line num="37" count="4" type="stmt"/>
        <line num="38" count="4" type="stmt"/>
        <line num="39" count="4" type="stmt"/>
        <line num="40" count="4" type="stmt"/>
        <line num="41" count="4" type="stmt"/>
        <line num="43" count="4" type="stmt"/>
        <line num="44" count="4" type="stmt"/>
        <line num="45" count="4" type="stmt"/>
        <line num="46" count="4" type="stmt"/>
        <line num="47" count="4" type="stmt"/>
        <line num="48" count="4" type="stmt"/>
        <line num="49" count="4" type="stmt"/>
        <line num="51" count="4" type="stmt"/>
        <line num="52" count="4" type="stmt"/>
        <line num="53" count="4" type="stmt"/>
        <line num="54" count="4" type="stmt"/>
        <line num="55" count="4" type="stmt"/>
        <line num="56" count="4" type="stmt"/>
        <line num="57" count="4" type="stmt"/>
        <line num="58" count="4" type="stmt"/>
        <line num="59" count="4" type="stmt"/>
        <line num="60" count="4" type="stmt"/>
        <line num="61" count="4" type="stmt"/>
        <line num="62" count="4" type="stmt"/>
        <line num="63" count="4" type="stmt"/>
        <line num="65" count="4" type="stmt"/>
      </file>
      <file name="data.ts" path="D:\Windows\Documents\ACoding\iGEMerDB\OIerDb\src\app\data.ts">
        <metrics statements="696" coveredstatements="675" conditionals="309" coveredconditionals="266" methods="18" coveredmethods="18"/>
        <line num="16" count="1" type="cond" truecount="1" falsecount="0"/>
        <line num="17" count="93583" type="cond" truecount="1" falsecount="0"/>
        <line num="18" count="93583" type="stmt"/>
        <line num="19" count="93583" type="stmt"/>
        <line num="20" count="93583" type="stmt"/>
        <line num="21" count="93583" type="stmt"/>
        <line num="22" count="93583" type="stmt"/>
        <line num="23" count="93583" type="stmt"/>
        <line num="24" count="93583" type="stmt"/>
        <line num="26" count="1" type="stmt"/>
        <line num="28" count="1" type="stmt"/>
        <line num="29" count="1" type="stmt"/>
        <line num="30" count="1" type="stmt"/>
        <line num="31" count="1" type="stmt"/>
        <line num="32" count="1" type="stmt"/>
        <line num="33" count="1" type="stmt"/>
        <line num="34" count="1" type="stmt"/>
        <line num="35" count="1" type="stmt"/>
        <line num="36" count="1" type="stmt"/>
        <line num="37" count="1" type="stmt"/>
        <line num="38" count="1" type="stmt"/>
        <line num="39" count="1" type="stmt"/>
        <line num="40" count="1" type="stmt"/>
        <line num="41" count="1" type="stmt"/>
        <line num="42" count="1" type="stmt"/>
        <line num="43" count="1" type="stmt"/>
        <line num="44" count="1" type="stmt"/>
        <line num="45" count="1" type="stmt"/>
        <line num="46" count="1" type="stmt"/>
        <line num="47" count="1" type="stmt"/>
        <line num="48" count="1" type="stmt"/>
        <line num="49" count="1" type="stmt"/>
        <line num="50" count="1" type="stmt"/>
        <line num="51" count="1" type="stmt"/>
        <line num="52" count="1" type="stmt"/>
        <line num="53" count="1" type="stmt"/>
        <line num="54" count="1" type="stmt"/>
        <line num="55" count="1" type="stmt"/>
        <line num="56" count="1" type="stmt"/>
        <line num="57" count="1" type="stmt"/>
        <line num="58" count="1" type="stmt"/>
        <line num="59" count="1" type="stmt"/>
        <line num="60" count="1" type="stmt"/>
        <line num="62" count="1" type="cond" truecount="1" falsecount="0"/>
        <line num="63" count="4618" type="stmt"/>
        <line num="64" count="4618" type="cond" truecount="1" falsecount="0"/>
        <line num="65" count="4618" type="stmt"/>
        <line num="66" count="4618" type="stmt"/>
        <line num="67" count="4618" type="cond" truecount="1" falsecount="0"/>
        <line num="69" count="4618" type="stmt"/>
        <line num="71" count="1" type="cond" truecount="1" falsecount="0"/>
        <line num="72" count="34677" type="stmt"/>
        <line num="73" count="34677" type="stmt"/>
        <line num="76" count="34677" type="stmt"/>
        <line num="77" count="34677" type="stmt"/>
        <line num="79" count="1" type="cond" truecount="1" falsecount="0"/>
        <line num="80" count="20778" type="stmt"/>
        <line num="81" count="20778" type="stmt"/>
        <line num="82" count="20778" type="stmt"/>
        <line num="83" count="20778" type="cond" truecount="3" falsecount="0"/>
        <line num="84" count="20778" type="cond" truecount="1" falsecount="1"/>
        <line num="85" count="20778" type="cond" truecount="1" falsecount="0"/>
        <line num="86" count="20778" type="cond" truecount="2" falsecount="0"/>
        <line num="88" count="16679" type="stmt"/>
        <line num="89" count="16679" type="stmt"/>
        <line num="90" count="16679" type="cond" truecount="2" falsecount="0"/>
        <line num="91" count="16679" type="stmt"/>
        <line num="92" count="16679" type="stmt"/>
        <line num="93" count="16679" type="stmt"/>
        <line num="95" count="20778" type="stmt"/>
        <line num="97" count="13868" type="cond" truecount="1" falsecount="0"/>
        <line num="98" count="13868" type="stmt"/>
        <line num="99" count="13868" type="stmt"/>
        <line num="101" count="5030" type="cond" truecount="1" falsecount="0"/>
        <line num="102" count="5030" type="stmt"/>
        <line num="106" count="5030" type="stmt"/>
        <line num="107" count="5030" type="cond" truecount="1" falsecount="1"/>
        <line num="108" count="5030" type="stmt"/>
        <line num="109" count="5030" type="cond" truecount="0" falsecount="1"/>
        <line num="111" count="5030" type="stmt"/>
        <line num="112" count="5030" type="stmt"/>
        <line num="113" count="5030" type="cond" truecount="2" falsecount="0"/>
        <line num="114" count="4959" type="stmt"/>
        <line num="115" count="5030" type="cond" truecount="1" falsecount="0"/>
        <line num="116" count="5030" type="stmt"/>
        <line num="117" count="5030" type="cond" truecount="2" falsecount="0"/>
        <line num="118" count="5030" type="cond" truecount="1" falsecount="0"/>
        <line num="119" count="5030" type="stmt"/>
        <line num="120" count="5030" type="stmt"/>
        <line num="122" count="17773" type="cond" truecount="1" falsecount="0"/>
        <line num="123" count="17773" type="stmt"/>
        <line num="124" count="17773" type="stmt"/>
        <line num="125" count="17773" type="stmt"/>
        <line num="126" count="17773" type="stmt"/>
        <line num="127" count="17773" type="stmt"/>
        <line num="128" count="17773" type="cond" truecount="2" falsecount="0"/>
        <line num="129" count="17773" type="stmt"/>
        <line num="130" count="17773" type="stmt"/>
        <line num="134" count="17773" type="stmt"/>
        <line num="135" count="17773" type="cond" truecount="1" falsecount="0"/>
        <line num="136" count="2" type="cond" truecount="1" falsecount="0"/>
        <line num="137" count="2" type="cond" truecount="0" falsecount="1"/>
        <line num="138" count="17773" type="cond" truecount="1" falsecount="0"/>
        <line num="139" count="2" type="stmt"/>
        <line num="140" count="2" type="cond" truecount="1" falsecount="0"/>
        <line num="142" count="17771" type="stmt"/>
        <line num="143" count="17771" type="stmt"/>
        <line num="144" count="17771" type="stmt"/>
        <line num="145" count="17771" type="stmt"/>
        <line num="146" count="17771" type="stmt"/>
        <line num="147" count="17771" type="stmt"/>
        <line num="148" count="17771" type="stmt"/>
        <line num="149" count="17771" type="stmt"/>
        <line num="150" count="17771" type="stmt"/>
        <line num="151" count="17771" type="stmt"/>
        <line num="152" count="17773" type="cond" truecount="2" falsecount="0"/>
        <line num="154" count="1" type="stmt"/>
        <line num="155" count="1" type="stmt"/>
        <line num="156" count="1" type="stmt"/>
        <line num="157" count="1" type="stmt"/>
        <line num="158" count="1" type="stmt"/>
        <line num="159" count="1" type="stmt"/>
        <line num="160" count="1" type="stmt"/>
        <line num="161" count="1" type="stmt"/>
        <line num="162" count="1" type="stmt"/>
        <line num="163" count="1" type="stmt"/>
        <line num="164" count="1" type="cond" truecount="0" falsecount="1"/>
        <line num="165" count="17773" type="stmt"/>
        <line num="167" count="1069" type="cond" truecount="1" falsecount="0"/>
        <line num="168" count="1069" type="stmt"/>
        <line num="169" count="1069" type="stmt"/>
        <line num="170" count="1069" type="stmt"/>
        <line num="171" count="1069" type="stmt"/>
        <line num="172" count="1069" type="stmt"/>
        <line num="173" count="1069" type="stmt"/>
        <line num="174" count="1069" type="cond" truecount="1" falsecount="0"/>
        <line num="175" count="153" type="cond" truecount="1" falsecount="0"/>
        <line num="176" count="81" type="cond" truecount="1" falsecount="0"/>
        <line num="177" count="45" type="cond" truecount="1" falsecount="0"/>
        <line num="178" count="9" type="stmt"/>
        <line num="179" count="1069" type="cond" truecount="1" falsecount="0"/>
        <line num="180" count="1060" type="stmt"/>
        <line num="181" count="1060" type="cond" truecount="1" falsecount="0"/>
        <line num="182" count="9" type="stmt"/>
        <line num="183" count="9" type="stmt"/>
        <line num="184" count="9" type="stmt"/>
        <line num="185" count="9" type="cond" truecount="1" falsecount="0"/>
        <line num="186" count="9" type="stmt"/>
        <line num="187" count="1069" type="cond" truecount="1" falsecount="1"/>
        <line num="188" count="0" type="stmt"/>
        <line num="189" count="0" type="cond" truecount="1" falsecount="0"/>
        <line num="190" count="1069" type="cond" truecount="0" falsecount="1"/>
        <line num="191" count="1069" type="stmt"/>
        <line num="193" count="1" type="cond" truecount="1" falsecount="0"/>
        <line num="194" count="45" type="cond" truecount="2" falsecount="0"/>
        <line num="195" count="45" type="cond" truecount="1" falsecount="0"/>
        <line num="196" count="1069" type="stmt"/>
        <line num="197" count="1069" type="stmt"/>
        <line num="198" count="1069" type="stmt"/>
        <line num="199" count="1069" type="stmt"/>
        <line num="200" count="1069" type="stmt"/>
        <line num="201" count="1069" type="stmt"/>
        <line num="202" count="1069" type="stmt"/>
        <line num="203" count="1069" type="stmt"/>
        <line num="204" count="1069" type="stmt"/>
        <line num="205" count="1069" type="stmt"/>
        <line num="206" count="1069" type="stmt"/>
        <line num="207" count="1069" type="stmt"/>
        <line num="208" count="1069" type="stmt"/>
        <line num="209" count="1069" type="stmt"/>
        <line num="210" count="1069" type="cond" truecount="1" falsecount="0"/>
        <line num="211" count="9" type="stmt"/>
        <line num="212" count="9" type="cond" truecount="0" falsecount="1"/>
        <line num="213" count="0" type="stmt"/>
        <line num="214" count="1069" type="cond" truecount="2" falsecount="0"/>
        <line num="215" count="1069" type="cond" truecount="2" falsecount="0"/>
        <line num="216" count="1069" type="cond" truecount="2" falsecount="0"/>
        <line num="217" count="1069" type="stmt"/>
        <line num="218" count="1069" type="stmt"/>
        <line num="219" count="1069" type="cond" truecount="2" falsecount="0"/>
        <line num="220" count="1069" type="cond" truecount="1" falsecount="0"/>
        <line num="221" count="1069" type="cond" truecount="1" falsecount="0"/>
        <line num="222" count="1069" type="stmt"/>
        <line num="223" count="1069" type="stmt"/>
        <line num="224" count="1069" type="stmt"/>
        <line num="225" count="1069" type="cond" truecount="1" falsecount="0"/>
        <line num="226" count="1069" type="cond" truecount="1" falsecount="0"/>
        <line num="227" count="1069" type="cond" truecount="1" falsecount="0"/>
        <line num="228" count="1069" type="cond" truecount="1" falsecount="0"/>
        <line num="229" count="1069" type="cond" truecount="1" falsecount="0"/>
        <line num="230" count="1069" type="cond" truecount="1" falsecount="0"/>
        <line num="231" count="1069" type="cond" truecount="1" falsecount="0"/>
        <line num="232" count="1069" type="stmt"/>
        <line num="233" count="1069" type="stmt"/>
        <line num="234" count="1069" type="stmt"/>
        <line num="235" count="1069" type="stmt"/>
        <line num="236" count="1069" type="stmt"/>
        <line num="237" count="1069" type="stmt"/>
        <line num="238" count="1069" type="stmt"/>
        <line num="239" count="1069" type="stmt"/>
        <line num="240" count="1069" type="stmt"/>
        <line num="241" count="45" type="stmt"/>
        <line num="242" count="45" type="cond" truecount="1" falsecount="0"/>
        <line num="243" count="45" type="cond" truecount="1" falsecount="0"/>
        <line num="244" count="45" type="cond" truecount="1" falsecount="0"/>
        <line num="246" count="45" type="cond" truecount="1" falsecount="0"/>
        <line num="247" count="17295" type="stmt"/>
        <line num="248" count="17295" type="stmt"/>
        <line num="249" count="17295" type="cond" truecount="1" falsecount="0"/>
        <line num="250" count="17295" type="cond" truecount="2" falsecount="0"/>
        <line num="251" count="17295" type="cond" truecount="2" falsecount="0"/>
        <line num="252" count="17295" type="cond" truecount="2" falsecount="0"/>
        <line num="253" count="17295" type="cond" truecount="1" falsecount="0"/>
        <line num="254" count="17295" type="cond" truecount="1" falsecount="0"/>
        <line num="255" count="17295" type="cond" truecount="1" falsecount="0"/>
        <line num="256" count="17295" type="cond" truecount="1" falsecount="0"/>
        <line num="257" count="17295" type="stmt"/>
        <line num="258" count="17295" type="stmt"/>
        <line num="259" count="17295" type="stmt"/>
        <line num="260" count="17295" type="stmt"/>
        <line num="261" count="17295" type="stmt"/>
        <line num="262" count="17295" type="stmt"/>
        <line num="263" count="17295" type="stmt"/>
        <line num="264" count="17295" type="stmt"/>
        <line num="265" count="17295" type="stmt"/>
        <line num="266" count="17295" type="stmt"/>
        <line num="267" count="17295" type="stmt"/>
        <line num="268" count="45" type="stmt"/>
        <line num="269" count="45" type="cond" truecount="1" falsecount="0"/>
        <line num="270" count="45" type="cond" truecount="1" falsecount="0"/>
        <line num="272" count="45" type="cond" truecount="1" falsecount="0"/>
        <line num="273" count="18410" type="stmt"/>
        <line num="274" count="18410" type="stmt"/>
        <line num="275" count="18410" type="cond" truecount="4" falsecount="0"/>
        <line num="277" count="17773" type="stmt"/>
        <line num="278" count="17773" type="stmt"/>
        <line num="279" count="17773" type="stmt"/>
        <line num="280" count="17775" type="cond" truecount="1" falsecount="0"/>
        <line num="281" count="18410" type="stmt"/>
        <line num="282" count="18410" type="stmt"/>
        <line num="283" count="18410" type="stmt"/>
        <line num="284" count="18410" type="stmt"/>
        <line num="285" count="18410" type="stmt"/>
        <line num="286" count="18410" type="stmt"/>
        <line num="287" count="18410" type="cond" truecount="2" falsecount="0"/>
        <line num="288" count="18410" type="stmt"/>
        <line num="289" count="18410" type="cond" truecount="2" falsecount="0"/>
        <line num="290" count="18410" type="cond" truecount="2" falsecount="0"/>
        <line num="291" count="18410" type="stmt"/>
        <line num="292" count="18410" type="stmt"/>
        <line num="293" count="18410" type="stmt"/>
        <line num="294" count="18410" type="stmt"/>
        <line num="295" count="45" type="cond" truecount="1" falsecount="0"/>
        <line num="296" count="38" type="cond" truecount="1" falsecount="0"/>
        <line num="297" count="38" type="cond" truecount="1" falsecount="0"/>
        <line num="298" count="853" type="stmt"/>
        <line num="299" count="853" type="cond" truecount="1" falsecount="0"/>
        <line num="300" count="853" type="stmt"/>
        <line num="301" count="38" type="stmt"/>
        <line num="302" count="45" type="cond" truecount="1" falsecount="0"/>
        <line num="303" count="17295" type="cond" truecount="1" falsecount="0"/>
        <line num="304" count="17295" type="cond" truecount="2" falsecount="0"/>
        <line num="305" count="16692" type="stmt"/>
        <line num="306" count="16692" type="stmt"/>
        <line num="307" count="16692" type="stmt"/>
        <line num="308" count="45" type="cond" truecount="1" falsecount="0"/>
        <line num="309" count="38" type="cond" truecount="1" falsecount="0"/>
        <line num="310" count="17287" type="cond" truecount="1" falsecount="0"/>
        <line num="311" count="38" type="cond" truecount="1" falsecount="0"/>
        <line num="312" count="7" type="stmt"/>
        <line num="314" count="45" type="stmt"/>
        <line num="315" count="45" type="cond" truecount="2" falsecount="0"/>
        <line num="316" count="1981" type="stmt"/>
        <line num="317" count="1981" type="cond" truecount="2" falsecount="0"/>
        <line num="318" count="1927" type="stmt"/>
        <line num="319" count="1927" type="stmt"/>
        <line num="320" count="1927" type="stmt"/>
        <line num="321" count="1927" type="stmt"/>
        <line num="322" count="1927" type="stmt"/>
        <line num="323" count="1981" type="cond" truecount="1" falsecount="0"/>
        <line num="324" count="1981" type="cond" truecount="0" falsecount="1"/>
        <line num="325" count="1981" type="cond" truecount="1" falsecount="0"/>
        <line num="326" count="1981" type="cond" truecount="1" falsecount="0"/>
        <line num="327" count="1981" type="cond" truecount="1" falsecount="0"/>
        <line num="328" count="1981" type="stmt"/>
        <line num="329" count="1981" type="stmt"/>
        <line num="330" count="1981" type="cond" truecount="1" falsecount="0"/>
        <line num="331" count="1927" type="stmt"/>
        <line num="332" count="1927" type="cond" truecount="1" falsecount="0"/>
        <line num="333" count="1" type="cond" truecount="1" falsecount="0"/>
        <line num="334" count="1" type="stmt"/>
        <line num="335" count="1981" type="cond" truecount="1" falsecount="0"/>
        <line num="336" count="1" type="cond" truecount="0" falsecount="1"/>
        <line num="337" count="1" type="stmt"/>
        <line num="338" count="1981" type="stmt"/>
        <line num="340" count="45" type="stmt"/>
        <line num="341" count="45" type="stmt"/>
        <line num="342" count="45" type="stmt"/>
        <line num="343" count="45" type="stmt"/>
        <line num="344" count="45" type="stmt"/>
        <line num="345" count="45" type="stmt"/>
        <line num="347" count="45" type="cond" truecount="1" falsecount="0"/>
        <line num="348" count="1127" type="stmt"/>
        <line num="349" count="1127" type="stmt"/>
        <line num="350" count="1127" type="stmt"/>
        <line num="351" count="1127" type="cond" truecount="0" falsecount="1"/>
        <line num="352" count="1127" type="cond" truecount="0" falsecount="1"/>
        <line num="353" count="1127" type="cond" truecount="0" falsecount="1"/>
        <line num="354" count="1127" type="cond" truecount="0" falsecount="1"/>
        <line num="355" count="1127" type="stmt"/>
        <line num="356" count="1127" type="stmt"/>
        <line num="357" count="1127" type="stmt"/>
        <line num="358" count="1127" type="stmt"/>
        <line num="360" count="45" type="cond" truecount="1" falsecount="0"/>
        <line num="361" count="2098" type="stmt"/>
        <line num="362" count="2098" type="stmt"/>
        <line num="363" count="2098" type="stmt"/>
        <line num="364" count="2098" type="stmt"/>
        <line num="365" count="2098" type="cond" truecount="0" falsecount="1"/>
        <line num="366" count="2098" type="stmt"/>
        <line num="367" count="2098" type="stmt"/>
        <line num="368" count="2098" type="stmt"/>
        <line num="369" count="2098" type="cond" truecount="0" falsecount="1"/>
        <line num="370" count="0" type="stmt"/>
        <line num="371" count="2098" type="stmt"/>
        <line num="373" count="45" type="cond" truecount="1" falsecount="0"/>
        <line num="374" count="3832" type="stmt"/>
        <line num="375" count="3832" type="stmt"/>
        <line num="376" count="3832" type="stmt"/>
        <line num="377" count="3832" type="stmt"/>
        <line num="378" count="3832" type="stmt"/>
        <line num="379" count="3832" type="stmt"/>
        <line num="380" count="3832" type="stmt"/>
        <line num="381" count="3832" type="stmt"/>
        <line num="382" count="3832" type="stmt"/>
        <line num="383" count="3832" type="cond" truecount="0" falsecount="1"/>
        <line num="384" count="3832" type="cond" truecount="0" falsecount="1"/>
        <line num="385" count="3832" type="stmt"/>
        <line num="386" count="3832" type="stmt"/>
        <line num="387" count="3832" type="stmt"/>
        <line num="388" count="3832" type="stmt"/>
        <line num="389" count="3832" type="stmt"/>
        <line num="390" count="3832" type="stmt"/>
        <line num="391" count="3832" type="stmt"/>
        <line num="392" count="3832" type="stmt"/>
        <line num="393" count="3832" type="stmt"/>
        <line num="394" count="3832" type="stmt"/>
        <line num="396" count="45" type="cond" truecount="1" falsecount="0"/>
        <line num="397" count="2247" type="stmt"/>
        <line num="398" count="2247" type="stmt"/>
        <line num="399" count="2247" type="stmt"/>
        <line num="400" count="2247" type="cond" truecount="2" falsecount="0"/>
        <line num="402" count="2176" type="stmt"/>
        <line num="403" count="2176" type="stmt"/>
        <line num="404" count="2247" type="cond" truecount="0" falsecount="1"/>
        <line num="405" count="2247" type="cond" truecount="1" falsecount="0"/>
        <line num="406" count="1049" type="stmt"/>
        <line num="407" count="1049" type="cond" truecount="0" falsecount="1"/>
        <line num="408" count="0" type="stmt"/>
        <line num="409" count="0" type="stmt"/>
        <line num="410" count="0" type="stmt"/>
        <line num="411" count="2247" type="cond" truecount="1" falsecount="0"/>
        <line num="412" count="1127" type="stmt"/>
        <line num="413" count="1127" type="stmt"/>
        <line num="414" count="1127" type="stmt"/>
        <line num="415" count="1127" type="stmt"/>
        <line num="416" count="1127" type="cond" truecount="0" falsecount="1"/>
        <line num="417" count="0" type="stmt"/>
        <line num="418" count="0" type="stmt"/>
        <line num="419" count="0" type="stmt"/>
        <line num="420" count="0" type="stmt"/>
        <line num="421" count="0" type="stmt"/>
        <line num="422" count="0" type="stmt"/>
        <line num="423" count="0" type="stmt"/>
        <line num="424" count="0" type="stmt"/>
        <line num="425" count="0" type="stmt"/>
        <line num="426" count="0" type="stmt"/>
        <line num="427" count="0" type="stmt"/>
        <line num="428" count="0" type="stmt"/>
        <line num="429" count="1127" type="cond" truecount="1" falsecount="0"/>
        <line num="431" count="1049" type="stmt"/>
        <line num="432" count="1049" type="cond" truecount="0" falsecount="1"/>
        <line num="433" count="0" type="stmt"/>
        <line num="434" count="2247" type="stmt"/>
        <line num="435" count="2247" type="stmt"/>
        <line num="436" count="2247" type="stmt"/>
        <line num="437" count="2247" type="stmt"/>
        <line num="438" count="2247" type="cond" truecount="0" falsecount="1"/>
        <line num="439" count="2247" type="stmt"/>
        <line num="440" count="2247" type="cond" truecount="1" falsecount="1"/>
        <line num="441" count="0" type="cond" truecount="1" falsecount="0"/>
        <line num="442" count="1049" type="stmt"/>
        <line num="443" count="1049" type="stmt"/>
        <line num="444" count="1049" type="stmt"/>
        <line num="445" count="2247" type="stmt"/>
        <line num="447" count="45" type="cond" truecount="1" falsecount="1"/>
        <line num="449" count="45" type="cond" truecount="1" falsecount="0"/>
        <line num="450" count="1069" type="stmt"/>
        <line num="451" count="1069" type="cond" truecount="0" falsecount="1"/>
        <line num="452" count="1069" type="cond" truecount="2" falsecount="0"/>
        <line num="453" count="1162" type="cond" truecount="0" falsecount="3"/>
        <line num="454" count="1162" type="stmt"/>
        <line num="455" count="1162" type="cond" truecount="2" falsecount="0"/>
        <line num="456" count="1127" type="stmt"/>
        <line num="457" count="1162" type="cond" truecount="1" falsecount="0"/>
        <line num="458" count="1162" type="stmt"/>
        <line num="459" count="1069" type="stmt"/>
        <line num="461" count="45" type="cond" truecount="1" falsecount="0"/>
        <line num="462" count="15748" type="cond" truecount="2" falsecount="0"/>
        <line num="463" count="11720" type="stmt"/>
        <line num="464" count="11720" type="stmt"/>
        <line num="465" count="15748" type="cond" truecount="1" falsecount="0"/>
        <line num="466" count="2783" type="stmt"/>
        <line num="467" count="2783" type="stmt"/>
        <line num="468" count="2783" type="stmt"/>
        <line num="469" count="2783" type="stmt"/>
        <line num="470" count="2783" type="cond" truecount="0" falsecount="1"/>
        <line num="471" count="2783" type="stmt"/>
        <line num="472" count="2783" type="stmt"/>
        <line num="473" count="2783" type="stmt"/>
        <line num="474" count="2783" type="stmt"/>
        <line num="475" count="2783" type="stmt"/>
        <line num="476" count="2783" type="stmt"/>
        <line num="477" count="2783" type="stmt"/>
        <line num="478" count="2783" type="cond" truecount="1" falsecount="0"/>
        <line num="479" count="11720" type="stmt"/>
        <line num="480" count="11720" type="stmt"/>
        <line num="481" count="11720" type="stmt"/>
        <line num="483" count="45" type="cond" truecount="1" falsecount="0"/>
        <line num="484" count="45" type="stmt"/>
        <line num="485" count="45" type="cond" truecount="1" falsecount="0"/>
        <line num="486" count="3832" type="cond" truecount="1" falsecount="0"/>
        <line num="487" count="45" type="stmt"/>
        <line num="488" count="45" type="stmt"/>
        <line num="489" count="45" type="cond" truecount="1" falsecount="0"/>
        <line num="490" count="45" type="stmt"/>
        <line num="491" count="45" type="cond" truecount="1" falsecount="0"/>
        <line num="492" count="45" type="cond" truecount="1" falsecount="0"/>
        <line num="493" count="45" type="stmt"/>
        <line num="494" count="45" type="cond" truecount="1" falsecount="0"/>
        <line num="495" count="925" type="cond" truecount="1" falsecount="0"/>
        <line num="496" count="925" type="stmt"/>
        <line num="497" count="925" type="stmt"/>
        <line num="498" count="925" type="stmt"/>
        <line num="499" count="45" type="stmt"/>
        <line num="500" count="45" type="cond" truecount="3" falsecount="0"/>
        <line num="501" count="45" type="stmt"/>
        <line num="502" count="45" type="cond" truecount="2" falsecount="0"/>
        <line num="503" count="45" type="stmt"/>
        <line num="504" count="45" type="cond" truecount="1" falsecount="0"/>
        <line num="505" count="8" type="cond" truecount="1" falsecount="0"/>
        <line num="506" count="7" type="cond" truecount="0" falsecount="1"/>
        <line num="507" count="7" type="stmt"/>
        <line num="508" count="7" type="cond" truecount="0" falsecount="1"/>
        <line num="509" count="7" type="stmt"/>
        <line num="510" count="8" type="stmt"/>
        <line num="512" count="45" type="cond" truecount="1" falsecount="0"/>
        <line num="513" count="333" type="stmt"/>
        <line num="514" count="333" type="stmt"/>
        <line num="515" count="333" type="cond" truecount="1" falsecount="0"/>
        <line num="516" count="333" type="stmt"/>
        <line num="517" count="333" type="cond" truecount="1" falsecount="0"/>
        <line num="518" count="333" type="stmt"/>
        <line num="519" count="45" type="stmt"/>
        <line num="520" count="45" type="cond" truecount="1" falsecount="0"/>
        <line num="521" count="45" type="cond" truecount="1" falsecount="0"/>
        <line num="523" count="45" type="cond" truecount="1" falsecount="1"/>
        <line num="524" count="5112" type="stmt"/>
        <line num="525" count="45" type="stmt"/>
        <line num="526" count="45" type="cond" truecount="1" falsecount="0"/>
        <line num="527" count="45" type="stmt"/>
        <line num="528" count="45" type="cond" truecount="1" falsecount="0"/>
        <line num="529" count="45" type="stmt"/>
        <line num="530" count="45" type="stmt"/>
        <line num="531" count="45" type="stmt"/>
        <line num="532" count="45" type="cond" truecount="1" falsecount="0"/>
        <line num="533" count="3832" type="cond" truecount="1" falsecount="0"/>
        <line num="534" count="2783" type="stmt"/>
        <line num="535" count="45" type="stmt"/>
        <line num="536" count="45" type="cond" truecount="2" falsecount="0"/>
        <line num="538" count="45" type="stmt"/>
        <line num="539" count="45" type="stmt"/>
        <line num="540" count="45" type="stmt"/>
        <line num="541" count="45" type="stmt"/>
        <line num="542" count="45" type="stmt"/>
        <line num="543" count="45" type="stmt"/>
        <line num="544" count="45" type="stmt"/>
        <line num="545" count="45" type="stmt"/>
        <line num="546" count="45" type="cond" truecount="2" falsecount="0"/>
        <line num="547" count="45" type="cond" truecount="2" falsecount="0"/>
        <line num="548" count="45" type="stmt"/>
        <line num="549" count="45" type="cond" truecount="2" falsecount="0"/>
        <line num="550" count="45" type="cond" truecount="2" falsecount="0"/>
        <line num="551" count="45" type="stmt"/>
        <line num="552" count="45" type="stmt"/>
        <line num="553" count="45" type="cond" truecount="2" falsecount="1"/>
        <line num="554" count="45" type="stmt"/>
        <line num="555" count="45" type="cond" truecount="3" falsecount="2"/>
        <line num="556" count="45" type="cond" truecount="1" falsecount="0"/>
        <line num="557" count="44" type="cond" truecount="1" falsecount="0"/>
        <line num="558" count="1" type="stmt"/>
        <line num="559" count="1" type="cond" truecount="0" falsecount="2"/>
        <line num="560" count="1" type="cond" truecount="0" falsecount="1"/>
        <line num="561" count="1" type="stmt"/>
        <line num="562" count="1" type="stmt"/>
        <line num="563" count="45" type="cond" truecount="1" falsecount="0"/>
        <line num="564" count="45" type="stmt"/>
        <line num="565" count="45" type="cond" truecount="1" falsecount="0"/>
        <line num="566" count="45" type="stmt"/>
        <line num="567" count="45" type="stmt"/>
        <line num="568" count="45" type="cond" truecount="1" falsecount="0"/>
        <line num="569" count="45" type="stmt"/>
        <line num="570" count="45" type="stmt"/>
        <line num="571" count="45" type="cond" truecount="1" falsecount="0"/>
        <line num="572" count="45" type="stmt"/>
        <line num="573" count="45" type="stmt"/>
        <line num="574" count="45" type="cond" truecount="1" falsecount="0"/>
        <line num="575" count="45" type="stmt"/>
        <line num="576" count="45" type="cond" truecount="1" falsecount="0"/>
        <line num="577" count="39" type="cond" truecount="1" falsecount="0"/>
        <line num="578" count="6" type="cond" truecount="2" falsecount="0"/>
        <line num="579" count="45" type="cond" truecount="1" falsecount="0"/>
        <line num="580" count="38" type="stmt"/>
        <line num="581" count="38" type="cond" truecount="1" falsecount="0"/>
        <line num="582" count="18410" type="cond" truecount="1" falsecount="0"/>
        <line num="583" count="38" type="cond" truecount="1" falsecount="0"/>
        <line num="584" count="7" type="cond" truecount="2" falsecount="0"/>
        <line num="585" count="45" type="stmt"/>
        <line num="586" count="45" type="stmt"/>
        <line num="587" count="45" type="cond" truecount="1" falsecount="0"/>
        <line num="588" count="45" type="cond" truecount="1" falsecount="0"/>
        <line num="589" count="45" type="stmt"/>
        <line num="590" count="45" type="stmt"/>
        <line num="591" count="45" type="stmt"/>
        <line num="592" count="45" type="cond" truecount="1" falsecount="0"/>
        <line num="593" count="45" type="cond" truecount="1" falsecount="0"/>
        <line num="594" count="45" type="stmt"/>
        <line num="595" count="45" type="stmt"/>
        <line num="596" count="45" type="cond" truecount="1" falsecount="0"/>
        <line num="597" count="38" type="cond" truecount="1" falsecount="0"/>
        <line num="598" count="7" type="stmt"/>
        <line num="599" count="45" type="stmt"/>
        <line num="600" count="45" type="cond" truecount="1" falsecount="0"/>
        <line num="601" count="38" type="cond" truecount="1" falsecount="0"/>
        <line num="602" count="7" type="stmt"/>
        <line num="603" count="45" type="stmt"/>
        <line num="604" count="45" type="stmt"/>
        <line num="605" count="45" type="cond" truecount="1" falsecount="0"/>
        <line num="606" count="45" type="stmt"/>
        <line num="607" count="45" type="stmt"/>
        <line num="608" count="45" type="cond" truecount="1" falsecount="0"/>
        <line num="609" count="45" type="stmt"/>
        <line num="610" count="45" type="stmt"/>
        <line num="611" count="45" type="cond" truecount="1" falsecount="0"/>
        <line num="612" count="45" type="stmt"/>
        <line num="613" count="45" type="cond" truecount="1" falsecount="0"/>
        <line num="614" count="38" type="stmt"/>
        <line num="615" count="38" type="cond" truecount="1" falsecount="0"/>
        <line num="616" count="15740" type="stmt"/>
        <line num="617" count="15740" type="stmt"/>
        <line num="618" count="15740" type="cond" truecount="1" falsecount="0"/>
        <line num="619" count="16821" type="stmt"/>
        <line num="620" count="16821" type="stmt"/>
        <line num="621" count="15740" type="stmt"/>
        <line num="622" count="38" type="stmt"/>
        <line num="623" count="38" type="cond" truecount="1" falsecount="0"/>
        <line num="624" count="7" type="stmt"/>
        <line num="625" count="45" type="cond" truecount="3" falsecount="0"/>
        <line num="626" count="45" type="cond" truecount="2" falsecount="0"/>
        <line num="627" count="37" type="cond" truecount="1" falsecount="0"/>
        <line num="628" count="8" type="cond" truecount="2" falsecount="0"/>
        <line num="629" count="45" type="stmt"/>
        <line num="630" count="45" type="cond" truecount="2" falsecount="0"/>
        <line num="631" count="45" type="stmt"/>
        <line num="632" count="45" type="stmt"/>
        <line num="633" count="45" type="cond" truecount="2" falsecount="0"/>
        <line num="634" count="45" type="stmt"/>
        <line num="635" count="45" type="stmt"/>
        <line num="636" count="45" type="stmt"/>
        <line num="637" count="45" type="stmt"/>
        <line num="638" count="45" type="stmt"/>
        <line num="639" count="45" type="stmt"/>
        <line num="640" count="45" type="stmt"/>
        <line num="642" count="3170" type="cond" truecount="1" falsecount="0"/>
        <line num="643" count="3170" type="cond" truecount="0" falsecount="1"/>
        <line num="644" count="3170" type="cond" truecount="2" falsecount="0"/>
        <line num="645" count="3148" type="stmt"/>
        <line num="646" count="3170" type="cond" truecount="2" falsecount="0"/>
        <line num="647" count="3144" type="stmt"/>
        <line num="648" count="3170" type="cond" truecount="2" falsecount="0"/>
        <line num="649" count="3170" type="stmt"/>
        <line num="657" count="1" type="stmt"/>
        <line num="658" count="1" type="stmt"/>
        <line num="660" count="5" type="cond" truecount="1" falsecount="0"/>
        <line num="661" count="5" type="stmt"/>
        <line num="662" count="5" type="cond" truecount="2" falsecount="0"/>
        <line num="664" count="2" type="stmt"/>
        <line num="665" count="2" type="cond" truecount="1" falsecount="0"/>
        <line num="666" count="52" type="stmt"/>
        <line num="667" count="52" type="stmt"/>
        <line num="668" count="52" type="stmt"/>
        <line num="669" count="52" type="stmt"/>
        <line num="670" count="52" type="stmt"/>
        <line num="671" count="52" type="stmt"/>
        <line num="672" count="52" type="stmt"/>
        <line num="673" count="52" type="stmt"/>
        <line num="674" count="52" type="stmt"/>
        <line num="675" count="52" type="cond" truecount="0" falsecount="1"/>
        <line num="676" count="52" type="stmt"/>
        <line num="677" count="52" type="stmt"/>
        <line num="678" count="52" type="stmt"/>
        <line num="679" count="52" type="stmt"/>
        <line num="680" count="52" type="stmt"/>
        <line num="681" count="2" type="stmt"/>
        <line num="682" count="2" type="cond" truecount="1" falsecount="0"/>
        <line num="683" count="1164" type="stmt"/>
        <line num="684" count="1164" type="stmt"/>
        <line num="685" count="1164" type="stmt"/>
        <line num="686" count="1164" type="stmt"/>
        <line num="687" count="1164" type="stmt"/>
        <line num="688" count="1164" type="stmt"/>
        <line num="689" count="1164" type="stmt"/>
        <line num="690" count="1164" type="stmt"/>
        <line num="691" count="1164" type="stmt"/>
        <line num="692" count="1164" type="stmt"/>
        <line num="693" count="1164" type="stmt"/>
        <line num="694" count="2" type="stmt"/>
        <line num="695" count="2" type="cond" truecount="1" falsecount="0"/>
        <line num="696" count="52" type="stmt"/>
        <line num="697" count="52" type="stmt"/>
        <line num="698" count="52" type="stmt"/>
        <line num="699" count="52" type="stmt"/>
        <line num="700" count="52" type="stmt"/>
        <line num="701" count="52" type="stmt"/>
        <line num="702" count="52" type="stmt"/>
        <line num="703" count="52" type="stmt"/>
        <line num="704" count="52" type="stmt"/>
        <line num="705" count="52" type="stmt"/>
        <line num="706" count="52" type="stmt"/>
        <line num="707" count="2" type="stmt"/>
        <line num="708" count="2" type="stmt"/>
        <line num="709" count="2" type="stmt"/>
        <line num="710" count="2" type="stmt"/>
        <line num="711" count="2" type="stmt"/>
        <line num="713" count="1" type="cond" truecount="1" falsecount="0"/>
        <line num="714" count="13" type="stmt"/>
        <line num="715" count="13" type="stmt"/>
        <line num="716" count="13" type="stmt"/>
        <line num="717" count="13" type="stmt"/>
        <line num="718" count="13" type="stmt"/>
        <line num="719" count="13" type="stmt"/>
        <line num="720" count="13" type="cond" truecount="5" falsecount="0"/>
        <line num="722" count="5" type="stmt"/>
        <line num="723" count="10" type="cond" truecount="1" falsecount="0"/>
        <line num="724" count="2" type="stmt"/>
        <line num="725" count="2" type="stmt"/>
        <line num="726" count="2" type="cond" truecount="1" falsecount="0"/>
        <line num="727" count="5" type="stmt"/>
        <line num="728" count="5" type="stmt"/>
        <line num="729" count="13" type="cond" truecount="2" falsecount="1"/>
        <line num="731" count="5" type="stmt"/>
        <line num="732" count="11" type="cond" truecount="1" falsecount="0"/>
        <line num="733" count="3170" type="stmt"/>
        <line num="734" count="3170" type="cond" truecount="3" falsecount="0"/>
        <line num="735" count="156" type="stmt"/>
        <line num="736" count="156" type="stmt"/>
        <line num="737" count="156" type="cond" truecount="1" falsecount="0"/>
        <line num="738" count="1196" type="cond" truecount="1" falsecount="0"/>
        <line num="739" count="1172" type="cond" truecount="1" falsecount="0"/>
        <line num="740" count="71" type="stmt"/>
        <line num="741" count="71" type="stmt"/>
        <line num="742" count="71" type="stmt"/>
        <line num="743" count="156" type="stmt"/>
        <line num="744" count="2537" type="cond" truecount="2" falsecount="0"/>
        <line num="745" count="24" type="cond" truecount="1" falsecount="0"/>
        <line num="746" count="3170" type="cond" truecount="1" falsecount="0"/>
        <line num="747" count="3170" type="cond" truecount="1" falsecount="0"/>
        <line num="749" count="5" type="cond" truecount="1" falsecount="0"/>
        <line num="750" count="11" type="cond" truecount="1" falsecount="1"/>
        <line num="751" count="5" type="stmt"/>
        <line num="752" count="5" type="stmt"/>
        <line num="753" count="5" type="stmt"/>
        <line num="755" count="1" type="stmt"/>
        <line num="757" count="1" type="cond" truecount="1" falsecount="0"/>
        <line num="758" count="36" type="stmt"/>
        <line num="759" count="36" type="stmt"/>
        <line num="760" count="36" type="stmt"/>
        <line num="762" count="2" type="cond" truecount="1" falsecount="0"/>
        <line num="763" count="2" type="stmt"/>
        <line num="764" count="2" type="stmt"/>
        <line num="765" count="2" type="stmt"/>
        <line num="766" count="2" type="cond" truecount="1" falsecount="0"/>
        <line num="767" count="1" type="stmt"/>
        <line num="768" count="1" type="stmt"/>
        <line num="769" count="1" type="stmt"/>
        <line num="770" count="1" type="stmt"/>
      </file>
      <file name="dataBundles.ts" path="D:\Windows\Documents\ACoding\iGEMerDB\OIerDb\src\app\dataBundles.ts">
        <metrics statements="148" coveredstatements="146" conditionals="60" coveredconditionals="54" methods="16" coveredmethods="16"/>
        <line num="1" count="1" type="stmt"/>
        <line num="32" count="1" type="stmt"/>
        <line num="33" count="1" type="stmt"/>
        <line num="34" count="1" type="stmt"/>
        <line num="36" count="1" type="stmt"/>
        <line num="37" count="1" type="stmt"/>
        <line num="38" count="1" type="stmt"/>
        <line num="39" count="1" type="stmt"/>
        <line num="40" count="1" type="stmt"/>
        <line num="41" count="1" type="stmt"/>
        <line num="42" count="1" type="stmt"/>
        <line num="43" count="1" type="stmt"/>
        <line num="45" count="6" type="cond" truecount="1" falsecount="0"/>
        <line num="46" count="6" type="stmt"/>
        <line num="47" count="6" type="stmt"/>
        <line num="49" count="12" type="cond" truecount="1" falsecount="0"/>
        <line num="50" count="12" type="stmt"/>
        <line num="51" count="12" type="cond" truecount="1" falsecount="0"/>
        <line num="52" count="107" type="cond" truecount="0" falsecount="1"/>
        <line num="53" count="107" type="stmt"/>
        <line num="54" count="107" type="stmt"/>
        <line num="55" count="12" type="stmt"/>
        <line num="56" count="12" type="stmt"/>
        <line num="58" count="12" type="cond" truecount="1" falsecount="0"/>
        <line num="59" count="12" type="stmt"/>
        <line num="60" count="12" type="stmt"/>
        <line num="62" count="8" type="cond" truecount="1" falsecount="0"/>
        <line num="63" count="8" type="cond" truecount="1" falsecount="0"/>
        <line num="64" count="6" type="stmt"/>
        <line num="65" count="6" type="stmt"/>
        <line num="66" count="6" type="cond" truecount="1" falsecount="0"/>
        <line num="67" count="6" type="cond" truecount="1" falsecount="0"/>
        <line num="68" count="6" type="cond" truecount="1" falsecount="0"/>
        <line num="69" count="6" type="cond" truecount="1" falsecount="0"/>
        <line num="70" count="6" type="cond" truecount="1" falsecount="0"/>
        <line num="71" count="6" type="stmt"/>
        <line num="72" count="6" type="stmt"/>
        <line num="73" count="6" type="stmt"/>
        <line num="74" count="8" type="stmt"/>
        <line num="75" count="8" type="cond" truecount="1" falsecount="0"/>
        <line num="76" count="7" type="stmt"/>
        <line num="77" count="7" type="cond" truecount="2" falsecount="0"/>
        <line num="78" count="6" type="stmt"/>
        <line num="79" count="6" type="stmt"/>
        <line num="80" count="6" type="stmt"/>
        <line num="81" count="6" type="stmt"/>
        <line num="82" count="7" type="cond" truecount="1" falsecount="0"/>
        <line num="83" count="7" type="cond" truecount="1" falsecount="0"/>
        <line num="84" count="7" type="cond" truecount="1" falsecount="0"/>
        <line num="85" count="7" type="stmt"/>
        <line num="86" count="7" type="stmt"/>
        <line num="87" count="7" type="stmt"/>
        <line num="88" count="8" type="stmt"/>
        <line num="89" count="8" type="stmt"/>
        <line num="90" count="8" type="stmt"/>
        <line num="92" count="26" type="cond" truecount="1" falsecount="0"/>
        <line num="93" count="26" type="cond" truecount="1" falsecount="0"/>
        <line num="94" count="26" type="cond" truecount="1" falsecount="0"/>
        <line num="95" count="3" type="stmt"/>
        <line num="96" count="3" type="cond" truecount="1" falsecount="0"/>
        <line num="97" count="21" type="stmt"/>
        <line num="98" count="21" type="stmt"/>
        <line num="100" count="8" type="cond" truecount="1" falsecount="0"/>
        <line num="101" count="8" type="cond" truecount="0" falsecount="1"/>
        <line num="102" count="8" type="stmt"/>
        <line num="103" count="8" type="stmt"/>
        <line num="104" count="8" type="stmt"/>
        <line num="105" count="8" type="stmt"/>
        <line num="106" count="8" type="stmt"/>
        <line num="107" count="8" type="stmt"/>
        <line num="108" count="8" type="cond" truecount="0" falsecount="1"/>
        <line num="109" count="8" type="stmt"/>
        <line num="110" count="8" type="stmt"/>
        <line num="112" count="8" type="cond" truecount="1" falsecount="0"/>
        <line num="113" count="8" type="stmt"/>
        <line num="114" count="8" type="cond" truecount="1" falsecount="0"/>
        <line num="115" count="8" type="cond" truecount="1" falsecount="0"/>
        <line num="116" count="8" type="stmt"/>
        <line num="117" count="8" type="stmt"/>
        <line num="119" count="12" type="cond" truecount="1" falsecount="0"/>
        <line num="120" count="12" type="cond" truecount="0" falsecount="1"/>
        <line num="122" count="0" type="stmt"/>
        <line num="123" count="0" type="stmt"/>
        <line num="124" count="12" type="cond" truecount="2" falsecount="0"/>
        <line num="125" count="10" type="stmt"/>
        <line num="126" count="12" type="cond" truecount="1" falsecount="1"/>
        <line num="127" count="10" type="stmt"/>
        <line num="128" count="10" type="cond" truecount="1" falsecount="0"/>
        <line num="129" count="6" type="stmt"/>
        <line num="130" count="6" type="stmt"/>
        <line num="131" count="6" type="stmt"/>
        <line num="132" count="10" type="stmt"/>
        <line num="133" count="10" type="cond" truecount="1" falsecount="0"/>
        <line num="134" count="10" type="stmt"/>
        <line num="135" count="10" type="stmt"/>
        <line num="136" count="10" type="stmt"/>
        <line num="138" count="14" type="cond" truecount="1" falsecount="0"/>
        <line num="139" count="14" type="cond" truecount="1" falsecount="0"/>
        <line num="140" count="13" type="stmt"/>
        <line num="141" count="13" type="stmt"/>
        <line num="142" count="13" type="stmt"/>
        <line num="143" count="13" type="stmt"/>
        <line num="144" count="13" type="stmt"/>
        <line num="145" count="13" type="stmt"/>
        <line num="146" count="13" type="stmt"/>
        <line num="147" count="14" type="cond" truecount="2" falsecount="0"/>
        <line num="148" count="13" type="stmt"/>
        <line num="149" count="13" type="stmt"/>
        <line num="151" count="1" type="cond" truecount="1" falsecount="0"/>
        <line num="152" count="3" type="cond" truecount="2" falsecount="0"/>
        <line num="153" count="2" type="stmt"/>
        <line num="154" count="2" type="stmt"/>
        <line num="155" count="3" type="cond" truecount="1" falsecount="1"/>
        <line num="156" count="2" type="stmt"/>
        <line num="157" count="2" type="cond" truecount="1" falsecount="0"/>
        <line num="158" count="2" type="stmt"/>
        <line num="159" count="2" type="stmt"/>
        <line num="160" count="2" type="stmt"/>
        <line num="161" count="2" type="stmt"/>
        <line num="162" count="2" type="stmt"/>
        <line num="163" count="2" type="stmt"/>
        <line num="164" count="2" type="cond" truecount="1" falsecount="0"/>
        <line num="165" count="2" type="stmt"/>
        <line num="166" count="2" type="stmt"/>
        <line num="167" count="2" type="stmt"/>
        <line num="169" count="1" type="cond" truecount="1" falsecount="0"/>
        <line num="170" count="10" type="cond" truecount="3" falsecount="0"/>
        <line num="171" count="8" type="stmt"/>
        <line num="172" count="8" type="stmt"/>
        <line num="173" count="8" type="stmt"/>
        <line num="175" count="1" type="cond" truecount="1" falsecount="0"/>
        <line num="176" count="6" type="cond" truecount="3" falsecount="0"/>
        <line num="177" count="4" type="stmt"/>
        <line num="178" count="4" type="stmt"/>
        <line num="179" count="4" type="stmt"/>
        <line num="181" count="1" type="cond" truecount="1" falsecount="0"/>
        <line num="182" count="5" type="stmt"/>
        <line num="183" count="5" type="cond" truecount="1" falsecount="0"/>
        <line num="184" count="5" type="stmt"/>
        <line num="186" count="1" type="cond" truecount="1" falsecount="0"/>
        <line num="187" count="17" type="stmt"/>
        <line num="188" count="17" type="stmt"/>
        <line num="190" count="1" type="cond" truecount="1" falsecount="0"/>
        <line num="191" count="3" type="stmt"/>
        <line num="192" count="3" type="stmt"/>
        <line num="194" count="1" type="cond" truecount="1" falsecount="0"/>
        <line num="195" count="17" type="stmt"/>
        <line num="196" count="17" type="stmt"/>
      </file>
      <file name="format.ts" path="D:\Windows\Documents\ACoding\iGEMerDB\OIerDb\src\app\format.ts">
        <metrics statements="208" coveredstatements="204" conditionals="37" coveredconditionals="28" methods="15" coveredmethods="15"/>
        <line num="1" count="1" type="stmt"/>
        <line num="2" count="1" type="stmt"/>
        <line num="4" count="1" type="stmt"/>
        <line num="5" count="1" type="stmt"/>
        <line num="6" count="1" type="stmt"/>
        <line num="7" count="1" type="stmt"/>
        <line num="8" count="1" type="stmt"/>
        <line num="9" count="1" type="stmt"/>
        <line num="10" count="1" type="stmt"/>
        <line num="11" count="1" type="stmt"/>
        <line num="12" count="1" type="stmt"/>
        <line num="13" count="1" type="stmt"/>
        <line num="14" count="1" type="stmt"/>
        <line num="15" count="1" type="stmt"/>
        <line num="16" count="1" type="stmt"/>
        <line num="17" count="1" type="stmt"/>
        <line num="18" count="1" type="stmt"/>
        <line num="19" count="1" type="stmt"/>
        <line num="20" count="1" type="stmt"/>
        <line num="21" count="1" type="stmt"/>
        <line num="22" count="1" type="stmt"/>
        <line num="23" count="1" type="stmt"/>
        <line num="24" count="1" type="stmt"/>
        <line num="25" count="1" type="stmt"/>
        <line num="26" count="1" type="stmt"/>
        <line num="27" count="1" type="stmt"/>
        <line num="28" count="1" type="stmt"/>
        <line num="29" count="1" type="stmt"/>
        <line num="30" count="1" type="stmt"/>
        <line num="31" count="1" type="stmt"/>
        <line num="32" count="1" type="stmt"/>
        <line num="33" count="1" type="stmt"/>
        <line num="34" count="1" type="stmt"/>
        <line num="35" count="1" type="stmt"/>
        <line num="36" count="1" type="stmt"/>
        <line num="37" count="1" type="stmt"/>
        <line num="38" count="1" type="stmt"/>
        <line num="39" count="1" type="stmt"/>
        <line num="40" count="1" type="stmt"/>
        <line num="41" count="1" type="stmt"/>
        <line num="42" count="1" type="stmt"/>
        <line num="43" count="1" type="stmt"/>
        <line num="44" count="1" type="stmt"/>
        <line num="45" count="1" type="stmt"/>
        <line num="46" count="1" type="stmt"/>
        <line num="47" count="1" type="stmt"/>
        <line num="48" count="1" type="stmt"/>
        <line num="49" count="1" type="stmt"/>
        <line num="50" count="1" type="stmt"/>
        <line num="51" count="1" type="stmt"/>
        <line num="52" count="1" type="stmt"/>
        <line num="54" count="1" type="stmt"/>
        <line num="55" count="1" type="stmt"/>
        <line num="56" count="1" type="stmt"/>
        <line num="57" count="1" type="stmt"/>
        <line num="58" count="1" type="stmt"/>
        <line num="59" count="1" type="stmt"/>
        <line num="60" count="1" type="stmt"/>
        <line num="62" count="1" type="stmt"/>
        <line num="63" count="1" type="stmt"/>
        <line num="64" count="1" type="stmt"/>
        <line num="65" count="1" type="stmt"/>
        <line num="66" count="1" type="stmt"/>
        <line num="67" count="1" type="stmt"/>
        <line num="68" count="1" type="stmt"/>
        <line num="69" count="1" type="stmt"/>
        <line num="70" count="1" type="stmt"/>
        <line num="72" count="1" type="stmt"/>
        <line num="73" count="1" type="stmt"/>
        <line num="74" count="1" type="stmt"/>
        <line num="75" count="1" type="stmt"/>
        <line num="76" count="1" type="stmt"/>
        <line num="77" count="1" type="stmt"/>
        <line num="78" count="1" type="stmt"/>
        <line num="79" count="1" type="stmt"/>
        <line num="80" count="1" type="stmt"/>
        <line num="81" count="1" type="stmt"/>
        <line num="83" count="1" type="stmt"/>
        <line num="84" count="1" type="stmt"/>
        <line num="85" count="1" type="stmt"/>
        <line num="86" count="1" type="stmt"/>
        <line num="87" count="1" type="stmt"/>
        <line num="88" count="1" type="stmt"/>
        <line num="89" count="1" type="stmt"/>
        <line num="91" count="1" type="stmt"/>
        <line num="92" count="1" type="stmt"/>
        <line num="93" count="1" type="stmt"/>
        <line num="94" count="1" type="stmt"/>
        <line num="95" count="1" type="stmt"/>
        <line num="96" count="1" type="stmt"/>
        <line num="98" count="1" type="stmt"/>
        <line num="99" count="1" type="stmt"/>
        <line num="100" count="1" type="stmt"/>
        <line num="101" count="1" type="stmt"/>
        <line num="102" count="1" type="stmt"/>
        <line num="103" count="1" type="stmt"/>
        <line num="104" count="1" type="stmt"/>
        <line num="105" count="1" type="stmt"/>
        <line num="107" count="1" type="stmt"/>
        <line num="108" count="1" type="stmt"/>
        <line num="109" count="1" type="stmt"/>
        <line num="110" count="1" type="stmt"/>
        <line num="111" count="1" type="stmt"/>
        <line num="113" count="1" type="stmt"/>
        <line num="114" count="1" type="stmt"/>
        <line num="115" count="1" type="stmt"/>
        <line num="116" count="1" type="stmt"/>
        <line num="117" count="1" type="stmt"/>
        <line num="118" count="1" type="stmt"/>
        <line num="119" count="1" type="stmt"/>
        <line num="120" count="1" type="stmt"/>
        <line num="121" count="1" type="stmt"/>
        <line num="123" count="1" type="stmt"/>
        <line num="124" count="1" type="stmt"/>
        <line num="125" count="1" type="stmt"/>
        <line num="126" count="1" type="stmt"/>
        <line num="127" count="1" type="stmt"/>
        <line num="129" count="302" type="cond" truecount="1" falsecount="0"/>
        <line num="130" count="302" type="stmt"/>
        <line num="131" count="302" type="stmt"/>
        <line num="132" count="302" type="stmt"/>
        <line num="133" count="302" type="stmt"/>
        <line num="134" count="302" type="stmt"/>
        <line num="136" count="2" type="cond" truecount="1" falsecount="0"/>
        <line num="137" count="2" type="stmt"/>
        <line num="138" count="2" type="cond" truecount="0" falsecount="1"/>
        <line num="139" count="0" type="stmt"/>
        <line num="140" count="2" type="stmt"/>
        <line num="141" count="2" type="stmt"/>
        <line num="143" count="1" type="cond" truecount="1" falsecount="0"/>
        <line num="144" count="67" type="stmt"/>
        <line num="145" count="67" type="stmt"/>
        <line num="147" count="1" type="cond" truecount="1" falsecount="0"/>
        <line num="148" count="538" type="cond" truecount="4" falsecount="0"/>
        <line num="149" count="511" type="stmt"/>
        <line num="150" count="537" type="cond" truecount="3" falsecount="0"/>
        <line num="151" count="9" type="stmt"/>
        <line num="152" count="333" type="cond" truecount="0" falsecount="1"/>
        <line num="153" count="538" type="cond" truecount="1" falsecount="0"/>
        <line num="154" count="9" type="stmt"/>
        <line num="155" count="9" type="stmt"/>
        <line num="156" count="538" type="stmt"/>
        <line num="158" count="1" type="cond" truecount="1" falsecount="0"/>
        <line num="159" count="29" type="cond" truecount="1" falsecount="0"/>
        <line num="160" count="29" type="stmt"/>
        <line num="162" count="1" type="cond" truecount="1" falsecount="0"/>
        <line num="163" count="29" type="cond" truecount="0" falsecount="1"/>
        <line num="164" count="29" type="stmt"/>
        <line num="166" count="1" type="cond" truecount="1" falsecount="0"/>
        <line num="167" count="238" type="stmt"/>
        <line num="168" count="238" type="stmt"/>
        <line num="169" count="238" type="stmt"/>
        <line num="170" count="238" type="stmt"/>
        <line num="171" count="238" type="stmt"/>
        <line num="172" count="238" type="stmt"/>
        <line num="173" count="238" type="stmt"/>
        <line num="174" count="238" type="stmt"/>
        <line num="175" count="238" type="stmt"/>
        <line num="176" count="238" type="stmt"/>
        <line num="177" count="238" type="stmt"/>
        <line num="178" count="238" type="stmt"/>
        <line num="179" count="238" type="stmt"/>
        <line num="180" count="238" type="stmt"/>
        <line num="181" count="238" type="stmt"/>
        <line num="182" count="238" type="cond" truecount="1" falsecount="0"/>
        <line num="183" count="237" type="cond" truecount="1" falsecount="0"/>
        <line num="184" count="1" type="stmt"/>
        <line num="185" count="238" type="stmt"/>
        <line num="187" count="1" type="cond" truecount="1" falsecount="0"/>
        <line num="188" count="1" type="stmt"/>
        <line num="189" count="1" type="cond" truecount="0" falsecount="1"/>
        <line num="191" count="1" type="stmt"/>
        <line num="193" count="1" type="cond" truecount="1" falsecount="0"/>
        <line num="194" count="1" type="stmt"/>
        <line num="195" count="1" type="cond" truecount="0" falsecount="1"/>
        <line num="197" count="1" type="stmt"/>
        <line num="199" count="1" type="cond" truecount="1" falsecount="0"/>
        <line num="200" count="1" type="stmt"/>
        <line num="201" count="1" type="cond" truecount="0" falsecount="1"/>
        <line num="202" count="0" type="stmt"/>
        <line num="204" count="1" type="stmt"/>
        <line num="206" count="1" type="cond" truecount="1" falsecount="0"/>
        <line num="207" count="1" type="stmt"/>
        <line num="208" count="1" type="cond" truecount="0" falsecount="1"/>
        <line num="209" count="0" type="stmt"/>
        <line num="211" count="1" type="stmt"/>
        <line num="213" count="1" type="cond" truecount="1" falsecount="0"/>
        <line num="214" count="1" type="stmt"/>
        <line num="215" count="1" type="cond" truecount="0" falsecount="1"/>
        <line num="217" count="1" type="stmt"/>
        <line num="219" count="1" type="cond" truecount="1" falsecount="0"/>
        <line num="220" count="1" type="stmt"/>
        <line num="221" count="1" type="cond" truecount="0" falsecount="1"/>
        <line num="222" count="0" type="stmt"/>
        <line num="224" count="1" type="stmt"/>
        <line num="226" count="1" type="cond" truecount="1" falsecount="0"/>
        <line num="227" count="181" type="stmt"/>
        <line num="228" count="181" type="stmt"/>
        <line num="229" count="181" type="stmt"/>
        <line num="230" count="181" type="stmt"/>
        <line num="231" count="181" type="cond" truecount="1" falsecount="0"/>
        <line num="232" count="181" type="stmt"/>
        <line num="233" count="181" type="stmt"/>
        <line num="235" count="1" type="cond" truecount="1" falsecount="0"/>
        <line num="236" count="12" type="cond" truecount="1" falsecount="0"/>
        <line num="237" count="260" type="stmt"/>
        <line num="238" count="12" type="stmt"/>
        <line num="239" count="12" type="stmt"/>
      </file>
    </package>
    <package name="app.components">
      <metrics statements="545" coveredstatements="504" conditionals="119" coveredconditionals="101" methods="29" coveredmethods="27"/>
      <file name="DataBoundary.tsx" path="D:\Windows\Documents\ACoding\iGEMerDB\OIerDb\src\app\components\DataBoundary.tsx">
        <metrics statements="83" coveredstatements="83" conditionals="28" coveredconditionals="26" methods="6" coveredmethods="6"/>
        <line num="1" count="1" type="stmt"/>
        <line num="2" count="1" type="stmt"/>
        <line num="9" count="1" type="stmt"/>
        <line num="10" count="1" type="stmt"/>
        <line num="25" count="12" type="cond" truecount="1" falsecount="0"/>
        <line num="26" count="12" type="stmt"/>
        <line num="27" count="12" type="stmt"/>
        <line num="28" count="12" type="stmt"/>
        <line num="29" count="12" type="cond" truecount="2" falsecount="0"/>
        <line num="30" count="12" type="stmt"/>
        <line num="32" count="12" type="cond" truecount="1" falsecount="0"/>
        <line num="33" count="7" type="cond" truecount="2" falsecount="0"/>
        <line num="34" count="5" type="stmt"/>
        <line num="35" count="5" type="stmt"/>
        <line num="36" count="5" type="stmt"/>
        <line num="37" count="5" type="cond" truecount="1" falsecount="0"/>
        <line num="38" count="2" type="stmt"/>
        <line num="39" count="5" type="stmt"/>
        <line num="40" count="5" type="cond" truecount="1" falsecount="0"/>
        <line num="41" count="1" type="stmt"/>
        <line num="42" count="5" type="stmt"/>
        <line num="43" count="5" type="cond" truecount="1" falsecount="0"/>
        <line num="44" count="5" type="stmt"/>
        <line num="45" count="5" type="stmt"/>
        <line num="46" count="12" type="stmt"/>
        <line num="48" count="12" type="cond" truecount="3" falsecount="0"/>
        <line num="50" count="7" type="stmt"/>
        <line num="51" count="7" type="stmt"/>
        <line num="52" count="7" type="stmt"/>
        <line num="53" count="7" type="stmt"/>
        <line num="54" count="12" type="cond" truecount="2" falsecount="0"/>
        <line num="55" count="12" type="stmt"/>
        <line num="56" count="12" type="cond" truecount="1" falsecount="0"/>
        <line num="57" count="2" type="cond" truecount="1" falsecount="0"/>
        <line num="58" count="5" type="stmt"/>
        <line num="59" count="12" type="stmt"/>
        <line num="60" count="12" type="cond" truecount="1" falsecount="0"/>
        <line num="61" count="2" type="cond" truecount="2" falsecount="0"/>
        <line num="62" count="2" type="stmt"/>
        <line num="63" count="2" type="stmt"/>
        <line num="65" count="12" type="stmt"/>
        <line num="67" count="12" type="stmt"/>
        <line num="69" count="1" type="cond" truecount="1" falsecount="0"/>
        <line num="70" count="4" type="stmt"/>
        <line num="71" count="4" type="stmt"/>
        <line num="73" count="4" type="stmt"/>
        <line num="74" count="4" type="stmt"/>
        <line num="75" count="4" type="stmt"/>
        <line num="76" count="4" type="stmt"/>
        <line num="77" count="4" type="stmt"/>
        <line num="78" count="4" type="stmt"/>
        <line num="79" count="4" type="stmt"/>
        <line num="80" count="4" type="stmt"/>
        <line num="82" count="1" type="cond" truecount="1" falsecount="0"/>
        <line num="83" count="1" type="cond" truecount="1" falsecount="0"/>
        <line num="84" count="1" type="stmt"/>
        <line num="85" count="1" type="stmt"/>
        <line num="86" count="1" type="stmt"/>
        <line num="87" count="1" type="stmt"/>
        <line num="89" count="1" type="stmt"/>
        <line num="91" count="1" type="cond" truecount="1" falsecount="0"/>
        <line num="92" count="2" type="stmt"/>
        <line num="93" count="2" type="stmt"/>
        <line num="94" count="2" type="stmt"/>
        <line num="95" count="2" type="cond" truecount="1" falsecount="1"/>
        <line num="96" count="2" type="stmt"/>
        <line num="97" count="2" type="stmt"/>
        <line num="98" count="2" type="stmt"/>
        <line num="99" count="2" type="stmt"/>
        <line num="100" count="2" type="stmt"/>
        <line num="101" count="2" type="stmt"/>
        <line num="103" count="2" type="stmt"/>
        <line num="105" count="1" type="cond" truecount="1" falsecount="0"/>
        <line num="106" count="3" type="stmt"/>
        <line num="107" count="3" type="stmt"/>
        <line num="108" count="3" type="cond" truecount="1" falsecount="1"/>
        <line num="109" count="3" type="stmt"/>
        <line num="110" count="3" type="stmt"/>
        <line num="111" count="3" type="stmt"/>
        <line num="112" count="3" type="stmt"/>
        <line num="113" count="3" type="stmt"/>
        <line num="114" count="3" type="stmt"/>
        <line num="116" count="3" type="stmt"/>
      </file>
      <file name="Layout.tsx" path="D:\Windows\Documents\ACoding\iGEMerDB\OIerDb\src\app\components\Layout.tsx">
        <metrics statements="134" coveredstatements="118" conditionals="17" coveredconditionals="13" methods="6" coveredmethods="5"/>
        <line num="1" count="1" type="stmt"/>
        <line num="12" count="1" type="stmt"/>
        <line num="13" count="1" type="stmt"/>
        <line num="14" count="1" type="stmt"/>
        <line num="15" count="1" type="stmt"/>
        <line num="17" count="1" type="stmt"/>
        <line num="18" count="1" type="stmt"/>
        <line num="19" count="1" type="stmt"/>
        <line num="20" count="1" type="stmt"/>
        <line num="21" count="1" type="stmt"/>
        <line num="22" count="1" type="stmt"/>
        <line num="23" count="1" type="stmt"/>
        <line num="25" count="1" type="cond" truecount="1" falsecount="0"/>
        <line num="26" count="13" type="stmt"/>
        <line num="27" count="13" type="stmt"/>
        <line num="28" count="13" type="stmt"/>
        <line num="29" count="13" type="cond" truecount="0" falsecount="1"/>
        <line num="30" count="0" type="stmt"/>
        <line num="31" count="13" type="stmt"/>
        <line num="33" count="13" type="cond" truecount="1" falsecount="0"/>
        <line num="34" count="6" type="stmt"/>
        <line num="35" count="6" type="stmt"/>
        <line num="36" count="13" type="stmt"/>
        <line num="38" count="13" type="cond" truecount="1" falsecount="0"/>
        <line num="39" count="6" type="cond" truecount="1" falsecount="0"/>
        <line num="40" count="10" type="cond" truecount="2" falsecount="0"/>
        <line num="41" count="1" type="stmt"/>
        <line num="42" count="1" type="stmt"/>
        <line num="43" count="1" type="stmt"/>
        <line num="44" count="10" type="stmt"/>
        <line num="45" count="6" type="stmt"/>
        <line num="46" count="6" type="cond" truecount="1" falsecount="0"/>
        <line num="47" count="13" type="stmt"/>
        <line num="49" count="13" type="stmt"/>
        <line num="50" count="13" type="stmt"/>
        <line num="51" count="13" type="stmt"/>
        <line num="52" count="13" type="stmt"/>
        <line num="53" count="13" type="stmt"/>
        <line num="54" count="13" type="stmt"/>
        <line num="56" count="13" type="stmt"/>
        <line num="57" count="13" type="stmt"/>
        <line num="58" count="13" type="stmt"/>
        <line num="59" count="13" type="stmt"/>
        <line num="60" count="13" type="stmt"/>
        <line num="61" count="13" type="stmt"/>
        <line num="63" count="13" type="stmt"/>
        <line num="64" count="13" type="cond" truecount="1" falsecount="0"/>
        <line num="65" count="65" type="stmt"/>
        <line num="66" count="65" type="stmt"/>
        <line num="67" count="65" type="stmt"/>
        <line num="68" count="65" type="cond" truecount="3" falsecount="0"/>
        <line num="70" count="65" type="stmt"/>
        <line num="71" count="65" type="stmt"/>
        <line num="72" count="13" type="stmt"/>
        <line num="73" count="13" type="stmt"/>
        <line num="75" count="13" type="stmt"/>
        <line num="76" count="13" type="stmt"/>
        <line num="77" count="13" type="stmt"/>
        <line num="78" count="13" type="stmt"/>
        <line num="79" count="13" type="cond" truecount="1" falsecount="0"/>
        <line num="80" count="13" type="stmt"/>
        <line num="81" count="13" type="stmt"/>
        <line num="82" count="13" type="stmt"/>
        <line num="84" count="13" type="stmt"/>
        <line num="85" count="13" type="stmt"/>
        <line num="86" count="13" type="stmt"/>
        <line num="87" count="13" type="stmt"/>
        <line num="88" count="13" type="stmt"/>
        <line num="89" count="13" type="stmt"/>
        <line num="90" count="13" type="stmt"/>
        <line num="91" count="13" type="cond" truecount="0" falsecount="1"/>
        <line num="92" count="13" type="stmt"/>
        <line num="93" count="13" type="stmt"/>
        <line num="94" count="13" type="stmt"/>
        <line num="96" count="13" type="cond" truecount="0" falsecount="1"/>
        <line num="97" count="0" type="stmt"/>
        <line num="99" count="13" type="stmt"/>
        <line num="101" count="13" type="stmt"/>
        <line num="102" count="13" type="stmt"/>
        <line num="103" count="13" type="stmt"/>
        <line num="105" count="13" type="cond" truecount="0" falsecount="1"/>
        <line num="106" count="0" type="stmt"/>
        <line num="107" count="0" type="stmt"/>
        <line num="108" count="0" type="stmt"/>
        <line num="109" count="0" type="stmt"/>
        <line num="111" count="0" type="stmt"/>
        <line num="112" count="0" type="stmt"/>
        <line num="113" count="0" type="stmt"/>
        <line num="114" count="0" type="stmt"/>
        <line num="115" count="0" type="stmt"/>
        <line num="116" count="0" type="stmt"/>
        <line num="117" count="0" type="stmt"/>
        <line num="118" count="0" type="stmt"/>
        <line num="120" count="0" type="stmt"/>
        <line num="121" count="0" type="stmt"/>
        <line num="123" count="13" type="stmt"/>
        <line num="125" count="13" type="stmt"/>
        <line num="127" count="13" type="stmt"/>
        <line num="128" count="13" type="stmt"/>
        <line num="129" count="13" type="stmt"/>
        <line num="130" count="13" type="stmt"/>
        <line num="132" count="13" type="stmt"/>
        <line num="133" count="13" type="stmt"/>
        <line num="134" count="13" type="stmt"/>
        <line num="135" count="13" type="stmt"/>
        <line num="136" count="13" type="stmt"/>
        <line num="137" count="13" type="stmt"/>
        <line num="138" count="13" type="stmt"/>
        <line num="139" count="13" type="stmt"/>
        <line num="140" count="13" type="stmt"/>
        <line num="141" count="13" type="stmt"/>
        <line num="143" count="13" type="stmt"/>
        <line num="144" count="13" type="stmt"/>
        <line num="145" count="13" type="stmt"/>
        <line num="146" count="13" type="stmt"/>
        <line num="147" count="13" type="stmt"/>
        <line num="148" count="13" type="stmt"/>
        <line num="149" count="13" type="stmt"/>
        <line num="150" count="13" type="stmt"/>
        <line num="151" count="13" type="stmt"/>
        <line num="152" count="13" type="stmt"/>
        <line num="154" count="13" type="stmt"/>
        <line num="155" count="13" type="stmt"/>
        <line num="156" count="13" type="stmt"/>
        <line num="157" count="13" type="stmt"/>
        <line num="158" count="13" type="stmt"/>
        <line num="159" count="13" type="stmt"/>
        <line num="161" count="13" type="stmt"/>
        <line num="162" count="13" type="stmt"/>
        <line num="163" count="13" type="stmt"/>
        <line num="164" count="13" type="stmt"/>
        <line num="166" count="13" type="cond" truecount="1" falsecount="0"/>
        <line num="167" count="13" type="stmt"/>
        <line num="169" count="13" type="stmt"/>
      </file>
      <file name="PageElements.tsx" path="D:\Windows\Documents\ACoding\iGEMerDB\OIerDb\src\app\components\PageElements.tsx">
        <metrics statements="154" coveredstatements="153" conditionals="37" coveredconditionals="36" methods="10" coveredmethods="9"/>
        <line num="1" count="1" type="stmt"/>
        <line num="2" count="1" type="stmt"/>
        <line num="3" count="1" type="stmt"/>
        <line num="4" count="1" type="stmt"/>
        <line num="6" count="1" type="cond" truecount="1" falsecount="0"/>
        <line num="7" count="39" type="cond" truecount="1" falsecount="0"/>
        <line num="8" count="25" type="stmt"/>
        <line num="9" count="25" type="cond" truecount="1" falsecount="0"/>
        <line num="10" count="22" type="cond" truecount="1" falsecount="0"/>
        <line num="11" count="3" type="stmt"/>
        <line num="12" count="25" type="cond" truecount="1" falsecount="0"/>
        <line num="13" count="25" type="stmt"/>
        <line num="14" count="25" type="stmt"/>
        <line num="15" count="39" type="stmt"/>
        <line num="16" count="39" type="stmt"/>
        <line num="18" count="1" type="cond" truecount="1" falsecount="0"/>
        <line num="19" count="30" type="stmt"/>
        <line num="20" count="30" type="stmt"/>
        <line num="21" count="30" type="stmt"/>
        <line num="22" count="30" type="stmt"/>
        <line num="23" count="30" type="stmt"/>
        <line num="28" count="30" type="stmt"/>
        <line num="29" count="30" type="stmt"/>
        <line num="30" count="30" type="stmt"/>
        <line num="31" count="30" type="stmt"/>
        <line num="32" count="30" type="stmt"/>
        <line num="33" count="30" type="stmt"/>
        <line num="34" count="30" type="stmt"/>
        <line num="35" count="30" type="stmt"/>
        <line num="36" count="30" type="stmt"/>
        <line num="37" count="30" type="stmt"/>
        <line num="39" count="30" type="stmt"/>
        <line num="41" count="1" type="cond" truecount="1" falsecount="0"/>
        <line num="42" count="4" type="stmt"/>
        <line num="43" count="4" type="stmt"/>
        <line num="45" count="4" type="stmt"/>
        <line num="46" count="4" type="stmt"/>
        <line num="47" count="4" type="stmt"/>
        <line num="48" count="4" type="stmt"/>
        <line num="49" count="4" type="cond" truecount="1" falsecount="0"/>
        <line num="50" count="8" type="stmt"/>
        <line num="51" count="8" type="stmt"/>
        <line num="52" count="8" type="cond" truecount="1" falsecount="0"/>
        <line num="53" count="4" type="cond" truecount="1" falsecount="0"/>
        <line num="55" count="4" type="cond" truecount="1" falsecount="0"/>
        <line num="57" count="8" type="stmt"/>
[...]
        <line num="249" count="1" type="stmt"/>
        <line num="250" count="1" type="stmt"/>
        <line num="251" count="1" type="stmt"/>
        <line num="252" count="1" type="cond" truecount="0" falsecount="1"/>
        <line num="253" count="0" type="cond" truecount="0" falsecount="1"/>
        <line num="254" count="0" type="stmt"/>
        <line num="255" count="1" type="stmt"/>
        <line num="256" count="1" type="stmt"/>
        <line num="257" count="1" type="stmt"/>
        <line num="258" count="1" type="stmt"/>
        <line num="260" count="1" type="stmt"/>
        <line num="261" count="1" type="stmt"/>
        <line num="262" count="1" type="stmt"/>
        <line num="263" count="1" type="stmt"/>
        <line num="264" count="1" type="stmt"/>
        <line num="265" count="1" type="cond" truecount="1" falsecount="0"/>
        <line num="266" count="1" type="stmt"/>
        <line num="267" count="1" type="stmt"/>
        <line num="268" count="1" type="stmt"/>
        <line num="269" count="1" type="stmt"/>
        <line num="271" count="1" type="stmt"/>
        <line num="272" count="1" type="stmt"/>
        <line num="273" count="1" type="stmt"/>
        <line num="274" count="1" type="stmt"/>
        <line num="275" count="1" type="cond" truecount="0" falsecount="1"/>
        <line num="277" count="0" type="stmt"/>
        <line num="279" count="1" type="stmt"/>
        <line num="281" count="1" type="stmt"/>
        <line num="282" count="1" type="stmt"/>
        <line num="283" count="1" type="stmt"/>
        <line num="284" count="1" type="stmt"/>
        <line num="285" count="1" type="stmt"/>
        <line num="286" count="1" type="stmt"/>
        <line num="287" count="1" type="stmt"/>
        <line num="288" count="1" type="stmt"/>
        <line num="289" count="1" type="stmt"/>
        <line num="290" count="1" type="stmt"/>
        <line num="291" count="1" type="stmt"/>
        <line num="292" count="1" type="stmt"/>
        <line num="293" count="1" type="stmt"/>
        <line num="294" count="1" type="stmt"/>
        <line num="295" count="1" type="cond" truecount="0" falsecount="2"/>
        <line num="296" count="1" type="stmt"/>
        <line num="297" count="1" type="stmt"/>
        <line num="298" count="1" type="stmt"/>
        <line num="300" count="1" type="stmt"/>
        <line num="301" count="1" type="stmt"/>
        <line num="302" count="1" type="stmt"/>
        <line num="303" count="1" type="stmt"/>
        <line num="305" count="1" type="stmt"/>
        <line num="306" count="1" type="stmt"/>
        <line num="307" count="1" type="stmt"/>
        <line num="308" count="1" type="stmt"/>
        <line num="309" count="1" type="stmt"/>
        <line num="310" count="1" type="stmt"/>
        <line num="311" count="1" type="stmt"/>
        <line num="312" count="1" type="stmt"/>
        <line num="313" count="1" type="stmt"/>
        <line num="314" count="1" type="stmt"/>
        <line num="315" count="1" type="stmt"/>
        <line num="316" count="1" type="stmt"/>
        <line num="317" count="1" type="stmt"/>
        <line num="319" count="1" type="stmt"/>
        <line num="320" count="1" type="stmt"/>
        <line num="321" count="1" type="stmt"/>
        <line num="322" count="1" type="stmt"/>
        <line num="323" count="1" type="stmt"/>
        <line num="324" count="1" type="stmt"/>
        <line num="326" count="1" type="stmt"/>
        <line num="327" count="1" type="stmt"/>
        <line num="328" count="1" type="stmt"/>
        <line num="329" count="1" type="stmt"/>
        <line num="330" count="1" type="stmt"/>
        <line num="331" count="1" type="stmt"/>
        <line num="332" count="1" type="stmt"/>
        <line num="333" count="1" type="stmt"/>
        <line num="334" count="1" type="stmt"/>
        <line num="335" count="1" type="stmt"/>
        <line num="337" count="1" type="stmt"/>
        <line num="338" count="1" type="stmt"/>
        <line num="339" count="1" type="stmt"/>
        <line num="340" count="1" type="stmt"/>
        <line num="341" count="1" type="stmt"/>
        <line num="342" count="1" type="stmt"/>
        <line num="343" count="1" type="stmt"/>
        <line num="344" count="1" type="stmt"/>
        <line num="345" count="1" type="stmt"/>
        <line num="346" count="1" type="stmt"/>
        <line num="348" count="1" type="stmt"/>
        <line num="349" count="1" type="stmt"/>
        <line num="350" count="1" type="stmt"/>
        <line num="351" count="1" type="stmt"/>
        <line num="352" count="1" type="stmt"/>
        <line num="353" count="1" type="stmt"/>
        <line num="354" count="1" type="stmt"/>
        <line num="355" count="1" type="stmt"/>
        <line num="356" count="1" type="stmt"/>
        <line num="357" count="1" type="stmt"/>
        <line num="358" count="1" type="stmt"/>
        <line num="359" count="1" type="stmt"/>
        <line num="360" count="1" type="cond" truecount="0" falsecount="1"/>
        <line num="361" count="0" type="stmt"/>
        <line num="362" count="1" type="stmt"/>
        <line num="363" count="1" type="stmt"/>
        <line num="364" count="1" type="stmt"/>
        <line num="365" count="1" type="stmt"/>
        <line num="366" count="1" type="stmt"/>
        <line num="367" count="1" type="stmt"/>
        <line num="368" count="1" type="stmt"/>
        <line num="369" count="1" type="stmt"/>
        <line num="370" count="1" type="stmt"/>
        <line num="372" count="1" type="stmt"/>
        <line num="373" count="1" type="stmt"/>
        <line num="375" count="1" type="stmt"/>
      </file>
      <file name="TeamsPage.tsx" path="D:\Windows\Documents\ACoding\iGEMerDB\OIerDb\src\app\pages\TeamsPage.tsx">
        <metrics statements="267" coveredstatements="257" conditionals="56" coveredconditionals="32" methods="11" coveredmethods="3"/>
        <line num="1" count="1" type="stmt"/>
        <line num="2" count="1" type="stmt"/>
        <line num="3" count="1" type="stmt"/>
        <line num="4" count="1" type="stmt"/>
        <line num="5" count="1" type="stmt"/>
        <line num="14" count="1" type="stmt"/>
        <line num="22" count="1" type="stmt"/>
        <line num="24" count="1" type="stmt"/>
        <line num="25" count="1" type="stmt"/>
        <line num="26" count="1" type="stmt"/>
        <line num="27" count="1" type="stmt"/>
        <line num="28" count="1" type="stmt"/>
        <line num="29" count="1" type="stmt"/>
        <line num="30" count="1" type="stmt"/>
        <line num="32" count="1" type="cond" truecount="1" falsecount="0"/>
        <line num="33" count="3" type="stmt"/>
        <line num="34" count="3" type="stmt"/>
        <line num="35" count="3" type="cond" truecount="0" falsecount="1"/>
        <line num="36" count="3" type="stmt"/>
        <line num="37" count="3" type="stmt"/>
        <line num="38" count="3" type="stmt"/>
        <line num="39" count="3" type="stmt"/>
        <line num="40" count="3" type="stmt"/>
        <line num="41" count="3" type="cond" truecount="1" falsecount="0"/>
        <line num="42" count="3" type="stmt"/>
        <line num="43" count="3" type="cond" truecount="0" falsecount="1"/>
        <line num="44" count="0" type="stmt"/>
        <line num="45" count="3" type="cond" truecount="1" falsecount="0"/>
        <line num="46" count="3" type="stmt"/>
        <line num="47" count="3" type="cond" truecount="1" falsecount="0"/>
        <line num="49" count="3" type="stmt"/>
        <line num="50" count="3" type="cond" truecount="2" falsecount="0"/>
        <line num="51" count="3" type="stmt"/>
        <line num="52" count="3" type="stmt"/>
        <line num="53" count="3" type="stmt"/>
        <line num="54" count="3" type="cond" truecount="2" falsecount="0"/>
        <line num="55" count="3" type="stmt"/>
        <line num="56" count="3" type="stmt"/>
        <line num="58" count="3" type="cond" truecount="1" falsecount="0"/>
        <line num="59" count="3" type="stmt"/>
        <line num="60" count="3" type="stmt"/>
        <line num="61" count="3" type="cond" truecount="2" falsecount="0"/>
        <line num="62" count="3" type="stmt"/>
        <line num="63" count="3" type="cond" truecount="1" falsecount="0"/>
        <line num="64" count="29" type="cond" truecount="1" falsecount="0"/>
        <line num="65" count="3" type="cond" truecount="1" falsecount="1"/>
        <line num="66" count="3" type="cond" truecount="1" falsecount="1"/>
        <line num="67" count="3" type="cond" truecount="1" falsecount="1"/>
        <line num="68" count="3" type="cond" truecount="1" falsecount="1"/>
        <line num="69" count="3" type="cond" truecount="1" falsecount="0"/>
        <line num="70" count="3" type="stmt"/>
        <line num="71" count="3" type="cond" truecount="1" falsecount="0"/>
        <line num="72" count="1" type="cond" truecount="0" falsecount="1"/>
        <line num="73" count="0" type="stmt"/>
        <line num="74" count="0" type="stmt"/>
        <line num="75" count="0" type="stmt"/>
        <line num="77" count="0" type="stmt"/>
        <line num="78" count="1" type="cond" truecount="0" falsecount="1"/>
        <line num="79" count="0" type="stmt"/>
        <line num="80" count="0" type="stmt"/>
        <line num="82" count="0" type="stmt"/>
        <line num="83" count="1" type="stmt"/>
        <line num="84" count="1" type="cond" truecount="0" falsecount="1"/>
        <line num="85" count="1" type="cond" truecount="0" falsecount="1"/>
        <line num="86" count="0" type="stmt"/>
        <line num="87" count="3" type="stmt"/>
        <line num="88" count="3" type="stmt"/>
        <line num="90" count="3" type="stmt"/>
        <line num="91" count="3" type="stmt"/>
        <line num="92" count="3" type="cond" truecount="0" falsecount="1"/>
        <line num="93" count="3" type="stmt"/>
        <line num="94" count="3" type="stmt"/>
        <line num="95" count="3" type="stmt"/>
        <line num="97" count="3" type="cond" truecount="1" falsecount="0"/>
        <line num="98" count="1" type="cond" truecount="1" falsecount="0"/>
        <line num="99" count="1" type="stmt"/>
        <line num="100" count="1" type="cond" truecount="0" falsecount="1"/>
        <line num="101" count="0" type="stmt"/>
        <line num="102" count="1" type="stmt"/>
        <line num="103" count="1" type="stmt"/>
        <line num="104" count="1" type="stmt"/>
        <line num="105" count="1" type="stmt"/>
        <line num="107" count="3" type="stmt"/>
        <line num="108" count="3" type="stmt"/>
        <line num="109" count="3" type="cond" truecount="0" falsecount="5"/>
        <line num="110" count="3" type="stmt"/>
        <line num="112" count="3" type="stmt"/>
        <line num="113" count="3" type="stmt"/>
        <line num="114" count="3" type="stmt"/>
        <line num="115" count="3" type="stmt"/>
        <line num="116" count="3" type="stmt"/>
        <line num="117" count="3" type="stmt"/>
        <line num="118" count="3" type="stmt"/>
        <line num="119" count="3" type="stmt"/>
        <line num="120" count="3" type="stmt"/>
        <line num="121" count="3" type="stmt"/>
        <line num="123" count="3" type="stmt"/>
        <line num="125" count="3" type="stmt"/>
        <line num="127" count="3" type="stmt"/>
        <line num="128" count="3" type="stmt"/>
        <line num="129" count="3" type="stmt"/>
        <line num="130" count="3" type="stmt"/>
        <line num="132" count="3" type="stmt"/>
        <line num="133" count="3" type="stmt"/>
        <line num="134" count="3" type="stmt"/>
        <line num="135" count="3" type="stmt"/>
        <line num="136" count="3" type="stmt"/>
        <line num="137" count="3" type="stmt"/>
        <line num="138" count="3" type="stmt"/>
        <line num="139" count="3" type="stmt"/>
        <line num="140" count="3" type="stmt"/>
        <line num="141" count="3" type="stmt"/>
        <line num="142" count="3" type="stmt"/>
        <line num="143" count="3" type="stmt"/>
        <line num="144" count="3" type="stmt"/>
        <line num="145" count="3" type="stmt"/>
        <line num="147" count="3" type="stmt"/>
        <line num="148" count="3" type="cond" truecount="1" falsecount="0"/>
        <line num="149" count="10" type="stmt"/>
        <line num="150" count="10" type="stmt"/>
        <line num="151" count="10" type="cond" truecount="2" falsecount="0"/>
        <line num="152" count="10" type="stmt"/>
        <line num="153" count="3" type="stmt"/>
        <line num="154" count="3" type="stmt"/>
        <line num="155" count="3" type="stmt"/>
        <line num="156" count="3" type="stmt"/>
        <line num="157" count="3" type="stmt"/>
        <line num="158" count="3" type="stmt"/>
        <line num="159" count="3" type="stmt"/>
        <line num="160" count="3" type="stmt"/>
        <line num="161" count="3" type="stmt"/>
        <line num="163" count="3" type="stmt"/>
        <line num="164" count="3" type="cond" truecount="1" falsecount="0"/>
        <line num="165" count="21" type="stmt"/>
        <line num="166" count="21" type="stmt"/>
        <line num="167" count="21" type="stmt"/>
        <line num="168" count="3" type="stmt"/>
        <line num="169" count="3" type="stmt"/>
        <line num="170" count="3" type="stmt"/>
        <line num="171" count="3" type="stmt"/>
        <line num="172" count="3" type="stmt"/>
        <line num="173" count="3" type="stmt"/>
        <line num="174" count="3" type="stmt"/>
        <line num="175" count="3" type="stmt"/>
        <line num="176" count="3" type="stmt"/>
        <line num="178" count="3" type="stmt"/>
        <line num="179" count="3" type="cond" truecount="1" falsecount="0"/>
        <line num="180" count="16" type="stmt"/>
        <line num="181" count="16" type="stmt"/>
        <line num="182" count="16" type="stmt"/>
        <line num="183" count="3" type="stmt"/>
        <line num="184" count="3" type="stmt"/>
        <line num="185" count="3" type="stmt"/>
        <line num="186" count="3" type="stmt"/>
        <line num="187" count="3" type="stmt"/>
        <line num="188" count="3" type="stmt"/>
        <line num="189" count="3" type="stmt"/>
        <line num="190" count="3" type="stmt"/>
        <line num="191" count="3" type="stmt"/>
        <line num="193" count="3" type="stmt"/>
        <line num="194" count="3" type="cond" truecount="1" falsecount="0"/>
        <line num="195" count="15" type="stmt"/>
        <line num="196" count="15" type="stmt"/>
        <line num="197" count="15" type="stmt"/>
        <line num="198" count="3" type="stmt"/>
        <line num="199" count="3" type="stmt"/>
        <line num="200" count="3" type="stmt"/>
        <line num="201" count="3" type="stmt"/>
        <line num="202" count="3" type="stmt"/>
        <line num="203" count="3" type="stmt"/>
        <line num="204" count="3" type="stmt"/>
        <line num="205" count="3" type="stmt"/>
        <line num="206" count="3" type="cond" truecount="1" falsecount="0"/>
        <line num="208" count="3" type="stmt"/>
        <line num="209" count="3" type="cond" truecount="1" falsecount="0"/>
        <line num="210" count="7" type="stmt"/>
        <line num="211" count="7" type="cond" truecount="0" falsecount="1"/>
        <line num="212" count="7" type="stmt"/>
        <line num="213" count="3" type="stmt"/>
        <line num="214" count="3" type="stmt"/>
        <line num="215" count="3" type="stmt"/>
        <line num="216" count="3" type="stmt"/>
        <line num="217" count="3" type="stmt"/>
        <line num="218" count="3" type="stmt"/>
        <line num="219" count="3" type="stmt"/>
        <line num="220" count="3" type="stmt"/>
        <line num="221" count="3" type="stmt"/>
        <line num="223" count="3" type="stmt"/>
        <line num="224" count="3" type="stmt"/>
        <line num="225" count="3" type="stmt"/>
        <line num="226" count="3" type="stmt"/>
        <line num="227" count="3" type="stmt"/>
        <line num="228" count="3" type="stmt"/>
        <line num="229" count="3" type="stmt"/>
        <line num="230" count="3" type="stmt"/>
        <line num="231" count="3" type="stmt"/>
        <line num="233" count="3" type="stmt"/>
        <line num="235" count="3" type="stmt"/>
        <line num="237" count="3" type="cond" truecount="1" falsecount="0"/>
        <line num="238" count="2" type="stmt"/>
        <line num="239" count="2" type="stmt"/>
        <line num="240" count="2" type="stmt"/>
        <line num="241" count="2" type="stmt"/>
        <line num="242" count="2" type="stmt"/>
        <line num="244" count="2" type="stmt"/>
        <line num="245" count="2" type="stmt"/>
        <line num="246" count="2" type="stmt"/>
        <line num="247" count="2" type="stmt"/>
        <line num="248" count="2" type="stmt"/>
        <line num="249" count="2" type="stmt"/>
        <line num="250" count="2" type="stmt"/>
        <line num="251" count="2" type="stmt"/>
        <line num="252" count="2" type="stmt"/>
        <line num="253" count="2" type="stmt"/>
        <line num="254" count="2" type="stmt"/>
        <line num="255" count="2" type="stmt"/>
        <line num="256" count="2" type="stmt"/>
        <line num="257" count="2" type="stmt"/>
        <line num="258" count="2" type="cond" truecount="1" falsecount="0"/>
        <line num="259" count="3" type="stmt"/>
        <line num="260" count="3" type="stmt"/>
        <line num="261" count="3" type="stmt"/>
        <line num="262" count="3" type="stmt"/>
        <line num="263" count="3" type="stmt"/>
        <line num="264" count="3" type="stmt"/>
        <line num="265" count="3" type="stmt"/>
        <line num="266" count="3" type="stmt"/>
        <line num="267" count="3" type="cond" truecount="0" falsecount="1"/>
        <line num="268" count="3" type="stmt"/>
        <line num="269" count="3" type="stmt"/>
        <line num="270" count="3" type="cond" truecount="0" falsecount="1"/>
        <line num="271" count="3" type="stmt"/>
        <line num="272" count="3" type="stmt"/>
        <line num="273" count="3" type="stmt"/>
        <line num="274" count="3" type="cond" truecount="0" falsecount="1"/>
        <line num="275" count="3" type="stmt"/>
        <line num="276" count="3" type="stmt"/>
        <line num="277" count="3" type="stmt"/>
        <line num="278" count="3" type="stmt"/>
        <line num="279" count="3" type="cond" truecount="0" falsecount="1"/>
        <line num="281" count="3" type="cond" truecount="0" falsecount="2"/>
        <line num="282" count="3" type="stmt"/>
        <line num="283" count="3" type="stmt"/>
        <line num="284" count="3" type="stmt"/>
        <line num="285" count="3" type="stmt"/>
        <line num="286" count="3" type="stmt"/>
        <line num="288" count="3" type="stmt"/>
        <line num="289" count="3" type="stmt"/>
        <line num="290" count="3" type="stmt"/>
        <line num="292" count="2" type="stmt"/>
        <line num="293" count="2" type="stmt"/>
        <line num="294" count="2" type="stmt"/>
        <line num="295" count="2" type="cond" truecount="1" falsecount="0"/>
        <line num="297" count="1" type="stmt"/>
        <line num="300" count="3" type="stmt"/>
        <line num="301" count="3" type="stmt"/>
        <line num="302" count="3" type="stmt"/>
        <line num="303" count="3" type="stmt"/>
        <line num="304" count="3" type="stmt"/>
        <line num="305" count="3" type="stmt"/>
        <line num="306" count="3" type="stmt"/>
        <line num="307" count="3" type="stmt"/>
        <line num="308" count="3" type="stmt"/>
        <line num="309" count="3" type="stmt"/>
        <line num="310" count="3" type="stmt"/>
        <line num="311" count="3" type="stmt"/>
        <line num="313" count="3" type="stmt"/>
      </file>
    </package>
  </project>
</coverage>
