{"D:\\Windows\\Documents\\ACoding\\iGEMerDB\\OIerDb\\src\\app\\App.tsx": {"path":"D:\\Windows\\Documents\\ACoding\\iGEMerDB\\OIerDb\\src\\app\\App.tsx","all":false,"statementMap":{"0":{"start":{"line":1,"column":0},"end":{"line":1,"column":49}},"1":{"start":{"line":2,"column":0},"end":{"line":2,"column":45}},"2":{"start":{"line":3,"column":0},"end":{"line":3,"column":8}},"8":{"start":{"line":9,"column":0},"end":{"line":9,"column":46}},"9":{"start":{"line":10,"column":0},"end":{"line":10,"column":48}},"10":{"start":{"line":11,"column":0},"end":{"line":11,"column":58}},"11":{"start":{"line":12,"column":0},"end":{"line":12,"column":44}},"12":{"start":{"line":13,"column":0},"end":{"line":13,"column":70}},"13":{"start":{"line":14,"column":0},"end":{"line":14,"column":60}},"14":{"start":{"line":15,"column":0},"end":{"line":15,"column":52}},"15":{"start":{"line":16,"column":0},"end":{"line":16,"column":48}},"16":{"start":{"line":17,"column":0},"end":{"line":17,"column":60}},"17":{"start":{"line":18,"column":0},"end":{"line":18,"column":56}},"18":{"start":{"line":19,"column":0},"end":{"line":19,"column":46}},"20":{"start":{"line":21,"column":0},"end":{"line":21,"column":23}},"21":{"start":{"line":22,"column":0},"end":{"line":22,"column":10}},"22":{"start":{"line":23,"column":0},"end":{"line":23,"column":30}},"23":{"start":{"line":24,"column":0},"end":{"line":24,"column":14}},"24":{"start":{"line":25,"column":0},"end":{"line":25,"column":16}},"25":{"start":{"line":26,"column":0},"end":{"line":26,"column":51}},"26":{"start":{"line":27,"column":0},"end":{"line":27,"column":57}},"27":{"start":{"line":28,"column":0},"end":{"line":28,"column":16}},"28":{"start":{"line":29,"column":0},"end":{"line":29,"column":33}},"29":{"start":{"line":30,"column":0},"end":{"line":30,"column":21}},"30":{"start":{"line":31,"column":0},"end":{"line":31,"column":32}},"31":{"start":{"line":32,"column":0},"end":{"line":32,"column":34}},"32":{"start":{"line":33,"column":0},"end":{"line":33,"column":33}},"34":{"start":{"line":35,"column":0},"end":{"line":35,"column":12}},"35":{"start":{"line":36,"column":0},"end":{"line":36,"column":16}},"36":{"start":{"line":37,"column":0},"end":{"line":37,"column":26}},"37":{"start":{"line":38,"column":0},"end":{"line":38,"column":21}},"38":{"start":{"line":39,"column":0},"end":{"line":39,"column":34}},"39":{"start":{"line":40,"column":0},"end":{"line":40,"column":30}},"40":{"start":{"line":41,"column":0},"end":{"line":41,"column":35}},"42":{"start":{"line":43,"column":0},"end":{"line":43,"column":12}},"43":{"start":{"line":44,"column":0},"end":{"line":44,"column":16}},"44":{"start":{"line":45,"column":0},"end":{"line":45,"column":36}},"45":{"start":{"line":46,"column":0},"end":{"line":46,"column":21}},"46":{"start":{"line":47,"column":0},"end":{"line":47,"column":34}},"47":{"start":{"line":48,"column":0},"end":{"line":48,"column":36}},"48":{"start":{"line":49,"column":0},"end":{"line":49,"column":35}},"50":{"start":{"line":51,"column":0},"end":{"line":51,"column":12}},"51":{"start":{"line":52,"column":0},"end":{"line":52,"column":71}},"52":{"start":{"line":53,"column":0},"end":{"line":53,"column":16}},"53":{"start":{"line":54,"column":0},"end":{"line":54,"column":47}},"54":{"start":{"line":55,"column":0},"end":{"line":55,"column":47}},"55":{"start":{"line":56,"column":0},"end":{"line":56,"column":12}},"56":{"start":{"line":57,"column":0},"end":{"line":57,"column":69}},"57":{"start":{"line":58,"column":0},"end":{"line":58,"column":59}},"58":{"start":{"line":59,"column":0},"end":{"line":59,"column":57}},"59":{"start":{"line":60,"column":0},"end":{"line":60,"column":55}},"60":{"start":{"line":61,"column":0},"end":{"line":61,"column":17}},"61":{"start":{"line":62,"column":0},"end":{"line":62,"column":15}},"62":{"start":{"line":63,"column":0},"end":{"line":63,"column":31}},"64":{"start":{"line":65,"column":0},"end":{"line":65,"column":1}}},"s":{"0":1,"1":1,"2":1,"8":1,"9":1,"10":1,"11":1,"12":1,"13":1,"14":1,"15":1,"16":1,"17":1,"18":1,"20":1,"21":4,"22":4,"23":4,"24":4,"25":4,"26":4,"27":4,"28":4,"29":4,"30":4,"31":4,"32":4,"34":4,"35":4,"36":4,"37":4,"38":4,"39":4,"40":4,"42":4,"43":4,"44":4,"45":4,"46":4,"47":4,"48":4,"50":4,"51":4,"52":4,"53":4,"54":4,"55":4,"56":4,"57":4,"58":4,"59":4,"60":4,"61":4,"62":4,"64":4},"branchMap":{"0":{"type":"branch","line":21,"loc":{"start":{"line":21,"column":7},"end":{"line":65,"column":1}},"locations":[{"start":{"line":21,"column":7},"end":{"line":65,"column":1}}]}},"b":{"0":[4]},"fnMap":{"0":{"name":"App","decl":{"start":{"line":21,"column":7},"end":{"line":65,"column":1}},"loc":{"start":{"line":21,"column":7},"end":{"line":65,"column":1}},"line":21}},"f":{"0":4}}
,"D:\\Windows\\Documents\\ACoding\\iGEMerDB\\OIerDb\\src\\app\\data.ts": {"path":"D:\\Windows\\Documents\\ACoding\\iGEMerDB\\OIerDb\\src\\app\\data.ts","all":false,"statementMap":{"15":{"start":{"line":16,"column":0},"end":{"line":16,"column":73}},"16":{"start":{"line":17,"column":0},"end":{"line":17,"column":22}},"17":{"start":{"line":18,"column":0},"end":{"line":18,"column":22}},"18":{"start":{"line":19,"column":0},"end":{"line":19,"column":36}},"19":{"start":{"line":20,"column":0},"end":{"line":20,"column":24}},"20":{"start":{"line":21,"column":0},"end":{"line":21,"column":29}},"21":{"start":{"line":22,"column":0},"end":{"line":22,"column":37}},"22":{"start":{"line":23,"column":0},"end":{"line":23,"column":12}},"23":{"start":{"line":24,"column":0},"end":{"line":24,"column":1}},"25":{"start":{"line":26,"column":0},"end":{"line":26,"column":42}},"27":{"start":{"line":28,"column":0},"end":{"line":28,"column":41}},"28":{"start":{"line":29,"column":0},"end":{"line":29,"column":12}},"29":{"start":{"line":30,"column":0},"end":{"line":30,"column":12}},"30":{"start":{"line":31,"column":0},"end":{"line":31,"column":16}},"31":{"start":{"line":32,"column":0},"end":{"line":32,"column":15}},"32":{"start":{"line":33,"column":0},"end":{"line":33,"column":9}},"33":{"start":{"line":34,"column":0},"end":{"line":34,"column":16}},"34":{"start":{"line":35,"column":0},"end":{"line":35,"column":15}},"35":{"start":{"line":36,"column":0},"end":{"line":36,"column":14}},"36":{"start":{"line":37,"column":0},"end":{"line":37,"column":16}},"37":{"start":{"line":38,"column":0},"end":{"line":38,"column":8}},"38":{"start":{"line":39,"column":0},"end":{"line":39,"column":7}},"39":{"start":{"line":40,"column":0},"end":{"line":40,"column":8}},"40":{"start":{"line":41,"column":0},"end":{"line":41,"column":8}},"41":{"start":{"line":42,"column":0},"end":{"line":42,"column":7}},"42":{"start":{"line":43,"column":0},"end":{"line":43,"column":9}},"43":{"start":{"line":44,"column":0},"end":{"line":44,"column":19}},"44":{"start":{"line":45,"column":0},"end":{"line":45,"column":18}},"45":{"start":{"line":46,"column":0},"end":{"line":46,"column":9}},"46":{"start":{"line":47,"column":0},"end":{"line":47,"column":11}},"47":{"start":{"line":48,"column":0},"end":{"line":48,"column":12}},"48":{"start":{"line":49,"column":0},"end":{"line":49,"column":17}},"49":{"start":{"line":50,"column":0},"end":{"line":50,"column":9}},"50":{"start":{"line":51,"column":0},"end":{"line":51,"column":14}},"51":{"start":{"line":52,"column":0},"end":{"line":52,"column":15}},"52":{"start":{"line":53,"column":0},"end":{"line":53,"column":12}},"53":{"start":{"line":54,"column":0},"end":{"line":54,"column":7}},"54":{"start":{"line":55,"column":0},"end":{"line":55,"column":7}},"55":{"start":{"line":56,"column":0},"end":{"line":56,"column":7}},"56":{"start":{"line":57,"column":0},"end":{"line":57,"column":7}},"57":{"start":{"line":58,"column":0},"end":{"line":58,"column":7}},"58":{"start":{"line":59,"column":0},"end":{"line":59,"column":7}},"59":{"start":{"line":60,"column":0},"end":{"line":60,"column":3}},"61":{"start":{"line":62,"column":0},"end":{"line":62,"column":77}},"62":{"start":{"line":63,"column":0},"end":{"line":63,"column":10}},"63":{"start":{"line":64,"column":0},"end":{"line":64,"column":9}},"64":{"start":{"line":65,"column":0},"end":{"line":65,"column":14}},"65":{"start":{"line":66,"column":0},"end":{"line":66,"column":26}},"66":{"start":{"line":67,"column":0},"end":{"line":67,"column":50}},"68":{"start":{"line":69,"column":0},"end":{"line":69,"column":1}},"70":{"start":{"line":71,"column":0},"end":{"line":71,"column":41}},"71":{"start":{"line":72,"column":0},"end":{"line":72,"column":35}},"72":{"start":{"line":73,"column":0},"end":{"line":73,"column":11}},"75":{"start":{"line":76,"column":0},"end":{"line":76,"column":30}},"76":{"start":{"line":77,"column":0},"end":{"line":77,"column":1}},"78":{"start":{"line":79,"column":0},"end":{"line":79,"column":44}},"79":{"start":{"line":80,"column":0},"end":{"line":80,"column":35}},"80":{"start":{"line":81,"column":0},"end":{"line":81,"column":12}},"81":{"start":{"line":82,"column":0},"end":{"line":82,"column":53}},"82":{"start":{"line":83,"column":0},"end":{"line":83,"column":75}},"83":{"start":{"line":84,"column":0},"end":{"line":84,"column":47}},"84":{"start":{"line":85,"column":0},"end":{"line":85,"column":77}},"85":{"start":{"line":86,"column":0},"end":{"line":86,"column":17}},"87":{"start":{"line":88,"column":0},"end":{"line":88,"column":35}},"88":{"start":{"line":89,"column":0},"end":{"line":89,"column":15}},"89":{"start":{"line":90,"column":0},"end":{"line":90,"column":67}},"90":{"start":{"line":91,"column":0},"end":{"line":91,"column":10}},"91":{"start":{"line":92,"column":0},"end":{"line":92,"column":32}},"92":{"start":{"line":93,"column":0},"end":{"line":93,"column":58}},"94":{"start":{"line":95,"column":0},"end":{"line":95,"column":1}},"96":{"start":{"line":97,"column":0},"end":{"line":97,"column":57}},"97":{"start":{"line":98,"column":0},"end":{"line":98,"column":58}},"98":{"start":{"line":99,"column":0},"end":{"line":99,"column":1}},"100":{"start":{"line":101,"column":0},"end":{"line":101,"column":26}},"101":{"start":{"line":102,"column":0},"end":{"line":102,"column":45}},"105":{"start":{"line":106,"column":0},"end":{"line":106,"column":10}},"106":{"start":{"line":107,"column":0},"end":{"line":107,"column":66}},"107":{"start":{"line":108,"column":0},"end":{"line":108,"column":16}},"108":{"start":{"line":109,"column":0},"end":{"line":109,"column":69}},"110":{"start":{"line":111,"column":0},"end":{"line":111,"column":52}},"111":{"start":{"line":112,"column":0},"end":{"line":112,"column":12}},"112":{"start":{"line":113,"column":0},"end":{"line":113,"column":54}},"113":{"start":{"line":114,"column":0},"end":{"line":114,"column":10}},"114":{"start":{"line":115,"column":0},"end":{"line":115,"column":20}},"115":{"start":{"line":116,"column":0},"end":{"line":116,"column":9}},"116":{"start":{"line":117,"column":0},"end":{"line":117,"column":55}},"117":{"start":{"line":118,"column":0},"end":{"line":118,"column":27}},"118":{"start":{"line":119,"column":0},"end":{"line":119,"column":4}},"119":{"start":{"line":120,"column":0},"end":{"line":120,"column":1}},"121":{"start":{"line":122,"column":0},"end":{"line":122,"column":33}},"122":{"start":{"line":123,"column":0},"end":{"line":123,"column":42}},"123":{"start":{"line":124,"column":0},"end":{"line":124,"column":37}},"124":{"start":{"line":125,"column":0},"end":{"line":125,"column":21}},"125":{"start":{"line":126,"column":0},"end":{"line":126,"column":24}},"126":{"start":{"line":127,"column":0},"end":{"line":127,"column":11}},"127":{"start":{"line":128,"column":0},"end":{"line":128,"column":46}},"128":{"start":{"line":129,"column":0},"end":{"line":129,"column":46}},"129":{"start":{"line":130,"column":0},"end":{"line":130,"column":40}},"133":{"start":{"line":134,"column":0},"end":{"line":134,"column":6}},"134":{"start":{"line":135,"column":0},"end":{"line":135,"column":24}},"135":{"start":{"line":136,"column":0},"end":{"line":136,"column":34}},"136":{"start":{"line":137,"column":0},"end":{"line":137,"column":57}},"137":{"start":{"line":138,"column":0},"end":{"line":138,"column":5}},"138":{"start":{"line":139,"column":0},"end":{"line":139,"column":21}},"139":{"start":{"line":140,"column":0},"end":{"line":140,"column":3}},"141":{"start":{"line":142,"column":0},"end":{"line":142,"column":49}},"142":{"start":{"line":143,"column":0},"end":{"line":143,"column":23}},"143":{"start":{"line":144,"column":0},"end":{"line":144,"column":25}},"144":{"start":{"line":145,"column":0},"end":{"line":145,"column":29}},"145":{"start":{"line":146,"column":0},"end":{"line":146,"column":19}},"146":{"start":{"line":147,"column":0},"end":{"line":147,"column":13}},"147":{"start":{"line":148,"column":0},"end":{"line":148,"column":23}},"148":{"start":{"line":149,"column":0},"end":{"line":149,"column":27}},"149":{"start":{"line":150,"column":0},"end":{"line":150,"column":23}},"150":{"start":{"line":151,"column":0},"end":{"line":151,"column":4}},"151":{"start":{"line":152,"column":0},"end":{"line":152,"column":68}},"153":{"start":{"line":154,"column":0},"end":{"line":154,"column":44}},"154":{"start":{"line":155,"column":0},"end":{"line":155,"column":23}},"155":{"start":{"line":156,"column":0},"end":{"line":156,"column":34}},"156":{"start":{"line":157,"column":0},"end":{"line":157,"column":29}},"157":{"start":{"line":158,"column":0},"end":{"line":158,"column":19}},"158":{"start":{"line":159,"column":0},"end":{"line":159,"column":23}},"159":{"start":{"line":160,"column":0},"end":{"line":160,"column":25}},"160":{"start":{"line":161,"column":0},"end":{"line":161,"column":23}},"161":{"start":{"line":162,"column":0},"end":{"line":162,"column":32}},"162":{"start":{"line":163,"column":0},"end":{"line":163,"column":4}},"163":{"start":{"line":164,"column":0},"end":{"line":164,"column":65}},"164":{"start":{"line":165,"column":0},"end":{"line":165,"column":1}},"166":{"start":{"line":167,"column":0},"end":{"line":167,"column":33}},"167":{"start":{"line":168,"column":0},"end":{"line":168,"column":35}},"168":{"start":{"line":169,"column":0},"end":{"line":169,"column":36}},"169":{"start":{"line":170,"column":0},"end":{"line":170,"column":24}},"170":{"start":{"line":171,"column":0},"end":{"line":171,"column":23}},"171":{"start":{"line":172,"column":0},"end":{"line":172,"column":44}},"172":{"start":{"line":173,"column":0},"end":{"line":173,"column":6}},"173":{"start":{"line":174,"column":0},"end":{"line":174,"column":30}},"174":{"start":{"line":175,"column":0},"end":{"line":175,"column":31}},"175":{"start":{"line":176,"column":0},"end":{"line":176,"column":34}},"176":{"start":{"line":177,"column":0},"end":{"line":177,"column":31}},"177":{"start":{"line":178,"column":0},"end":{"line":178,"column":25}},"178":{"start":{"line":179,"column":0},"end":{"line":179,"column":5}},"179":{"start":{"line":180,"column":0},"end":{"line":180,"column":20}},"180":{"start":{"line":181,"column":0},"end":{"line":181,"column":3}},"181":{"start":{"line":182,"column":0},"end":{"line":182,"column":53}},"182":{"start":{"line":183,"column":0},"end":{"line":183,"column":6}},"183":{"start":{"line":184,"column":0},"end":{"line":184,"column":38}},"184":{"start":{"line":185,"column":0},"end":{"line":185,"column":39}},"185":{"start":{"line":186,"column":0},"end":{"line":186,"column":39}},"186":{"start":{"line":187,"column":0},"end":{"line":187,"column":5}},"187":{"start":{"line":188,"column":0},"end":{"line":188,"column":28}},"188":{"start":{"line":189,"column":0},"end":{"line":189,"column":3}},"189":{"start":{"line":190,"column":0},"end":{"line":190,"column":51}},"190":{"start":{"line":191,"column":0},"end":{"line":191,"column":1}},"192":{"start":{"line":193,"column":0},"end":{"line":193,"column":58}},"193":{"start":{"line":194,"column":0},"end":{"line":194,"column":54}},"194":{"start":{"line":195,"column":0},"end":{"line":195,"column":52}},"195":{"start":{"line":196,"column":0},"end":{"line":196,"column":51}},"196":{"start":{"line":197,"column":0},"end":{"line":197,"column":27}},"197":{"start":{"line":198,"column":0},"end":{"line":198,"column":18}},"198":{"start":{"line":199,"column":0},"end":{"line":199,"column":20}},"199":{"start":{"line":200,"column":0},"end":{"line":200,"column":6}},"200":{"start":{"line":201,"column":0},"end":{"line":201,"column":12}},"201":{"start":{"line":202,"column":0},"end":{"line":202,"column":18}},"202":{"start":{"line":203,"column":0},"end":{"line":203,"column":22}},"203":{"start":{"line":204,"column":0},"end":{"line":204,"column":22}},"204":{"start":{"line":205,"column":0},"end":{"line":205,"column":45}},"205":{"start":{"line":206,"column":0},"end":{"line":206,"column":28}},"206":{"start":{"line":207,"column":0},"end":{"line":207,"column":45}},"207":{"start":{"line":208,"column":0},"end":{"line":208,"column":21}},"208":{"start":{"line":209,"column":0},"end":{"line":209,"column":21}},"209":{"start":{"line":210,"column":0},"end":{"line":210,"column":31}},"210":{"start":{"line":211,"column":0},"end":{"line":211,"column":26}},"211":{"start":{"line":212,"column":0},"end":{"line":212,"column":67}},"212":{"start":{"line":213,"column":0},"end":{"line":213,"column":43}},"213":{"start":{"line":214,"column":0},"end":{"line":214,"column":60}},"214":{"start":{"line":215,"column":0},"end":{"line":215,"column":60}},"215":{"start":{"line":216,"column":0},"end":{"line":216,"column":60}},"216":{"start":{"line":217,"column":0},"end":{"line":217,"column":47}},"217":{"start":{"line":218,"column":0},"end":{"line":218,"column":45}},"218":{"start":{"line":219,"column":0},"end":{"line":219,"column":70}},"219":{"start":{"line":220,"column":0},"end":{"line":220,"column":28}},"220":{"start":{"line":221,"column":0},"end":{"line":221,"column":47}},"221":{"start":{"line":222,"column":0},"end":{"line":222,"column":34}},"222":{"start":{"line":223,"column":0},"end":{"line":223,"column":43}},"223":{"start":{"line":224,"column":0},"end":{"line":224,"column":40}},"224":{"start":{"line":225,"column":0},"end":{"line":225,"column":35}},"225":{"start":{"line":226,"column":0},"end":{"line":226,"column":30}},"226":{"start":{"line":227,"column":0},"end":{"line":227,"column":45}},"227":{"start":{"line":228,"column":0},"end":{"line":228,"column":61}},"228":{"start":{"line":229,"column":0},"end":{"line":229,"column":54}},"229":{"start":{"line":230,"column":0},"end":{"line":230,"column":57}},"230":{"start":{"line":231,"column":0},"end":{"line":231,"column":67}},"231":{"start":{"line":232,"column":0},"end":{"line":232,"column":22}},"232":{"start":{"line":233,"column":0},"end":{"line":233,"column":23}},"233":{"start":{"line":234,"column":0},"end":{"line":234,"column":23}},"234":{"start":{"line":235,"column":0},"end":{"line":235,"column":32}},"235":{"start":{"line":236,"column":0},"end":{"line":236,"column":77}},"236":{"start":{"line":237,"column":0},"end":{"line":237,"column":14}},"237":{"start":{"line":238,"column":0},"end":{"line":238,"column":10}},"238":{"start":{"line":239,"column":0},"end":{"line":239,"column":8}},"239":{"start":{"line":240,"column":0},"end":{"line":240,"column":6}},"240":{"start":{"line":241,"column":0},"end":{"line":241,"column":5}},"241":{"start":{"line":242,"column":0},"end":{"line":242,"column":56}},"242":{"start":{"line":243,"column":0},"end":{"line":243,"column":63}},"243":{"start":{"line":244,"column":0},"end":{"line":244,"column":68}},"245":{"start":{"line":246,"column":0},"end":{"line":246,"column":58}},"246":{"start":{"line":247,"column":0},"end":{"line":247,"column":18}},"247":{"start":{"line":248,"column":0},"end":{"line":248,"column":20}},"248":{"start":{"line":249,"column":0},"end":{"line":249,"column":34}},"249":{"start":{"line":250,"column":0},"end":{"line":250,"column":52}},"250":{"start":{"line":251,"column":0},"end":{"line":251,"column":36}},"251":{"start":{"line":252,"column":0},"end":{"line":252,"column":48}},"252":{"start":{"line":253,"column":0},"end":{"line":253,"column":32}},"253":{"start":{"line":254,"column":0},"end":{"line":254,"column":39}},"254":{"start":{"line":255,"column":0},"end":{"line":255,"column":48}},"255":{"start":{"line":256,"column":0},"end":{"line":256,"column":46}},"256":{"start":{"line":257,"column":0},"end":{"line":257,"column":33}},"257":{"start":{"line":258,"column":0},"end":{"line":258,"column":20}},"258":{"start":{"line":259,"column":0},"end":{"line":259,"column":30}},"259":{"start":{"line":260,"column":0},"end":{"line":260,"column":7}},"260":{"start":{"line":261,"column":0},"end":{"line":261,"column":18}},"261":{"start":{"line":262,"column":0},"end":{"line":262,"column":22}},"262":{"start":{"line":263,"column":0},"end":{"line":263,"column":25}},"263":{"start":{"line":264,"column":0},"end":{"line":264,"column":19}},"264":{"start":{"line":265,"column":0},"end":{"line":265,"column":21}},"265":{"start":{"line":266,"column":0},"end":{"line":266,"column":18}},"266":{"start":{"line":267,"column":0},"end":{"line":267,"column":6}},"267":{"start":{"line":268,"column":0},"end":{"line":268,"column":6}},"268":{"start":{"line":269,"column":0},"end":{"line":269,"column":57}},"269":{"start":{"line":270,"column":0},"end":{"line":270,"column":77}},"271":{"start":{"line":272,"column":0},"end":{"line":272,"column":34}},"272":{"start":{"line":273,"column":0},"end":{"line":273,"column":44}},"273":{"start":{"line":274,"column":0},"end":{"line":274,"column":52}},"274":{"start":{"line":275,"column":0},"end":{"line":275,"column":35}},"276":{"start":{"line":277,"column":0},"end":{"line":277,"column":36}},"277":{"start":{"line":278,"column":0},"end":{"line":278,"column":11}},"278":{"start":{"line":279,"column":0},"end":{"line":279,"column":13}},"279":{"start":{"line":280,"column":0},"end":{"line":280,"column":35}},"280":{"start":{"line":281,"column":0},"end":{"line":281,"column":36}},"281":{"start":{"line":282,"column":0},"end":{"line":282,"column":27}},"282":{"start":{"line":283,"column":0},"end":{"line":283,"column":22}},"283":{"start":{"line":284,"column":0},"end":{"line":284,"column":33}},"284":{"start":{"line":285,"column":0},"end":{"line":285,"column":22}},"285":{"start":{"line":286,"column":0},"end":{"line":286,"column":8}},"286":{"start":{"line":287,"column":0},"end":{"line":287,"column":43}},"287":{"start":{"line":288,"column":0},"end":{"line":288,"column":42}},"288":{"start":{"line":289,"column":0},"end":{"line":289,"column":67}},"289":{"start":{"line":290,"column":0},"end":{"line":290,"column":55}},"290":{"start":{"line":291,"column":0},"end":{"line":291,"column":6}},"291":{"start":{"line":292,"column":0},"end":{"line":292,"column":38}},"292":{"start":{"line":293,"column":0},"end":{"line":293,"column":40}},"293":{"start":{"line":294,"column":0},"end":{"line":294,"column":3}},"294":{"start":{"line":295,"column":0},"end":{"line":295,"column":30}},"295":{"start":{"line":296,"column":0},"end":{"line":296,"column":74}},"296":{"start":{"line":297,"column":0},"end":{"line":297,"column":41}},"297":{"start":{"line":298,"column":0},"end":{"line":298,"column":40}},"298":{"start":{"line":299,"column":0},"end":{"line":299,"column":68}},"299":{"start":{"line":300,"column":0},"end":{"line":300,"column":5}},"300":{"start":{"line":301,"column":0},"end":{"line":301,"column":3}},"301":{"start":{"line":302,"column":0},"end":{"line":302,"column":35}},"302":{"start":{"line":303,"column":0},"end":{"line":303,"column":74}},"303":{"start":{"line":304,"column":0},"end":{"line":304,"column":32}},"304":{"start":{"line":305,"column":0},"end":{"line":305,"column":48}},"305":{"start":{"line":306,"column":0},"end":{"line":306,"column":47}},"306":{"start":{"line":307,"column":0},"end":{"line":307,"column":3}},"307":{"start":{"line":308,"column":0},"end":{"line":308,"column":34}},"308":{"start":{"line":309,"column":0},"end":{"line":309,"column":34}},"309":{"start":{"line":310,"column":0},"end":{"line":310,"column":80}},"310":{"start":{"line":311,"column":0},"end":{"line":311,"column":7}},"311":{"start":{"line":312,"column":0},"end":{"line":312,"column":16}},"313":{"start":{"line":314,"column":0},"end":{"line":314,"column":37}},"314":{"start":{"line":315,"column":0},"end":{"line":315,"column":45}},"315":{"start":{"line":316,"column":0},"end":{"line":316,"column":44}},"316":{"start":{"line":317,"column":0},"end":{"line":317,"column":24}},"317":{"start":{"line":318,"column":0},"end":{"line":318,"column":31}},"318":{"start":{"line":319,"column":0},"end":{"line":319,"column":11}},"319":{"start":{"line":320,"column":0},"end":{"line":320,"column":33}},"320":{"start":{"line":321,"column":0},"end":{"line":321,"column":24}},"321":{"start":{"line":322,"column":0},"end":{"line":322,"column":30}},"322":{"start":{"line":323,"column":0},"end":{"line":323,"column":30}},"323":{"start":{"line":324,"column":0},"end":{"line":324,"column":34}},"324":{"start":{"line":325,"column":0},"end":{"line":325,"column":40}},"325":{"start":{"line":326,"column":0},"end":{"line":326,"column":35}},"326":{"start":{"line":327,"column":0},"end":{"line":327,"column":43}},"327":{"start":{"line":328,"column":0},"end":{"line":328,"column":6}},"328":{"start":{"line":329,"column":0},"end":{"line":329,"column":35}},"329":{"start":{"line":330,"column":0},"end":{"line":330,"column":53}},"330":{"start":{"line":331,"column":0},"end":{"line":331,"column":8}},"331":{"start":{"line":332,"column":0},"end":{"line":332,"column":20}},"332":{"start":{"line":333,"column":0},"end":{"line":333,"column":32}},"333":{"start":{"line":334,"column":0},"end":{"line":334,"column":34}},"334":{"start":{"line":335,"column":0},"end":{"line":335,"column":7}},"335":{"start":{"line":336,"column":0},"end":{"line":336,"column":50}},"336":{"start":{"line":337,"column":0},"end":{"line":337,"column":5}},"337":{"start":{"line":338,"column":0},"end":{"line":338,"column":3}},"339":{"start":{"line":340,"column":0},"end":{"line":340,"column":41}},"340":{"start":{"line":341,"column":0},"end":{"line":341,"column":54}},"341":{"start":{"line":342,"column":0},"end":{"line":342,"column":70}},"342":{"start":{"line":343,"column":0},"end":{"line":343,"column":63}},"343":{"start":{"line":344,"column":0},"end":{"line":344,"column":68}},"344":{"start":{"line":345,"column":0},"end":{"line":345,"column":65}},"346":{"start":{"line":347,"column":0},"end":{"line":347,"column":37}},"347":{"start":{"line":348,"column":0},"end":{"line":348,"column":29}},"348":{"start":{"line":349,"column":0},"end":{"line":349,"column":65}},"349":{"start":{"line":350,"column":0},"end":{"line":350,"column":8}},"350":{"start":{"line":351,"column":0},"end":{"line":351,"column":51}},"351":{"start":{"line":352,"column":0},"end":{"line":352,"column":47}},"352":{"start":{"line":353,"column":0},"end":{"line":353,"column":45}},"353":{"start":{"line":354,"column":0},"end":{"line":354,"column":41}},"354":{"start":{"line":355,"column":0},"end":{"line":355,"column":43}},"355":{"start":{"line":356,"column":0},"end":{"line":356,"column":74}},"356":{"start":{"line":357,"column":0},"end":{"line":357,"column":6}},"357":{"start":{"line":358,"column":0},"end":{"line":358,"column":4}},"359":{"start":{"line":360,"column":0},"end":{"line":360,"column":34}},"360":{"start":{"line":361,"column":0},"end":{"line":361,"column":43}},"361":{"start":{"line":362,"column":0},"end":{"line":362,"column":16}},"362":{"start":{"line":363,"column":0},"end":{"line":363,"column":29}},"363":{"start":{"line":364,"column":0},"end":{"line":364,"column":8}},"364":{"start":{"line":365,"column":0},"end":{"line":365,"column":21}},"365":{"start":{"line":366,"column":0},"end":{"line":366,"column":26}},"366":{"start":{"line":367,"column":0},"end":{"line":367,"column":34}},"367":{"start":{"line":368,"column":0},"end":{"line":368,"column":13}},"368":{"start":{"line":369,"column":0},"end":{"line":369,"column":5}},"369":{"start":{"line":370,"column":0},"end":{"line":370,"column":61}},"370":{"start":{"line":371,"column":0},"end":{"line":371,"column":4}},"372":{"start":{"line":373,"column":0},"end":{"line":373,"column":29}},"373":{"start":{"line":374,"column":0},"end":{"line":374,"column":65}},"374":{"start":{"line":375,"column":0},"end":{"line":375,"column":15}},"375":{"start":{"line":376,"column":0},"end":{"line":376,"column":34}},"376":{"start":{"line":377,"column":0},"end":{"line":377,"column":30}},"377":{"start":{"line":378,"column":0},"end":{"line":378,"column":21}},"378":{"start":{"line":379,"column":0},"end":{"line":379,"column":38}},"379":{"start":{"line":380,"column":0},"end":{"line":380,"column":9}},"380":{"start":{"line":381,"column":0},"end":{"line":381,"column":17}},"381":{"start":{"line":382,"column":0},"end":{"line":382,"column":28}},"382":{"start":{"line":383,"column":0},"end":{"line":383,"column":40}},"383":{"start":{"line":384,"column":0},"end":{"line":384,"column":34}},"384":{"start":{"line":385,"column":0},"end":{"line":385,"column":13}},"385":{"start":{"line":386,"column":0},"end":{"line":386,"column":16}},"386":{"start":{"line":387,"column":0},"end":{"line":387,"column":17}},"387":{"start":{"line":388,"column":0},"end":{"line":388,"column":32}},"388":{"start":{"line":389,"column":0},"end":{"line":389,"column":73}},"389":{"start":{"line":390,"column":0},"end":{"line":390,"column":8}},"390":{"start":{"line":391,"column":0},"end":{"line":391,"column":6}},"391":{"start":{"line":392,"column":0},"end":{"line":392,"column":35}},"392":{"start":{"line":393,"column":0},"end":{"line":393,"column":23}},"393":{"start":{"line":394,"column":0},"end":{"line":394,"column":4}},"395":{"start":{"line":396,"column":0},"end":{"line":396,"column":39}},"396":{"start":{"line":397,"column":0},"end":{"line":397,"column":47}},"397":{"start":{"line":398,"column":0},"end":{"line":398,"column":28}},"398":{"start":{"line":399,"column":0},"end":{"line":399,"column":47}},"399":{"start":{"line":400,"column":0},"end":{"line":400,"column":33}},"401":{"start":{"line":402,"column":0},"end":{"line":402,"column":52}},"402":{"start":{"line":403,"column":0},"end":{"line":403,"column":62}},"403":{"start":{"line":404,"column":0},"end":{"line":404,"column":87}},"404":{"start":{"line":405,"column":0},"end":{"line":405,"column":21}},"405":{"start":{"line":406,"column":0},"end":{"line":406,"column":52}},"406":{"start":{"line":407,"column":0},"end":{"line":407,"column":21}},"407":{"start":{"line":408,"column":0},"end":{"line":408,"column":56}},"408":{"start":{"line":409,"column":0},"end":{"line":409,"column":24}},"409":{"start":{"line":410,"column":0},"end":{"line":410,"column":7}},"410":{"start":{"line":411,"column":0},"end":{"line":411,"column":12}},"411":{"start":{"line":412,"column":0},"end":{"line":412,"column":69}},"412":{"start":{"line":413,"column":0},"end":{"line":413,"column":25}},"413":{"start":{"line":414,"column":0},"end":{"line":414,"column":60}},"414":{"start":{"line":415,"column":0},"end":{"line":415,"column":28}},"415":{"start":{"line":416,"column":0},"end":{"line":416,"column":7}},"416":{"start":{"line":417,"column":0},"end":{"line":417,"column":32}},"417":{"start":{"line":418,"column":0},"end":{"line":418,"column":60}},"418":{"start":{"line":419,"column":0},"end":{"line":419,"column":30}},"419":{"start":{"line":420,"column":0},"end":{"line":420,"column":65}},"420":{"start":{"line":421,"column":0},"end":{"line":421,"column":33}},"421":{"start":{"line":422,"column":0},"end":{"line":422,"column":9}},"422":{"start":{"line":423,"column":0},"end":{"line":423,"column":7}},"423":{"start":{"line":424,"column":0},"end":{"line":424,"column":75}},"424":{"start":{"line":425,"column":0},"end":{"line":425,"column":26}},"425":{"start":{"line":426,"column":0},"end":{"line":426,"column":61}},"426":{"start":{"line":427,"column":0},"end":{"line":427,"column":29}},"427":{"start":{"line":428,"column":0},"end":{"line":428,"column":7}},"428":{"start":{"line":429,"column":0},"end":{"line":429,"column":5}},"430":{"start":{"line":431,"column":0},"end":{"line":431,"column":14}},"431":{"start":{"line":432,"column":0},"end":{"line":432,"column":19}},"432":{"start":{"line":433,"column":0},"end":{"line":433,"column":70}},"433":{"start":{"line":434,"column":0},"end":{"line":434,"column":42}},"434":{"start":{"line":435,"column":0},"end":{"line":435,"column":17}},"435":{"start":{"line":436,"column":0},"end":{"line":436,"column":9}},"436":{"start":{"line":437,"column":0},"end":{"line":437,"column":22}},"437":{"start":{"line":438,"column":0},"end":{"line":438,"column":25}},"438":{"start":{"line":439,"column":0},"end":{"line":439,"column":6}},"439":{"start":{"line":440,"column":0},"end":{"line":440,"column":62}},"440":{"start":{"line":441,"column":0},"end":{"line":441,"column":69}},"441":{"start":{"line":442,"column":0},"end":{"line":442,"column":79}},"442":{"start":{"line":443,"column":0},"end":{"line":443,"column":65}},"443":{"start":{"line":444,"column":0},"end":{"line":444,"column":23}},"444":{"start":{"line":445,"column":0},"end":{"line":445,"column":4}},"446":{"start":{"line":447,"column":0},"end":{"line":447,"column":79}},"448":{"start":{"line":449,"column":0},"end":{"line":449,"column":36}},"449":{"start":{"line":450,"column":0},"end":{"line":450,"column":42}},"450":{"start":{"line":451,"column":0},"end":{"line":451,"column":24}},"451":{"start":{"line":452,"column":0},"end":{"line":452,"column":52}},"452":{"start":{"line":453,"column":0},"end":{"line":453,"column":57}},"453":{"start":{"line":454,"column":0},"end":{"line":454,"column":60}},"454":{"start":{"line":455,"column":0},"end":{"line":455,"column":33}},"455":{"start":{"line":456,"column":0},"end":{"line":456,"column":49}},"456":{"start":{"line":457,"column":0},"end":{"line":457,"column":67}},"457":{"start":{"line":458,"column":0},"end":{"line":458,"column":5}},"458":{"start":{"line":459,"column":0},"end":{"line":459,"column":3}},"460":{"start":{"line":461,"column":0},"end":{"line":461,"column":32}},"461":{"start":{"line":462,"column":0},"end":{"line":462,"column":71}},"462":{"start":{"line":463,"column":0},"end":{"line":463,"column":69}},"463":{"start":{"line":464,"column":0},"end":{"line":464,"column":59}},"464":{"start":{"line":465,"column":0},"end":{"line":465,"column":23}},"465":{"start":{"line":466,"column":0},"end":{"line":466,"column":43}},"466":{"start":{"line":467,"column":0},"end":{"line":467,"column":15}},"467":{"start":{"line":468,"column":0},"end":{"line":468,"column":37}},"468":{"start":{"line":469,"column":0},"end":{"line":469,"column":9}},"469":{"start":{"line":470,"column":0},"end":{"line":470,"column":32}},"470":{"start":{"line":471,"column":0},"end":{"line":471,"column":38}},"471":{"start":{"line":472,"column":0},"end":{"line":472,"column":19}},"472":{"start":{"line":473,"column":0},"end":{"line":473,"column":40}},"473":{"start":{"line":474,"column":0},"end":{"line":474,"column":29}},"474":{"start":{"line":475,"column":0},"end":{"line":475,"column":13}},"475":{"start":{"line":476,"column":0},"end":{"line":476,"column":8}},"476":{"start":{"line":477,"column":0},"end":{"line":477,"column":56}},"477":{"start":{"line":478,"column":0},"end":{"line":478,"column":5}},"478":{"start":{"line":479,"column":0},"end":{"line":479,"column":43}},"479":{"start":{"line":480,"column":0},"end":{"line":480,"column":48}},"480":{"start":{"line":481,"column":0},"end":{"line":481,"column":3}},"482":{"start":{"line":483,"column":0},"end":{"line":483,"column":60}},"483":{"start":{"line":484,"column":0},"end":{"line":484,"column":51}},"484":{"start":{"line":485,"column":0},"end":{"line":485,"column":20}},"485":{"start":{"line":486,"column":0},"end":{"line":486,"column":77}},"486":{"start":{"line":487,"column":0},"end":{"line":487,"column":4}},"487":{"start":{"line":488,"column":0},"end":{"line":488,"column":34}},"488":{"start":{"line":489,"column":0},"end":{"line":489,"column":56}},"489":{"start":{"line":490,"column":0},"end":{"line":490,"column":4}},"490":{"start":{"line":491,"column":0},"end":{"line":491,"column":47}},"491":{"start":{"line":492,"column":0},"end":{"line":492,"column":64}},"492":{"start":{"line":493,"column":0},"end":{"line":493,"column":48}},"493":{"start":{"line":494,"column":0},"end":{"line":494,"column":29}},"494":{"start":{"line":495,"column":0},"end":{"line":495,"column":55}},"495":{"start":{"line":496,"column":0},"end":{"line":496,"column":25}},"496":{"start":{"line":497,"column":0},"end":{"line":497,"column":42}},"497":{"start":{"line":498,"column":0},"end":{"line":498,"column":3}},"498":{"start":{"line":499,"column":0},"end":{"line":499,"column":33}},"499":{"start":{"line":500,"column":0},"end":{"line":500,"column":64}},"500":{"start":{"line":501,"column":0},"end":{"line":501,"column":4}},"501":{"start":{"line":502,"column":0},"end":{"line":502,"column":56}},"502":{"start":{"line":503,"column":0},"end":{"line":503,"column":39}},"503":{"start":{"line":504,"column":0},"end":{"line":504,"column":23}},"504":{"start":{"line":505,"column":0},"end":{"line":505,"column":32}},"505":{"start":{"line":506,"column":0},"end":{"line":506,"column":72}},"506":{"start":{"line":507,"column":0},"end":{"line":507,"column":11}},"507":{"start":{"line":508,"column":0},"end":{"line":508,"column":53}},"508":{"start":{"line":509,"column":0},"end":{"line":509,"column":30}},"509":{"start":{"line":510,"column":0},"end":{"line":510,"column":7}},"511":{"start":{"line":512,"column":0},"end":{"line":512,"column":21}},"512":{"start":{"line":513,"column":0},"end":{"line":513,"column":22}},"513":{"start":{"line":514,"column":0},"end":{"line":514,"column":22}},"514":{"start":{"line":515,"column":0},"end":{"line":515,"column":52}},"515":{"start":{"line":516,"column":0},"end":{"line":516,"column":45}},"516":{"start":{"line":517,"column":0},"end":{"line":517,"column":46}},"517":{"start":{"line":518,"column":0},"end":{"line":518,"column":46}},"518":{"start":{"line":519,"column":0},"end":{"line":519,"column":7}},"519":{"start":{"line":520,"column":0},"end":{"line":520,"column":44}},"520":{"start":{"line":521,"column":0},"end":{"line":521,"column":37}},"522":{"start":{"line":523,"column":0},"end":{"line":523,"column":55}},"523":{"start":{"line":524,"column":0},"end":{"line":524,"column":35}},"524":{"start":{"line":525,"column":0},"end":{"line":525,"column":4}},"525":{"start":{"line":526,"column":0},"end":{"line":526,"column":47}},"526":{"start":{"line":527,"column":0},"end":{"line":527,"column":58}},"527":{"start":{"line":528,"column":0},"end":{"line":528,"column":60}},"528":{"start":{"line":529,"column":0},"end":{"line":529,"column":11}},"529":{"start":{"line":530,"column":0},"end":{"line":530,"column":63}},"530":{"start":{"line":531,"column":0},"end":{"line":531,"column":64}},"531":{"start":{"line":532,"column":0},"end":{"line":532,"column":20}},"532":{"start":{"line":533,"column":0},"end":{"line":533,"column":52}},"533":{"start":{"line":534,"column":0},"end":{"line":534,"column":36}},"534":{"start":{"line":535,"column":0},"end":{"line":535,"column":11}},"535":{"start":{"line":536,"column":0},"end":{"line":536,"column":75}},"537":{"start":{"line":538,"column":0},"end":{"line":538,"column":10}},"538":{"start":{"line":539,"column":0},"end":{"line":539,"column":10}},"539":{"start":{"line":540,"column":0},"end":{"line":540,"column":13}},"540":{"start":{"line":541,"column":0},"end":{"line":541,"column":11}},"541":{"start":{"line":542,"column":0},"end":{"line":542,"column":39}},"542":{"start":{"line":543,"column":0},"end":{"line":543,"column":11}},"543":{"start":{"line":544,"column":0},"end":{"line":544,"column":15}},"544":{"start":{"line":545,"column":0},"end":{"line":545,"column":17}},"545":{"start":{"line":546,"column":0},"end":{"line":546,"column":46}},"546":{"start":{"line":547,"column":0},"end":{"line":547,"column":61}},"547":{"start":{"line":548,"column":0},"end":{"line":548,"column":12}},"548":{"start":{"line":549,"column":0},"end":{"line":549,"column":50}},"549":{"start":{"line":550,"column":0},"end":{"line":550,"column":53}},"550":{"start":{"line":551,"column":0},"end":{"line":551,"column":14}},"551":{"start":{"line":552,"column":0},"end":{"line":552,"column":36}},"552":{"start":{"line":553,"column":0},"end":{"line":553,"column":75}},"553":{"start":{"line":554,"column":0},"end":{"line":554,"column":19}},"554":{"start":{"line":555,"column":0},"end":{"line":555,"column":79}},"555":{"start":{"line":556,"column":0},"end":{"line":556,"column":38}},"556":{"start":{"line":557,"column":0},"end":{"line":557,"column":40}},"557":{"start":{"line":558,"column":0},"end":{"line":558,"column":19}},"558":{"start":{"line":559,"column":0},"end":{"line":559,"column":67}},"559":{"start":{"line":560,"column":0},"end":{"line":560,"column":41}},"560":{"start":{"line":561,"column":0},"end":{"line":561,"column":14}},"561":{"start":{"line":562,"column":0},"end":{"line":562,"column":12}},"562":{"start":{"line":563,"column":0},"end":{"line":563,"column":78}},"563":{"start":{"line":564,"column":0},"end":{"line":564,"column":16}},"564":{"start":{"line":565,"column":0},"end":{"line":565,"column":80}},"565":{"start":{"line":566,"column":0},"end":{"line":566,"column":16}},"566":{"start":{"line":567,"column":0},"end":{"line":567,"column":45}},"567":{"start":{"line":568,"column":0},"end":{"line":568,"column":49}},"568":{"start":{"line":569,"column":0},"end":{"line":569,"column":15}},"569":{"start":{"line":570,"column":0},"end":{"line":570,"column":41}},"570":{"start":{"line":571,"column":0},"end":{"line":571,"column":54}},"571":{"start":{"line":572,"column":0},"end":{"line":572,"column":15}},"572":{"start":{"line":573,"column":0},"end":{"line":573,"column":39}},"573":{"start":{"line":574,"column":0},"end":{"line":574,"column":51}},"574":{"start":{"line":575,"column":0},"end":{"line":575,"column":15}},"575":{"start":{"line":576,"column":0},"end":{"line":576,"column":46}},"576":{"start":{"line":577,"column":0},"end":{"line":577,"column":23}},"577":{"start":{"line":578,"column":0},"end":{"line":578,"column":37}},"578":{"start":{"line":579,"column":0},"end":{"line":579,"column":40}},"579":{"start":{"line":580,"column":0},"end":{"line":580,"column":28}},"580":{"start":{"line":581,"column":0},"end":{"line":581,"column":27}},"581":{"start":{"line":582,"column":0},"end":{"line":582,"column":72}},"582":{"start":{"line":583,"column":0},"end":{"line":583,"column":18}},"583":{"start":{"line":584,"column":0},"end":{"line":584,"column":36}},"584":{"start":{"line":585,"column":0},"end":{"line":585,"column":28}},"585":{"start":{"line":586,"column":0},"end":{"line":586,"column":13}},"586":{"start":{"line":587,"column":0},"end":{"line":587,"column":38}},"587":{"start":{"line":588,"column":0},"end":{"line":588,"column":57}},"588":{"start":{"line":589,"column":0},"end":{"line":589,"column":13}},"589":{"start":{"line":590,"column":0},"end":{"line":590,"column":27}},"590":{"start":{"line":591,"column":0},"end":{"line":591,"column":13}},"591":{"start":{"line":592,"column":0},"end":{"line":592,"column":37}},"592":{"start":{"line":593,"column":0},"end":{"line":593,"column":57}},"593":{"start":{"line":594,"column":0},"end":{"line":594,"column":13}},"594":{"start":{"line":595,"column":0},"end":{"line":595,"column":23}},"595":{"start":{"line":596,"column":0},"end":{"line":596,"column":39}},"596":{"start":{"line":597,"column":0},"end":{"line":597,"column":39}},"597":{"start":{"line":598,"column":0},"end":{"line":598,"column":45}},"598":{"start":{"line":599,"column":0},"end":{"line":599,"column":31}},"599":{"start":{"line":600,"column":0},"end":{"line":600,"column":39}},"600":{"start":{"line":601,"column":0},"end":{"line":601,"column":36}},"601":{"start":{"line":602,"column":0},"end":{"line":602,"column":45}},"602":{"start":{"line":603,"column":0},"end":{"line":603,"column":40}},"603":{"start":{"line":604,"column":0},"end":{"line":604,"column":40}},"604":{"start":{"line":605,"column":0},"end":{"line":605,"column":52}},"605":{"start":{"line":606,"column":0},"end":{"line":606,"column":15}},"606":{"start":{"line":607,"column":0},"end":{"line":607,"column":39}},"607":{"start":{"line":608,"column":0},"end":{"line":608,"column":51}},"608":{"start":{"line":609,"column":0},"end":{"line":609,"column":15}},"609":{"start":{"line":610,"column":0},"end":{"line":610,"column":40}},"610":{"start":{"line":611,"column":0},"end":{"line":611,"column":52}},"611":{"start":{"line":612,"column":0},"end":{"line":612,"column":15}},"612":{"start":{"line":613,"column":0},"end":{"line":613,"column":51}},"613":{"start":{"line":614,"column":0},"end":{"line":614,"column":24}},"614":{"start":{"line":615,"column":0},"end":{"line":615,"column":30}},"615":{"start":{"line":616,"column":0},"end":{"line":616,"column":21}},"616":{"start":{"line":617,"column":0},"end":{"line":617,"column":40}},"617":{"start":{"line":618,"column":0},"end":{"line":618,"column":31}},"618":{"start":{"line":619,"column":0},"end":{"line":619,"column":51}},"619":{"start":{"line":620,"column":0},"end":{"line":620,"column":48}},"620":{"start":{"line":621,"column":0},"end":{"line":621,"column":23}},"621":{"start":{"line":622,"column":0},"end":{"line":622,"column":14}},"622":{"start":{"line":623,"column":0},"end":{"line":623,"column":11}},"623":{"start":{"line":624,"column":0},"end":{"line":624,"column":12}},"624":{"start":{"line":625,"column":0},"end":{"line":625,"column":61}},"625":{"start":{"line":626,"column":0},"end":{"line":626,"column":52}},"626":{"start":{"line":627,"column":0},"end":{"line":627,"column":27}},"627":{"start":{"line":628,"column":0},"end":{"line":628,"column":41}},"628":{"start":{"line":629,"column":0},"end":{"line":629,"column":44}},"629":{"start":{"line":630,"column":0},"end":{"line":630,"column":70}},"630":{"start":{"line":631,"column":0},"end":{"line":631,"column":15}},"631":{"start":{"line":632,"column":0},"end":{"line":632,"column":36}},"632":{"start":{"line":633,"column":0},"end":{"line":633,"column":70}},"633":{"start":{"line":634,"column":0},"end":{"line":634,"column":15}},"634":{"start":{"line":635,"column":0},"end":{"line":635,"column":6}},"635":{"start":{"line":636,"column":0},"end":{"line":636,"column":13}},"636":{"start":{"line":637,"column":0},"end":{"line":637,"column":15}},"637":{"start":{"line":638,"column":0},"end":{"line":638,"column":20}},"638":{"start":{"line":639,"column":0},"end":{"line":639,"column":4}},"639":{"start":{"line":640,"column":0},"end":{"line":640,"column":1}},"641":{"start":{"line":642,"column":0},"end":{"line":642,"column":59}},"642":{"start":{"line":643,"column":0},"end":{"line":643,"column":33}},"643":{"start":{"line":644,"column":0},"end":{"line":644,"column":40}},"644":{"start":{"line":645,"column":0},"end":{"line":645,"column":50}},"645":{"start":{"line":646,"column":0},"end":{"line":646,"column":59}},"646":{"start":{"line":647,"column":0},"end":{"line":647,"column":36}},"647":{"start":{"line":648,"column":0},"end":{"line":648,"column":45}},"648":{"start":{"line":649,"column":0},"end":{"line":649,"column":1}},"656":{"start":{"line":657,"column":0},"end":{"line":657,"column":66}},"657":{"start":{"line":658,"column":0},"end":{"line":658,"column":74}},"659":{"start":{"line":660,"column":0},"end":{"line":660,"column":65}},"660":{"start":{"line":661,"column":0},"end":{"line":661,"column":47}},"661":{"start":{"line":662,"column":0},"end":{"line":662,"column":32}},"663":{"start":{"line":664,"column":0},"end":{"line":664,"column":37}},"664":{"start":{"line":665,"column":0},"end":{"line":665,"column":38}},"665":{"start":{"line":666,"column":0},"end":{"line":666,"column":28}},"666":{"start":{"line":667,"column":0},"end":{"line":667,"column":20}},"667":{"start":{"line":668,"column":0},"end":{"line":668,"column":15}},"668":{"start":{"line":669,"column":0},"end":{"line":669,"column":30}},"669":{"start":{"line":670,"column":0},"end":{"line":670,"column":28}},"670":{"start":{"line":671,"column":0},"end":{"line":671,"column":25}},"671":{"start":{"line":672,"column":0},"end":{"line":672,"column":15}},"672":{"start":{"line":673,"column":0},"end":{"line":673,"column":20}},"673":{"start":{"line":674,"column":0},"end":{"line":674,"column":20}},"674":{"start":{"line":675,"column":0},"end":{"line":675,"column":64}},"675":{"start":{"line":676,"column":0},"end":{"line":676,"column":9}},"676":{"start":{"line":677,"column":0},"end":{"line":677,"column":26}},"677":{"start":{"line":678,"column":0},"end":{"line":678,"column":23}},"678":{"start":{"line":679,"column":0},"end":{"line":679,"column":34}},"679":{"start":{"line":680,"column":0},"end":{"line":680,"column":8}},"680":{"start":{"line":681,"column":0},"end":{"line":681,"column":8}},"681":{"start":{"line":682,"column":0},"end":{"line":682,"column":41}},"682":{"start":{"line":683,"column":0},"end":{"line":683,"column":30}},"683":{"start":{"line":684,"column":0},"end":{"line":684,"column":20}},"684":{"start":{"line":685,"column":0},"end":{"line":685,"column":15}},"685":{"start":{"line":686,"column":0},"end":{"line":686,"column":32}},"686":{"start":{"line":687,"column":0},"end":{"line":687,"column":22}},"687":{"start":{"line":688,"column":0},"end":{"line":688,"column":27}},"688":{"start":{"line":689,"column":0},"end":{"line":689,"column":52}},"689":{"start":{"line":690,"column":0},"end":{"line":690,"column":26}},"690":{"start":{"line":691,"column":0},"end":{"line":691,"column":23}},"691":{"start":{"line":692,"column":0},"end":{"line":692,"column":37}},"692":{"start":{"line":693,"column":0},"end":{"line":693,"column":8}},"693":{"start":{"line":694,"column":0},"end":{"line":694,"column":8}},"694":{"start":{"line":695,"column":0},"end":{"line":695,"column":52}},"695":{"start":{"line":696,"column":0},"end":{"line":696,"column":35}},"696":{"start":{"line":697,"column":0},"end":{"line":697,"column":20}},"697":{"start":{"line":698,"column":0},"end":{"line":698,"column":15}},"698":{"start":{"line":699,"column":0},"end":{"line":699,"column":37}},"699":{"start":{"line":700,"column":0},"end":{"line":700,"column":27}},"700":{"start":{"line":701,"column":0},"end":{"line":701,"column":32}},"701":{"start":{"line":702,"column":0},"end":{"line":702,"column":53}},"702":{"start":{"line":703,"column":0},"end":{"line":703,"column":26}},"703":{"start":{"line":704,"column":0},"end":{"line":704,"column":23}},"704":{"start":{"line":705,"column":0},"end":{"line":705,"column":68}},"705":{"start":{"line":706,"column":0},"end":{"line":706,"column":8}},"706":{"start":{"line":707,"column":0},"end":{"line":707,"column":8}},"707":{"start":{"line":708,"column":0},"end":{"line":708,"column":4}},"708":{"start":{"line":709,"column":0},"end":{"line":709,"column":37}},"709":{"start":{"line":710,"column":0},"end":{"line":710,"column":15}},"710":{"start":{"line":711,"column":0},"end":{"line":711,"column":1}},"712":{"start":{"line":713,"column":0},"end":{"line":713,"column":31}},"713":{"start":{"line":714,"column":0},"end":{"line":714,"column":21}},"714":{"start":{"line":715,"column":0},"end":{"line":715,"column":16}},"715":{"start":{"line":716,"column":0},"end":{"line":716,"column":12}},"716":{"start":{"line":717,"column":0},"end":{"line":717,"column":19}},"717":{"start":{"line":718,"column":0},"end":{"line":718,"column":37}},"718":{"start":{"line":719,"column":0},"end":{"line":719,"column":53}},"719":{"start":{"line":720,"column":0},"end":{"line":720,"column":55}},"721":{"start":{"line":722,"column":0},"end":{"line":722,"column":41}},"722":{"start":{"line":723,"column":0},"end":{"line":723,"column":15}},"723":{"start":{"line":724,"column":0},"end":{"line":724,"column":22}},"724":{"start":{"line":725,"column":0},"end":{"line":725,"column":38}},"725":{"start":{"line":726,"column":0},"end":{"line":726,"column":3}},"726":{"start":{"line":727,"column":0},"end":{"line":727,"column":50}},"727":{"start":{"line":728,"column":0},"end":{"line":728,"column":37}},"728":{"start":{"line":729,"column":0},"end":{"line":729,"column":33}},"730":{"start":{"line":731,"column":0},"end":{"line":731,"column":75}},"731":{"start":{"line":732,"column":0},"end":{"line":732,"column":49}},"732":{"start":{"line":733,"column":0},"end":{"line":733,"column":52}},"733":{"start":{"line":734,"column":0},"end":{"line":734,"column":31}},"734":{"start":{"line":735,"column":0},"end":{"line":735,"column":68}},"735":{"start":{"line":736,"column":0},"end":{"line":736,"column":48}},"736":{"start":{"line":737,"column":0},"end":{"line":737,"column":19}},"737":{"start":{"line":738,"column":0},"end":{"line":738,"column":43}},"738":{"start":{"line":739,"column":0},"end":{"line":739,"column":46}},"739":{"start":{"line":740,"column":0},"end":{"line":740,"column":53}},"740":{"start":{"line":741,"column":0},"end":{"line":741,"column":40}},"741":{"start":{"line":742,"column":0},"end":{"line":742,"column":17}},"742":{"start":{"line":743,"column":0},"end":{"line":743,"column":6}},"743":{"start":{"line":744,"column":0},"end":{"line":744,"column":55}},"744":{"start":{"line":745,"column":0},"end":{"line":745,"column":57}},"745":{"start":{"line":746,"column":0},"end":{"line":746,"column":58}},"746":{"start":{"line":747,"column":0},"end":{"line":747,"column":3}},"748":{"start":{"line":749,"column":0},"end":{"line":749,"column":72}},"749":{"start":{"line":750,"column":0},"end":{"line":750,"column":74}},"750":{"start":{"line":751,"column":0},"end":{"line":751,"column":31}},"751":{"start":{"line":752,"column":0},"end":{"line":752,"column":22}},"752":{"start":{"line":753,"column":0},"end":{"line":753,"column":1}},"754":{"start":{"line":755,"column":0},"end":{"line":755,"column":30}},"756":{"start":{"line":757,"column":0},"end":{"line":757,"column":63}},"757":{"start":{"line":758,"column":0},"end":{"line":758,"column":32}},"758":{"start":{"line":759,"column":0},"end":{"line":759,"column":18}},"759":{"start":{"line":760,"column":0},"end":{"line":760,"column":1}},"761":{"start":{"line":762,"column":0},"end":{"line":762,"column":35}},"762":{"start":{"line":763,"column":0},"end":{"line":763,"column":58}},"763":{"start":{"line":764,"column":0},"end":{"line":764,"column":22}},"764":{"start":{"line":765,"column":0},"end":{"line":765,"column":42}},"765":{"start":{"line":766,"column":0},"end":{"line":766,"column":21}},"766":{"start":{"line":767,"column":0},"end":{"line":767,"column":57}},"767":{"start":{"line":768,"column":0},"end":{"line":768,"column":3}},"768":{"start":{"line":769,"column":0},"end":{"line":769,"column":67}},"769":{"start":{"line":770,"column":0},"end":{"line":770,"column":1}}},"s":{"15":1,"16":93583,"17":93583,"18":93583,"19":93583,"20":93583,"21":93583,"22":93583,"23":93583,"25":1,"27":1,"28":1,"29":1,"30":1,"31":1,"32":1,"33":1,"34":1,"35":1,"36":1,"37":1,"38":1,"39":1,"40":1,"41":1,"42":1,"43":1,"44":1,"45":1,"46":1,"47":1,"48":1,"49":1,"50":1,"51":1,"52":1,"53":1,"54":1,"55":1,"56":1,"57":1,"58":1,"59":1,"61":1,"62":4618,"63":4618,"64":4618,"65":4618,"66":4618,"68":4618,"70":1,"71":34677,"72":34677,"75":34677,"76":34677,"78":1,"79":20778,"80":20778,"81":20778,"82":20778,"83":20778,"84":20778,"85":20778,"87":16679,"88":16679,"89":16679,"90":16679,"91":16679,"92":16679,"94":20778,"96":13868,"97":13868,"98":13868,"100":5030,"101":5030,"105":5030,"106":5030,"107":5030,"108":5030,"110":5030,"111":5030,"112":5030,"113":4959,"114":5030,"115":5030,"116":5030,"117":5030,"118":5030,"119":5030,"121":17773,"122":17773,"123":17773,"124":17773,"125":17773,"126":17773,"127":17773,"128":17773,"129":17773,"133":17773,"134":17773,"135":2,"136":2,"137":17773,"138":2,"139":2,"141":17771,"142":17771,"143":17771,"144":17771,"145":17771,"146":17771,"147":17771,"148":17771,"149":17771,"150":17771,"151":17773,"153":1,"154":1,"155":1,"156":1,"157":1,"158":1,"159":1,"160":1,"161":1,"162":1,"163":1,"164":17773,"166":1069,"167":1069,"168":1069,"169":1069,"170":1069,"171":1069,"172":1069,"173":1069,"174":153,"175":81,"176":45,"177":9,"178":1069,"179":1060,"180":1060,"181":9,"182":9,"183":9,"184":9,"185":9,"186":1069,"187":0,"188":0,"189":1069,"190":1069,"192":1,"193":45,"194":45,"195":1069,"196":1069,"197":1069,"198":1069,"199":1069,"200":1069,"201":1069,"202":1069,"203":1069,"204":1069,"205":1069,"206":1069,"207":1069,"208":1069,"209":1069,"210":9,"211":9,"212":0,"213":1069,"214":1069,"215":1069,"216":1069,"217":1069,"218":1069,"219":1069,"220":1069,"221":1069,"222":1069,"223":1069,"224":1069,"225":1069,"226":1069,"227":1069,"228":1069,"229":1069,"230":1069,"231":1069,"232":1069,"233":1069,"234":1069,"235":1069,"236":1069,"237":1069,"238":1069,"239":1069,"240":45,"241":45,"242":45,"243":45,"245":45,"246":17295,"247":17295,"248":17295,"249":17295,"250":17295,"251":17295,"252":17295,"253":17295,"254":17295,"255":17295,"256":17295,"257":17295,"258":17295,"259":17295,"260":17295,"261":17295,"262":17295,"263":17295,"264":17295,"265":17295,"266":17295,"267":45,"268":45,"269":45,"271":45,"272":18410,"273":18410,"274":18410,"276":17773,"277":17773,"278":17773,"279":17775,"280":18410,"281":18410,"282":18410,"283":18410,"284":18410,"285":18410,"286":18410,"287":18410,"288":18410,"289":18410,"290":18410,"291":18410,"292":18410,"293":18410,"294":45,"295":38,"296":38,"297":853,"298":853,"299":853,"300":38,"301":45,"302":17295,"303":17295,"304":16692,"305":16692,"306":16692,"307":45,"308":38,"309":17287,"310":38,"311":7,"313":45,"314":45,"315":1981,"316":1981,"317":1927,"318":1927,"319":1927,"320":1927,"321":1927,"322":1981,"323":1981,"324":1981,"325":1981,"326":1981,"327":1981,"328":1981,"329":1981,"330":1927,"331":1927,"332":1,"333":1,"334":1981,"335":1,"336":1,"337":1981,"339":45,"340":45,"341":45,"342":45,"343":45,"344":45,"346":45,"347":1127,"348":1127,"349":1127,"350":1127,"351":1127,"352":1127,"353":1127,"354":1127,"355":1127,"356":1127,"357":1127,"359":45,"360":2098,"361":2098,"362":2098,"363":2098,"364":2098,"365":2098,"366":2098,"367":2098,"368":2098,"369":0,"370":2098,"372":45,"373":3832,"374":3832,"375":3832,"376":3832,"377":3832,"378":3832,"379":3832,"380":3832,"381":3832,"382":3832,"383":3832,"384":3832,"385":3832,"386":3832,"387":3832,"388":3832,"389":3832,"390":3832,"391":3832,"392":3832,"393":3832,"395":45,"396":2247,"397":2247,"398":2247,"399":2247,"401":2176,"402":2176,"403":2247,"404":2247,"405":1049,"406":1049,"407":0,"408":0,"409":0,"410":2247,"411":1127,"412":1127,"413":1127,"414":1127,"415":1127,"416":0,"417":0,"418":0,"419":0,"420":0,"421":0,"422":0,"423":0,"424":0,"425":0,"426":0,"427":0,"428":1127,"430":1049,"431":1049,"432":0,"433":2247,"434":2247,"435":2247,"436":2247,"437":2247,"438":2247,"439":2247,"440":0,"441":1049,"442":1049,"443":1049,"444":2247,"446":45,"448":45,"449":1069,"450":1069,"451":1069,"452":1162,"453":1162,"454":1162,"455":1127,"456":1162,"457":1162,"458":1069,"460":45,"461":15748,"462":11720,"463":11720,"464":15748,"465":2783,"466":2783,"467":2783,"468":2783,"469":2783,"470":2783,"471":2783,"472":2783,"473":2783,"474":2783,"475":2783,"476":2783,"477":2783,"478":11720,"479":11720,"480":11720,"482":45,"483":45,"484":45,"485":3832,"486":45,"487":45,"488":45,"489":45,"490":45,"491":45,"492":45,"493":45,"494":925,"495":925,"496":925,"497":925,"498":45,"499":45,"500":45,"501":45,"502":45,"503":45,"504":8,"505":7,"506":7,"507":7,"508":7,"509":8,"511":45,"512":333,"513":333,"514":333,"515":333,"516":333,"517":333,"518":45,"519":45,"520":45,"522":45,"523":5112,"524":45,"525":45,"526":45,"527":45,"528":45,"529":45,"530":45,"531":45,"532":3832,"533":2783,"534":45,"535":45,"537":45,"538":45,"539":45,"540":45,"541":45,"542":45,"543":45,"544":45,"545":45,"546":45,"547":45,"548":45,"549":45,"550":45,"551":45,"552":45,"553":45,"554":45,"555":45,"556":44,"557":1,"558":1,"559":1,"560":1,"561":1,"562":45,"563":45,"564":45,"565":45,"566":45,"567":45,"568":45,"569":45,"570":45,"571":45,"572":45,"573":45,"574":45,"575":45,"576":39,"577":6,"578":45,"579":38,"580":38,"581":18410,"582":38,"583":7,"584":45,"585":45,"586":45,"587":45,"588":45,"589":45,"590":45,"591":45,"592":45,"593":45,"594":45,"595":45,"596":38,"597":7,"598":45,"599":45,"600":38,"601":7,"602":45,"603":45,"604":45,"605":45,"606":45,"607":45,"608":45,"609":45,"610":45,"611":45,"612":45,"613":38,"614":38,"615":15740,"616":15740,"617":15740,"618":16821,"619":16821,"620":15740,"621":38,"622":38,"623":7,"624":45,"625":45,"626":37,"627":8,"628":45,"629":45,"630":45,"631":45,"632":45,"633":45,"634":45,"635":45,"636":45,"637":45,"638":45,"639":45,"641":3170,"642":3170,"643":3170,"644":3148,"645":3170,"646":3144,"647":3170,"648":3170,"656":1,"657":1,"659":5,"660":5,"661":5,"663":2,"664":2,"665":52,"666":52,"667":52,"668":52,"669":52,"670":52,"671":52,"672":52,"673":52,"674":52,"675":52,"676":52,"677":52,"678":52,"679":52,"680":2,"681":2,"682":1164,"683":1164,"684":1164,"685":1164,"686":1164,"687":1164,"688":1164,"689":1164,"690":1164,"691":1164,"692":1164,"693":2,"694":2,"695":52,"696":52,"697":52,"698":52,"699":52,"700":52,"701":52,"702":52,"703":52,"704":52,"705":52,"706":2,"707":2,"708":2,"709":2,"710":2,"712":1,"713":13,"714":13,"715":13,"716":13,"717":13,"718":13,"719":13,"721":5,"722":10,"723":2,"724":2,"725":2,"726":5,"727":5,"728":13,"730":5,"731":11,"732":3170,"733":3170,"734":156,"735":156,"736":156,"737":1196,"738":1172,"739":71,"740":71,"741":71,"742":156,"743":2537,"744":24,"745":3170,"746":3170,"748":5,"749":11,"750":5,"751":5,"752":5,"754":1,"756":1,"757":36,"758":36,"759":36,"761":2,"762":2,"763":2,"764":2,"765":2,"766":1,"767":1,"768":1,"769":1},"branchMap":{"0":{"type":"branch","line":16,"loc":{"start":{"line":16,"column":7},"end":{"line":24,"column":1}},"locations":[{"start":{"line":16,"column":7},"end":{"line":24,"column":1}}]},"1":{"type":"branch","line":17,"loc":{"start":{"line":17,"column":10},"end":{"line":17,"column":22}},"locations":[{"start":{"line":17,"column":10},"end":{"line":17,"column":22}}]},"2":{"type":"branch","line":62,"loc":{"start":{"line":62,"column":7},"end":{"line":69,"column":1}},"locations":[{"start":{"line":62,"column":7},"end":{"line":69,"column":1}}]},"3":{"type":"branch","line":64,"loc":{"start":{"line":64,"column":4},"end":{"line":65,"column":13}},"locations":[{"start":{"line":64,"column":4},"end":{"line":65,"column":13}}]},"4":{"type":"branch","line":67,"loc":{"start":{"line":67,"column":29},"end":{"line":67,"column":50}},"locations":[{"start":{"line":67,"column":29},"end":{"line":67,"column":50}}]},"5":{"type":"branch","line":71,"loc":{"start":{"line":71,"column":7},"end":{"line":77,"column":1}},"locations":[{"start":{"line":71,"column":7},"end":{"line":77,"column":1}}]},"6":{"type":"branch","line":79,"loc":{"start":{"line":79,"column":7},"end":{"line":95,"column":1}},"locations":[{"start":{"line":79,"column":7},"end":{"line":95,"column":1}}]},"7":{"type":"branch","line":83,"loc":{"start":{"line":83,"column":7},"end":{"line":83,"column":62}},"locations":[{"start":{"line":83,"column":7},"end":{"line":83,"column":62}}]},"8":{"type":"branch","line":83,"loc":{"start":{"line":83,"column":62},"end":{"line":83,"column":75}},"locations":[{"start":{"line":83,"column":62},"end":{"line":83,"column":75}}]},"9":{"type":"branch","line":83,"loc":{"start":{"line":83,"column":69},"end":{"line":84,"column":41}},"locations":[{"start":{"line":83,"column":69},"end":{"line":84,"column":41}}]},"10":{"type":"branch","line":84,"loc":{"start":{"line":84,"column":34},"end":{"line":84,"column":47}},"locations":[{"start":{"line":84,"column":34},"end":{"line":84,"column":47}}]},"11":{"type":"branch","line":84,"loc":{"start":{"line":84,"column":41},"end":{"line":85,"column":37}},"locations":[{"start":{"line":84,"column":41},"end":{"line":85,"column":37}}]},"12":{"type":"branch","line":85,"loc":{"start":{"line":85,"column":32},"end":{"line":85,"column":77}},"locations":[{"start":{"line":85,"column":32},"end":{"line":85,"column":77}}]},"13":{"type":"branch","line":86,"loc":{"start":{"line":86,"column":4},"end":{"line":86,"column":17}},"locations":[{"start":{"line":86,"column":4},"end":{"line":86,"column":17}}]},"14":{"type":"branch","line":86,"loc":{"start":{"line":86,"column":11},"end":{"line":93,"column":58}},"locations":[{"start":{"line":86,"column":11},"end":{"line":93,"column":58}}]},"15":{"type":"branch","line":90,"loc":{"start":{"line":90,"column":12},"end":{"line":90,"column":65}},"locations":[{"start":{"line":90,"column":12},"end":{"line":90,"column":65}}]},"16":{"type":"branch","line":90,"loc":{"start":{"line":90,"column":33},"end":{"line":90,"column":65}},"locations":[{"start":{"line":90,"column":33},"end":{"line":90,"column":65}}]},"17":{"type":"branch","line":97,"loc":{"start":{"line":97,"column":0},"end":{"line":99,"column":1}},"locations":[{"start":{"line":97,"column":0},"end":{"line":99,"column":1}}]},"18":{"type":"branch","line":101,"loc":{"start":{"line":101,"column":0},"end":{"line":120,"column":1}},"locations":[{"start":{"line":101,"column":0},"end":{"line":120,"column":1}}]},"19":{"type":"branch","line":107,"loc":{"start":{"line":107,"column":22},"end":{"line":107,"column":66}},"locations":[{"start":{"line":107,"column":22},"end":{"line":107,"column":66}}]},"20":{"type":"branch","line":107,"loc":{"start":{"line":107,"column":39},"end":{"line":107,"column":60}},"locations":[{"start":{"line":107,"column":39},"end":{"line":107,"column":60}}]},"21":{"type":"branch","line":109,"loc":{"start":{"line":109,"column":21},"end":{"line":109,"column":69}},"locations":[{"start":{"line":109,"column":21},"end":{"line":109,"column":69}}]},"22":{"type":"branch","line":113,"loc":{"start":{"line":113,"column":42},"end":{"line":113,"column":54}},"locations":[{"start":{"line":113,"column":42},"end":{"line":113,"column":54}}]},"23":{"type":"branch","line":113,"loc":{"start":{"line":113,"column":49},"end":{"line":115,"column":17}},"locations":[{"start":{"line":113,"column":49},"end":{"line":115,"column":17}}]},"24":{"type":"branch","line":115,"loc":{"start":{"line":115,"column":8},"end":{"line":115,"column":20}},"locations":[{"start":{"line":115,"column":8},"end":{"line":115,"column":20}}]},"25":{"type":"branch","line":117,"loc":{"start":{"line":117,"column":19},"end":{"line":117,"column":33}},"locations":[{"start":{"line":117,"column":19},"end":{"line":117,"column":33}}]},"26":{"type":"branch","line":117,"loc":{"start":{"line":117,"column":47},"end":{"line":117,"column":55}},"locations":[{"start":{"line":117,"column":47},"end":{"line":117,"column":55}}]},"27":{"type":"branch","line":118,"loc":{"start":{"line":118,"column":16},"end":{"line":118,"column":27}},"locations":[{"start":{"line":118,"column":16},"end":{"line":118,"column":27}}]},"28":{"type":"branch","line":122,"loc":{"start":{"line":122,"column":0},"end":{"line":165,"column":1}},"locations":[{"start":{"line":122,"column":0},"end":{"line":165,"column":1}}]},"29":{"type":"branch","line":128,"loc":{"start":{"line":128,"column":19},"end":{"line":128,"column":38}},"locations":[{"start":{"line":128,"column":19},"end":{"line":128,"column":38}}]},"30":{"type":"branch","line":128,"loc":{"start":{"line":128,"column":38},"end":{"line":128,"column":46}},"locations":[{"start":{"line":128,"column":38},"end":{"line":128,"column":46}}]},"31":{"type":"branch","line":135,"loc":{"start":{"line":135,"column":20},"end":{"line":136,"column":34}},"locations":[{"start":{"line":135,"column":20},"end":{"line":136,"column":34}}]},"32":{"type":"branch","line":136,"loc":{"start":{"line":136,"column":20},"end":{"line":137,"column":57}},"locations":[{"start":{"line":136,"column":20},"end":{"line":137,"column":57}}]},"33":{"type":"branch","line":137,"loc":{"start":{"line":137,"column":16},"end":{"line":137,"column":57}},"locations":[{"start":{"line":137,"column":16},"end":{"line":137,"column":57}}]},"34":{"type":"branch","line":138,"loc":{"start":{"line":138,"column":4},"end":{"line":140,"column":3}},"locations":[{"start":{"line":138,"column":4},"end":{"line":140,"column":3}}]},"35":{"type":"branch","line":140,"loc":{"start":{"line":140,"column":2},"end":{"line":152,"column":41}},"locations":[{"start":{"line":140,"column":2},"end":{"line":152,"column":41}}]},"36":{"type":"branch","line":152,"loc":{"start":{"line":152,"column":34},"end":{"line":152,"column":68}},"locations":[{"start":{"line":152,"column":34},"end":{"line":152,"column":68}}]},"37":{"type":"branch","line":152,"loc":{"start":{"line":152,"column":66},"end":{"line":164,"column":65}},"locations":[{"start":{"line":152,"column":66},"end":{"line":164,"column":65}}]},"38":{"type":"branch","line":164,"loc":{"start":{"line":164,"column":30},"end":{"line":164,"column":54}},"locations":[{"start":{"line":164,"column":30},"end":{"line":164,"column":54}}]},"39":{"type":"branch","line":167,"loc":{"start":{"line":167,"column":0},"end":{"line":191,"column":1}},"locations":[{"start":{"line":167,"column":0},"end":{"line":191,"column":1}}]},"40":{"type":"branch","line":174,"loc":{"start":{"line":174,"column":17},"end":{"line":175,"column":31}},"locations":[{"start":{"line":174,"column":17},"end":{"line":175,"column":31}}]},"41":{"type":"branch","line":175,"loc":{"start":{"line":175,"column":17},"end":{"line":176,"column":34}},"locations":[{"start":{"line":175,"column":17},"end":{"line":176,"column":34}}]},"42":{"type":"branch","line":176,"loc":{"start":{"line":176,"column":17},"end":{"line":177,"column":31}},"locations":[{"start":{"line":176,"column":17},"end":{"line":177,"column":31}}]},"43":{"type":"branch","line":177,"loc":{"start":{"line":177,"column":17},"end":{"line":178,"column":25}},"locations":[{"start":{"line":177,"column":17},"end":{"line":178,"column":25}}]},"44":{"type":"branch","line":179,"loc":{"start":{"line":179,"column":4},"end":{"line":181,"column":3}},"locations":[{"start":{"line":179,"column":4},"end":{"line":181,"column":3}}]},"45":{"type":"branch","line":181,"loc":{"start":{"line":181,"column":2},"end":{"line":185,"column":39}},"locations":[{"start":{"line":181,"column":2},"end":{"line":185,"column":39}}]},"46":{"type":"branch","line":185,"loc":{"start":{"line":185,"column":25},"end":{"line":186,"column":39}},"locations":[{"start":{"line":185,"column":25},"end":{"line":186,"column":39}}]},"47":{"type":"branch","line":187,"loc":{"start":{"line":187,"column":4},"end":{"line":190,"column":42}},"locations":[{"start":{"line":187,"column":4},"end":{"line":190,"column":42}}]},"48":{"type":"branch","line":187,"loc":{"start":{"line":187,"column":4},"end":{"line":189,"column":3}},"locations":[{"start":{"line":187,"column":4},"end":{"line":189,"column":3}}]},"49":{"type":"branch","line":189,"loc":{"start":{"line":189,"column":2},"end":{"line":190,"column":42}},"locations":[{"start":{"line":189,"column":2},"end":{"line":190,"column":42}}]},"50":{"type":"branch","line":190,"loc":{"start":{"line":190,"column":29},"end":{"line":190,"column":51}},"locations":[{"start":{"line":190,"column":29},"end":{"line":190,"column":51}}]},"51":{"type":"branch","line":193,"loc":{"start":{"line":193,"column":7},"end":{"line":640,"column":1}},"locations":[{"start":{"line":193,"column":7},"end":{"line":640,"column":1}}]},"52":{"type":"branch","line":194,"loc":{"start":{"line":194,"column":28},"end":{"line":194,"column":52}},"locations":[{"start":{"line":194,"column":28},"end":{"line":194,"column":52}}]},"53":{"type":"branch","line":194,"loc":{"start":{"line":194,"column":34},"end":{"line":194,"column":54}},"locations":[{"start":{"line":194,"column":34},"end":{"line":194,"column":54}}]},"54":{"type":"branch","line":272,"loc":{"start":{"line":272,"column":33},"end":{"line":294,"column":3}},"locations":[{"start":{"line":272,"column":33},"end":{"line":294,"column":3}}]},"55":{"type":"branch","line":275,"loc":{"start":{"line":275,"column":9},"end":{"line":275,"column":26}},"locations":[{"start":{"line":275,"column":9},"end":{"line":275,"column":26}}]},"56":{"type":"branch","line":275,"loc":{"start":{"line":275,"column":26},"end":{"line":275,"column":35}},"locations":[{"start":{"line":275,"column":26},"end":{"line":275,"column":35}}]},"57":{"type":"branch","line":275,"loc":{"start":{"line":275,"column":26},"end":{"line":280,"column":35}},"locations":[{"start":{"line":275,"column":26},"end":{"line":280,"column":35}}]},"58":{"type":"branch","line":275,"loc":{"start":{"line":275,"column":26},"end":{"line":280,"column":25}},"locations":[{"start":{"line":275,"column":26},"end":{"line":280,"column":25}}]},"59":{"type":"branch","line":280,"loc":{"start":{"line":280,"column":17},"end":{"line":280,"column":35}},"locations":[{"start":{"line":280,"column":17},"end":{"line":280,"column":35}}]},"60":{"type":"branch","line":287,"loc":{"start":{"line":287,"column":20},"end":{"line":287,"column":35}},"locations":[{"start":{"line":287,"column":20},"end":{"line":287,"column":35}}]},"61":{"type":"branch","line":287,"loc":{"start":{"line":287,"column":35},"end":{"line":287,"column":43}},"locations":[{"start":{"line":287,"column":35},"end":{"line":287,"column":43}}]},"62":{"type":"branch","line":289,"loc":{"start":{"line":289,"column":32},"end":{"line":289,"column":59}},"locations":[{"start":{"line":289,"column":32},"end":{"line":289,"column":59}}]},"63":{"type":"branch","line":289,"loc":{"start":{"line":289,"column":59},"end":{"line":289,"column":67}},"locations":[{"start":{"line":289,"column":59},"end":{"line":289,"column":67}}]},"64":{"type":"branch","line":290,"loc":{"start":{"line":290,"column":26},"end":{"line":290,"column":47}},"locations":[{"start":{"line":290,"column":26},"end":{"line":290,"column":47}}]},"65":{"type":"branch","line":290,"loc":{"start":{"line":290,"column":47},"end":{"line":290,"column":55}},"locations":[{"start":{"line":290,"column":47},"end":{"line":290,"column":55}}]},"66":{"type":"branch","line":295,"loc":{"start":{"line":295,"column":29},"end":{"line":301,"column":3}},"locations":[{"start":{"line":295,"column":29},"end":{"line":301,"column":3}}]},"67":{"type":"branch","line":297,"loc":{"start":{"line":297,"column":40},"end":{"line":300,"column":5}},"locations":[{"start":{"line":297,"column":40},"end":{"line":300,"column":5}}]},"68":{"type":"branch","line":299,"loc":{"start":{"line":299,"column":16},"end":{"line":299,"column":68}},"locations":[{"start":{"line":299,"column":16},"end":{"line":299,"column":68}}]},"69":{"type":"branch","line":302,"loc":{"start":{"line":302,"column":34},"end":{"line":307,"column":3}},"locations":[{"start":{"line":302,"column":34},"end":{"line":307,"column":3}}]},"70":{"type":"branch","line":304,"loc":{"start":{"line":304,"column":23},"end":{"line":304,"column":32}},"locations":[{"start":{"line":304,"column":23},"end":{"line":304,"column":32}}]},"71":{"type":"branch","line":304,"loc":{"start":{"line":304,"column":23},"end":{"line":307,"column":3}},"locations":[{"start":{"line":304,"column":23},"end":{"line":307,"column":3}}]},"72":{"type":"branch","line":308,"loc":{"start":{"line":308,"column":28},"end":{"line":311,"column":7}},"locations":[{"start":{"line":308,"column":28},"end":{"line":311,"column":7}}]},"73":{"type":"branch","line":311,"loc":{"start":{"line":311,"column":6},"end":{"line":312,"column":16}},"locations":[{"start":{"line":311,"column":6},"end":{"line":312,"column":16}}]},"74":{"type":"branch","line":315,"loc":{"start":{"line":315,"column":25},"end":{"line":315,"column":44}},"locations":[{"start":{"line":315,"column":25},"end":{"line":315,"column":44}}]},"75":{"type":"branch","line":315,"loc":{"start":{"line":315,"column":44},"end":{"line":338,"column":3}},"locations":[{"start":{"line":315,"column":44},"end":{"line":338,"column":3}}]},"76":{"type":"branch","line":317,"loc":{"start":{"line":317,"column":15},"end":{"line":317,"column":24}},"locations":[{"start":{"line":317,"column":15},"end":{"line":317,"column":24}}]},"77":{"type":"branch","line":317,"loc":{"start":{"line":317,"column":15},"end":{"line":323,"column":27}},"locations":[{"start":{"line":317,"column":15},"end":{"line":323,"column":27}}]},"78":{"type":"branch","line":323,"loc":{"start":{"line":323,"column":18},"end":{"line":323,"column":30}},"locations":[{"start":{"line":323,"column":18},"end":{"line":323,"column":30}}]},"79":{"type":"branch","line":324,"loc":{"start":{"line":324,"column":17},"end":{"line":324,"column":34}},"locations":[{"start":{"line":324,"column":17},"end":{"line":324,"column":34}}]},"80":{"type":"branch","line":325,"loc":{"start":{"line":325,"column":20},"end":{"line":325,"column":40}},"locations":[{"start":{"line":325,"column":20},"end":{"line":325,"column":40}}]},"81":{"type":"branch","line":326,"loc":{"start":{"line":326,"column":20},"end":{"line":326,"column":35}},"locations":[{"start":{"line":326,"column":20},"end":{"line":326,"column":35}}]},"82":{"type":"branch","line":327,"loc":{"start":{"line":327,"column":24},"end":{"line":327,"column":43}},"locations":[{"start":{"line":327,"column":24},"end":{"line":327,"column":43}}]},"83":{"type":"branch","line":330,"loc":{"start":{"line":330,"column":29},"end":{"line":332,"column":20}},"locations":[{"start":{"line":330,"column":29},"end":{"line":332,"column":20}}]},"84":{"type":"branch","line":332,"loc":{"start":{"line":332,"column":12},"end":{"line":333,"column":32}},"locations":[{"start":{"line":332,"column":12},"end":{"line":333,"column":32}}]},"85":{"type":"branch","line":333,"loc":{"start":{"line":333,"column":22},"end":{"line":334,"column":34}},"locations":[{"start":{"line":333,"column":22},"end":{"line":334,"column":34}}]},"86":{"type":"branch","line":335,"loc":{"start":{"line":335,"column":6},"end":{"line":337,"column":5}},"locations":[{"start":{"line":335,"column":6},"end":{"line":337,"column":5}}]},"87":{"type":"branch","line":336,"loc":{"start":{"line":336,"column":26},"end":{"line":336,"column":50}},"locations":[{"start":{"line":336,"column":26},"end":{"line":336,"column":50}}]},"88":{"type":"branch","line":447,"loc":{"start":{"line":447,"column":25},"end":{"line":447,"column":45}},"locations":[{"start":{"line":447,"column":25},"end":{"line":447,"column":45}}]},"89":{"type":"branch","line":447,"loc":{"start":{"line":447,"column":45},"end":{"line":447,"column":79}},"locations":[{"start":{"line":447,"column":45},"end":{"line":447,"column":79}}]},"90":{"type":"branch","line":449,"loc":{"start":{"line":449,"column":35},"end":{"line":459,"column":3}},"locations":[{"start":{"line":449,"column":35},"end":{"line":459,"column":3}}]},"91":{"type":"branch","line":451,"loc":{"start":{"line":451,"column":15},"end":{"line":451,"column":24}},"locations":[{"start":{"line":451,"column":15},"end":{"line":451,"column":24}}]},"92":{"type":"branch","line":452,"loc":{"start":{"line":452,"column":31},"end":{"line":452,"column":51}},"locations":[{"start":{"line":452,"column":31},"end":{"line":452,"column":51}}]},"93":{"type":"branch","line":452,"loc":{"start":{"line":452,"column":51},"end":{"line":458,"column":5}},"locations":[{"start":{"line":452,"column":51},"end":{"line":458,"column":5}}]},"94":{"type":"branch","line":453,"loc":{"start":{"line":453,"column":16},"end":{"line":453,"column":36}},"locations":[{"start":{"line":453,"column":16},"end":{"line":453,"column":36}}]},"95":{"type":"branch","line":453,"loc":{"start":{"line":453,"column":30},"end":{"line":453,"column":48}},"locations":[{"start":{"line":453,"column":30},"end":{"line":453,"column":48}}]},"96":{"type":"branch","line":453,"loc":{"start":{"line":453,"column":48},"end":{"line":453,"column":57}},"locations":[{"start":{"line":453,"column":48},"end":{"line":453,"column":57}}]},"97":{"type":"branch","line":455,"loc":{"start":{"line":455,"column":24},"end":{"line":455,"column":33}},"locations":[{"start":{"line":455,"column":24},"end":{"line":455,"column":33}}]},"98":{"type":"branch","line":455,"loc":{"start":{"line":455,"column":24},"end":{"line":457,"column":42}},"locations":[{"start":{"line":455,"column":24},"end":{"line":457,"column":42}}]},"99":{"type":"branch","line":457,"loc":{"start":{"line":457,"column":31},"end":{"line":457,"column":67}},"locations":[{"start":{"line":457,"column":31},"end":{"line":457,"column":67}}]},"100":{"type":"branch","line":461,"loc":{"start":{"line":461,"column":31},"end":{"line":481,"column":3}},"locations":[{"start":{"line":461,"column":31},"end":{"line":481,"column":3}}]},"101":{"type":"branch","line":462,"loc":{"start":{"line":462,"column":62},"end":{"line":462,"column":71}},"locations":[{"start":{"line":462,"column":62},"end":{"line":462,"column":71}}]},"102":{"type":"branch","line":462,"loc":{"start":{"line":462,"column":62},"end":{"line":465,"column":22}},"locations":[{"start":{"line":462,"column":62},"end":{"line":465,"column":22}}]},"103":{"type":"branch","line":465,"loc":{"start":{"line":465,"column":22},"end":{"line":478,"column":5}},"locations":[{"start":{"line":465,"column":22},"end":{"line":478,"column":5}}]},"104":{"type":"bran
[...]
ne":230,"column":74}},"230":{"start":{"line":231,"column":0},"end":{"line":231,"column":52}},"232":{"start":{"line":233,"column":0},"end":{"line":233,"column":19}},"234":{"start":{"line":235,"column":0},"end":{"line":235,"column":16}},"236":{"start":{"line":237,"column":0},"end":{"line":237,"column":27}},"237":{"start":{"line":238,"column":0},"end":{"line":238,"column":12}},"238":{"start":{"line":239,"column":0},"end":{"line":239,"column":32}},"239":{"start":{"line":240,"column":0},"end":{"line":240,"column":23}},"240":{"start":{"line":241,"column":0},"end":{"line":241,"column":29}},"241":{"start":{"line":242,"column":0},"end":{"line":242,"column":22}},"243":{"start":{"line":244,"column":0},"end":{"line":244,"column":51}},"244":{"start":{"line":245,"column":0},"end":{"line":245,"column":19}},"245":{"start":{"line":246,"column":0},"end":{"line":246,"column":18}},"246":{"start":{"line":247,"column":0},"end":{"line":247,"column":27}},"247":{"start":{"line":248,"column":0},"end":{"line":248,"column":27}},"248":{"start":{"line":249,"column":0},"end":{"line":249,"column":27}},"249":{"start":{"line":250,"column":0},"end":{"line":250,"column":32}},"250":{"start":{"line":251,"column":0},"end":{"line":251,"column":27}},"251":{"start":{"line":252,"column":0},"end":{"line":252,"column":27}},"252":{"start":{"line":253,"column":0},"end":{"line":253,"column":49}},"253":{"start":{"line":254,"column":0},"end":{"line":254,"column":40}},"254":{"start":{"line":255,"column":0},"end":{"line":255,"column":19}},"255":{"start":{"line":256,"column":0},"end":{"line":256,"column":20}},"256":{"start":{"line":257,"column":0},"end":{"line":257,"column":19}},"257":{"start":{"line":258,"column":0},"end":{"line":258,"column":40}},"258":{"start":{"line":259,"column":0},"end":{"line":259,"column":72}},"259":{"start":{"line":260,"column":0},"end":{"line":260,"column":69}},"260":{"start":{"line":261,"column":0},"end":{"line":261,"column":24}},"261":{"start":{"line":262,"column":0},"end":{"line":262,"column":36}},"262":{"start":{"line":263,"column":0},"end":{"line":263,"column":24}},"263":{"start":{"line":264,"column":0},"end":{"line":264,"column":78}},"264":{"start":{"line":265,"column":0},"end":{"line":265,"column":35}},"265":{"start":{"line":266,"column":0},"end":{"line":266,"column":29}},"266":{"start":{"line":267,"column":0},"end":{"line":267,"column":72}},"267":{"start":{"line":268,"column":0},"end":{"line":268,"column":25}},"268":{"start":{"line":269,"column":0},"end":{"line":269,"column":40}},"269":{"start":{"line":270,"column":0},"end":{"line":270,"column":51}},"270":{"start":{"line":271,"column":0},"end":{"line":271,"column":58}},"271":{"start":{"line":272,"column":0},"end":{"line":272,"column":24}},"272":{"start":{"line":273,"column":0},"end":{"line":273,"column":44}},"273":{"start":{"line":274,"column":0},"end":{"line":274,"column":53}},"274":{"start":{"line":275,"column":0},"end":{"line":275,"column":29}},"275":{"start":{"line":276,"column":0},"end":{"line":276,"column":25}},"276":{"start":{"line":277,"column":0},"end":{"line":277,"column":24}},"277":{"start":{"line":278,"column":0},"end":{"line":278,"column":27}},"278":{"start":{"line":279,"column":0},"end":{"line":279,"column":81}},"280":{"start":{"line":281,"column":0},"end":{"line":281,"column":75}},"281":{"start":{"line":282,"column":0},"end":{"line":282,"column":29}},"282":{"start":{"line":283,"column":0},"end":{"line":283,"column":25}},"283":{"start":{"line":284,"column":0},"end":{"line":284,"column":76}},"284":{"start":{"line":285,"column":0},"end":{"line":285,"column":24}},"285":{"start":{"line":286,"column":0},"end":{"line":286,"column":76}},"287":{"start":{"line":288,"column":0},"end":{"line":288,"column":29}},"288":{"start":{"line":289,"column":0},"end":{"line":289,"column":25}},"289":{"start":{"line":290,"column":0},"end":{"line":290,"column":23}},"291":{"start":{"line":292,"column":0},"end":{"line":292,"column":17}},"292":{"start":{"line":293,"column":0},"end":{"line":293,"column":20}},"293":{"start":{"line":294,"column":0},"end":{"line":294,"column":18}},"294":{"start":{"line":295,"column":0},"end":{"line":295,"column":14}},"296":{"start":{"line":297,"column":0},"end":{"line":297,"column":22}},"299":{"start":{"line":300,"column":0},"end":{"line":300,"column":38}},"300":{"start":{"line":301,"column":0},"end":{"line":301,"column":11}},"301":{"start":{"line":302,"column":0},"end":{"line":302,"column":72}},"302":{"start":{"line":303,"column":0},"end":{"line":303,"column":12}},"303":{"start":{"line":304,"column":0},"end":{"line":304,"column":19}},"304":{"start":{"line":305,"column":0},"end":{"line":305,"column":21}},"305":{"start":{"line":306,"column":0},"end":{"line":306,"column":33}},"306":{"start":{"line":307,"column":0},"end":{"line":307,"column":30}},"307":{"start":{"line":308,"column":0},"end":{"line":308,"column":61}},"308":{"start":{"line":309,"column":0},"end":{"line":309,"column":10}},"309":{"start":{"line":310,"column":0},"end":{"line":310,"column":12}},"310":{"start":{"line":311,"column":0},"end":{"line":311,"column":10}},"312":{"start":{"line":313,"column":0},"end":{"line":313,"column":1}}},"s":{"0":1,"1":1,"2":1,"3":1,"4":1,"13":1,"21":1,"23":1,"24":1,"25":1,"26":1,"27":1,"28":1,"29":1,"31":1,"32":3,"33":3,"34":3,"35":3,"36":3,"37":3,"38":3,"39":3,"40":3,"41":3,"42":3,"43":0,"44":3,"45":3,"46":3,"48":3,"49":3,"50":3,"51":3,"52":3,"53":3,"54":3,"55":3,"57":3,"58":3,"59":3,"60":3,"61":3,"62":3,"63":29,"64":3,"65":3,"66":3,"67":3,"68":3,"69":3,"70":3,"71":1,"72":0,"73":0,"74":0,"76":0,"77":1,"78":0,"79":0,"81":0,"82":1,"83":1,"84":1,"85":0,"86":3,"87":3,"89":3,"90":3,"91":3,"92":3,"93":3,"94":3,"96":3,"97":1,"98":1,"99":1,"100":0,"101":1,"102":1,"103":1,"104":1,"106":3,"107":3,"108":3,"109":3,"111":3,"112":3,"113":3,"114":3,"115":3,"116":3,"117":3,"118":3,"119":3,"120":3,"122":3,"124":3,"126":3,"127":3,"128":3,"129":3,"131":3,"132":3,"133":3,"134":3,"135":3,"136":3,"137":3,"138":3,"139":3,"140":3,"141":3,"142":3,"143":3,"144":3,"146":3,"147":3,"148":10,"149":10,"150":10,"151":10,"152":3,"153":3,"154":3,"155":3,"156":3,"157":3,"158":3,"159":3,"160":3,"162":3,"163":3,"164":21,"165":21,"166":21,"167":3,"168":3,"169":3,"170":3,"171":3,"172":3,"173":3,"174":3,"175":3,"177":3,"178":3,"179":16,"180":16,"181":16,"182":3,"183":3,"184":3,"185":3,"186":3,"187":3,"188":3,"189":3,"190":3,"192":3,"193":3,"194":15,"195":15,"196":15,"197":3,"198":3,"199":3,"200":3,"201":3,"202":3,"203":3,"204":3,"205":3,"207":3,"208":3,"209":7,"210":7,"211":7,"212":3,"213":3,"214":3,"215":3,"216":3,"217":3,"218":3,"219":3,"220":3,"222":3,"223":3,"224":3,"225":3,"226":3,"227":3,"228":3,"229":3,"230":3,"232":3,"234":3,"236":3,"237":2,"238":2,"239":2,"240":2,"241":2,"243":2,"244":2,"245":2,"246":2,"247":2,"248":2,"249":2,"250":2,"251":2,"252":2,"253":2,"254":2,"255":2,"256":2,"257":2,"258":3,"259":3,"260":3,"261":3,"262":3,"263":3,"264":3,"265":3,"266":3,"267":3,"268":3,"269":3,"270":3,"271":3,"272":3,"273":3,"274":3,"275":3,"276":3,"277":3,"278":3,"280":3,"281":3,"282":3,"283":3,"284":3,"285":3,"287":3,"288":3,"289":3,"291":2,"292":2,"293":2,"294":2,"296":1,"299":3,"300":3,"301":3,"302":3,"303":3,"304":3,"305":3,"306":3,"307":3,"308":3,"309":3,"310":3,"312":3},"branchMap":{"0":{"type":"branch","line":32,"loc":{"start":{"line":32,"column":7},"end":{"line":313,"column":1}},"locations":[{"start":{"line":32,"column":7},"end":{"line":313,"column":1}}]},"1":{"type":"branch","line":35,"loc":{"start":{"line":35,"column":30},"end":{"line":35,"column":38}},"locations":[{"start":{"line":35,"column":30},"end":{"line":35,"column":38}}]},"2":{"type":"branch","line":43,"loc":{"start":{"line":43,"column":6},"end":{"line":44,"column":12}},"locations":[{"start":{"line":43,"column":6},"end":{"line":44,"column":12}}]},"3":{"type":"branch","line":45,"loc":{"start":{"line":45,"column":36},"end":{"line":45,"column":55}},"locations":[{"start":{"line":45,"column":36},"end":{"line":45,"column":55}}]},"4":{"type":"branch","line":47,"loc":{"start":{"line":47,"column":48},"end":{"line":47,"column":56}},"locations":[{"start":{"line":47,"column":48},"end":{"line":47,"column":56}}]},"5":{"type":"branch","line":92,"loc":{"start":{"line":92,"column":46},"end":{"line":92,"column":65}},"locations":[{"start":{"line":92,"column":46},"end":{"line":92,"column":65}}]},"6":{"type":"branch","line":109,"loc":{"start":{"line":109,"column":4},"end":{"line":109,"column":21}},"locations":[{"start":{"line":109,"column":4},"end":{"line":109,"column":21}}]},"7":{"type":"branch","line":109,"loc":{"start":{"line":109,"column":13},"end":{"line":109,"column":31}},"locations":[{"start":{"line":109,"column":13},"end":{"line":109,"column":31}}]},"8":{"type":"branch","line":109,"loc":{"start":{"line":109,"column":21},"end":{"line":109,"column":42}},"locations":[{"start":{"line":109,"column":21},"end":{"line":109,"column":42}}]},"9":{"type":"branch","line":109,"loc":{"start":{"line":109,"column":31},"end":{"line":109,"column":53}},"locations":[{"start":{"line":109,"column":31},"end":{"line":109,"column":53}}]},"10":{"type":"branch","line":109,"loc":{"start":{"line":109,"column":42},"end":{"line":109,"column":78}},"locations":[{"start":{"line":109,"column":42},"end":{"line":109,"column":78}}]},"11":{"type":"branch","line":237,"loc":{"start":{"line":237,"column":17},"end":{"line":295,"column":14}},"locations":[{"start":{"line":237,"column":17},"end":{"line":295,"column":14}}]},"12":{"type":"branch","line":295,"loc":{"start":{"line":295,"column":8},"end":{"line":297,"column":22}},"locations":[{"start":{"line":295,"column":8},"end":{"line":297,"column":22}}]},"13":{"type":"branch","line":41,"loc":{"start":{"line":41,"column":4},"end":{"line":41,"column":41}},"locations":[{"start":{"line":41,"column":4},"end":{"line":41,"column":41}}]},"14":{"type":"branch","line":50,"loc":{"start":{"line":50,"column":4},"end":{"line":50,"column":70}},"locations":[{"start":{"line":50,"column":4},"end":{"line":50,"column":70}}]},"15":{"type":"branch","line":50,"loc":{"start":{"line":50,"column":45},"end":{"line":50,"column":67}},"locations":[{"start":{"line":50,"column":45},"end":{"line":50,"column":67}}]},"16":{"type":"branch","line":54,"loc":{"start":{"line":54,"column":4},"end":{"line":54,"column":69}},"locations":[{"start":{"line":54,"column":4},"end":{"line":54,"column":69}}]},"17":{"type":"branch","line":54,"loc":{"start":{"line":54,"column":45},"end":{"line":54,"column":66}},"locations":[{"start":{"line":54,"column":45},"end":{"line":54,"column":66}}]},"18":{"type":"branch","line":58,"loc":{"start":{"line":58,"column":27},"end":{"line":88,"column":5}},"locations":[{"start":{"line":58,"column":27},"end":{"line":88,"column":5}}]},"19":{"type":"branch","line":61,"loc":{"start":{"line":61,"column":17},"end":{"line":61,"column":47}},"locations":[{"start":{"line":61,"column":17},"end":{"line":61,"column":47}}]},"20":{"type":"branch","line":61,"loc":{"start":{"line":61,"column":39},"end":{"line":61,"column":65}},"locations":[{"start":{"line":61,"column":39},"end":{"line":61,"column":65}}]},"21":{"type":"branch","line":63,"loc":{"start":{"line":63,"column":6},"end":{"line":69,"column":53}},"locations":[{"start":{"line":63,"column":6},"end":{"line":69,"column":53}}]},"22":{"type":"branch","line":64,"loc":{"start":{"line":64,"column":69},"end":{"line":65,"column":48}},"locations":[{"start":{"line":64,"column":69},"end":{"line":65,"column":48}}]},"23":{"type":"branch","line":65,"loc":{"start":{"line":65,"column":10},"end":{"line":65,"column":48}},"locations":[{"start":{"line":65,"column":10},"end":{"line":65,"column":48}}]},"24":{"type":"branch","line":65,"loc":{"start":{"line":65,"column":43},"end":{"line":66,"column":46}},"locations":[{"start":{"line":65,"column":43},"end":{"line":66,"column":46}}]},"25":{"type":"branch","line":66,"loc":{"start":{"line":66,"column":10},"end":{"line":66,"column":46}},"locations":[{"start":{"line":66,"column":10},"end":{"line":66,"column":46}}]},"26":{"type":"branch","line":66,"loc":{"start":{"line":66,"column":36},"end":{"line":67,"column":49}},"locations":[{"start":{"line":66,"column":36},"end":{"line":67,"column":49}}]},"27":{"type":"branch","line":67,"loc":{"start":{"line":67,"column":10},"end":{"line":67,"column":49}},"locations":[{"start":{"line":67,"column":10},"end":{"line":67,"column":49}}]},"28":{"type":"branch","line":67,"loc":{"start":{"line":67,"column":38},"end":{"line":68,"column":49}},"locations":[{"start":{"line":67,"column":38},"end":{"line":68,"column":49}}]},"29":{"type":"branch","line":68,"loc":{"start":{"line":68,"column":10},"end":{"line":68,"column":49}},"locations":[{"start":{"line":68,"column":10},"end":{"line":68,"column":49}}]},"30":{"type":"branch","line":68,"loc":{"start":{"line":68,"column":38},"end":{"line":69,"column":53}},"locations":[{"start":{"line":68,"column":38},"end":{"line":69,"column":53}}]},"31":{"type":"branch","line":69,"loc":{"start":{"line":69,"column":20},"end":{"line":69,"column":53}},"locations":[{"start":{"line":69,"column":20},"end":{"line":69,"column":53}}]},"32":{"type":"branch","line":71,"loc":{"start":{"line":71,"column":28},"end":{"line":87,"column":5}},"locations":[{"start":{"line":71,"column":28},"end":{"line":87,"column":5}}]},"33":{"type":"branch","line":72,"loc":{"start":{"line":72,"column":30},"end":{"line":77,"column":7}},"locations":[{"start":{"line":72,"column":30},"end":{"line":77,"column":7}}]},"34":{"type":"branch","line":78,"loc":{"start":{"line":78,"column":30},"end":{"line":82,"column":7}},"locations":[{"start":{"line":78,"column":30},"end":{"line":82,"column":7}}]},"35":{"type":"branch","line":84,"loc":{"start":{"line":84,"column":26},"end":{"line":84,"column":63}},"locations":[{"start":{"line":84,"column":26},"end":{"line":84,"column":63}}]},"36":{"type":"branch","line":85,"loc":{"start":{"line":85,"column":6},"end":{"line":86,"column":42}},"locations":[{"start":{"line":85,"column":6},"end":{"line":86,"column":42}}]},"37":{"type":"branch","line":97,"loc":{"start":{"line":97,"column":17},"end":{"line":105,"column":4}},"locations":[{"start":{"line":97,"column":17},"end":{"line":105,"column":4}}]},"38":{"type":"branch","line":98,"loc":{"start":{"line":98,"column":14},"end":{"line":104,"column":5}},"locations":[{"start":{"line":98,"column":14},"end":{"line":104,"column":5}}]},"39":{"type":"branch","line":100,"loc":{"start":{"line":100,"column":36},"end":{"line":101,"column":28}},"locations":[{"start":{"line":100,"column":36},"end":{"line":101,"column":28}}]},"40":{"type":"branch","line":148,"loc":{"start":{"line":148,"column":39},"end":{"line":152,"column":23}},"locations":[{"start":{"line":148,"column":39},"end":{"line":152,"column":23}}]},"41":{"type":"branch","line":151,"loc":{"start":{"line":151,"column":40},"end":{"line":151,"column":60}},"locations":[{"start":{"line":151,"column":40},"end":{"line":151,"column":60}}]},"42":{"type":"branch","line":151,"loc":{"start":{"line":151,"column":49},"end":{"line":151,"column":63}},"locations":[{"start":{"line":151,"column":49},"end":{"line":151,"column":63}}]},"43":{"type":"branch","line":164,"loc":{"start":{"line":164,"column":46},"end":{"line":167,"column":23}},"locations":[{"start":{"line":164,"column":46},"end":{"line":167,"column":23}}]},"44":{"type":"branch","line":179,"loc":{"start":{"line":179,"column":27},"end":{"line":182,"column":23}},"locations":[{"start":{"line":179,"column":27},"end":{"line":182,"column":23}}]},"45":{"type":"branch","line":194,"loc":{"start":{"line":194,"column":47},"end":{"line":197,"column":23}},"locations":[{"start":{"line":194,"column":47},"end":{"line":197,"column":23}}]},"46":{"type":"branch","line":206,"loc":{"start":{"line":206,"column":22},"end":{"line":206,"column":70}},"locations":[{"start":{"line":206,"column":22},"end":{"line":206,"column":70}}]},"47":{"type":"branch","line":209,"loc":{"start":{"line":209,"column":26},"end":{"line":212,"column":23}},"locations":[{"start":{"line":209,"column":26},"end":{"line":212,"column":23}}]},"48":{"type":"branch","line":211,"loc":{"start":{"line":211,"column":35},"end":{"line":211,"column":46}},"locations":[{"start":{"line":211,"column":35},"end":{"line":211,"column":46}}]},"49":{"type":"branch","line":258,"loc":{"start":{"line":258,"column":29},"end":{"line":292,"column":15}},"locations":[{"start":{"line":258,"column":29},"end":{"line":292,"column":15}}]},"50":{"type":"branch","line":267,"loc":{"start":{"line":267,"column":35},"end":{"line":267,"column":64}},"locations":[{"start":{"line":267,"column":35},"end":{"line":267,"column":64}}]},"51":{"type":"branch","line":270,"loc":{"start":{"line":270,"column":25},"end":{"line":270,"column":46}},"locations":[{"start":{"line":270,"column":25},"end":{"line":270,"column":46}}]},"52":{"type":"branch","line":274,"loc":{"start":{"line":274,"column":25},"end":{"line":274,"column":53}},"locations":[{"start":{"line":274,"column":25},"end":{"line":274,"column":53}}]},"53":{"type":"branch","line":279,"loc":{"start":{"line":279,"column":59},"end":{"line":279,"column":78}},"locations":[{"start":{"line":279,"column":59},"end":{"line":279,"column":78}}]},"54":{"type":"branch","line":281,"loc":{"start":{"line":281,"column":49},"end":{"line":281,"column":69}},"locations":[{"start":{"line":281,"column":49},"end":{"line":281,"column":69}}]},"55":{"type":"branch","line":281,"loc":{"start":{"line":281,"column":59},"end":{"line":281,"column":75}},"locations":[{"start":{"line":281,"column":59},"end":{"line":281,"column":75}}]}},"b":{"0":[3],"1":[0],"2":[0],"3":[2],"4":[2],"5":[0],"6":[0],"7":[0],"8":[0],"9":[0],"10":[0],"11":[2],"12":[1],"13":[3],"14":[2],"15":[32],"16":[2],"17":[32],"18":[3],"19":[2],"20":[1],"21":[29],"22":[3],"23":[0],"24":[3],"25":[0],"26":[3],"27":[0],"28":[3],"29":[0],"30":[3],"31":[2],"32":[1],"33":[0],"34":[0],"35":[0],"36":[0],"37":[1],"38":[1],"39":[0],"40":[10],"41":[1],"42":[9],"43":[21],"44":[16],"45":[15],"46":[1],"47":[7],"48":[0],"49":[3],"50":[0],"51":[0],"52":[0],"53":[0],"54":[0],"55":[0]},"fnMap":{"0":{"name":"TeamsPage","decl":{"start":{"line":32,"column":7},"end":{"line":313,"column":1}},"loc":{"start":{"line":32,"column":7},"end":{"line":313,"column":1}},"line":32},"1":{"name":"update","decl":{"start":{"line":97,"column":17},"end":{"line":105,"column":4}},"loc":{"start":{"line":97,"column":17},"end":{"line":105,"column":4}},"line":97},"2":{"name":"clear","decl":{"start":{"line":107,"column":16},"end":{"line":107,"column":36}},"loc":{"start":{"line":107,"column":16},"end":{"line":107,"column":36}},"line":107},"3":{"name":"onChange","decl":{"start":{"line":136,"column":22},"end":{"line":136,"column":65}},"loc":{"start":{"line":136,"column":22},"end":{"line":136,"column":65}},"line":136},"4":{"name":"onChange","decl":{"start":{"line":145,"column":22},"end":{"line":145,"column":68}},"loc":{"start":{"line":145,"column":22},"end":{"line":145,"column":68}},"line":145},"5":{"name":"onChange","decl":{"start":{"line":161,"column":22},"end":{"line":161,"column":70}},"loc":{"start":{"line":161,"column":22},"end":{"line":161,"column":70}},"line":161},"6":{"name":"onChange","decl":{"start":{"line":176,"column":22},"end":{"line":176,"column":71}},"loc":{"start":{"line":176,"column":22},"end":{"line":176,"column":71}},"line":176},"7":{"name":"onChange","decl":{"start":{"line":191,"column":22},"end":{"line":191,"column":71}},"loc":{"start":{"line":191,"column":22},"end":{"line":191,"column":71}},"line":191},"8":{"name":"onChange","decl":{"start":{"line":206,"column":22},"end":{"line":206,"column":70}},"loc":{"start":{"line":206,"column":22},"end":{"line":206,"column":70}},"line":206},"9":{"name":"onChange","decl":{"start":{"line":221,"column":22},"end":{"line":221,"column":68}},"loc":{"start":{"line":221,"column":22},"end":{"line":221,"column":68}},"line":221},"10":{"name":"onChange","decl":{"start":{"line":308,"column":20},"end":{"line":308,"column":61}},"loc":{"start":{"line":308,"column":20},"end":{"line":308,"column":61}},"line":308}},"f":{"0":3,"1":1,"2":0,"3":0,"4":0,"5":0,"6":0,"7":0,"8":1,"9":0,"10":0}}
}
